Using descriptive data from ../desc.

Document parameters:
	Doc. type  = Commentary
	Commentary = Siena
	Language   = Italian
	Pub. Year  = 1867
	Cantica    = 10-Inferno

::::::::::::::::::::::::::::::::::::::::::::
Preloading 02.e into ../staging/inf/02.
::::::::::::::::::::::::::::::::::::::::::::
Warning: overwriting existing output file ../staging/inf/02

Filtering 02.e...
Verifying ../staging/inf/02...

No Verification Errors.
-rw-r--r--   1 dante    dante      93282 Jul 19 12:01 ../staging/inf/02
Using descriptive data from ../desc.

Document parameters:
	Doc. type  = Commentary
	Commentary = Siena
	Language   = Italian
	Pub. Year  = 1867
	Cantica    = 10-Inferno

::::::::::::::::::::::::::::::::::::::::::::
Preloading 03.e into ../staging/inf/03.
::::::::::::::::::::::::::::::::::::::::::::
Warning: overwriting existing output file ../staging/inf/03

Filtering 03.e...
Verifying ../staging/inf/03...

No Verification Errors.
-rw-r--r--   1 dante    dante      90463 Jul 19 12:01 ../staging/inf/03
Using descriptive data from ../desc.

Document parameters:
	Doc. type  = Commentary
	Commentary = Siena
	Language   = Italian
	Pub. Year  = 1867
	Cantica    = 10-Inferno

::::::::::::::::::::::::::::::::::::::::::::
Preloading 07.e into ../staging/inf/07.
::::::::::::::::::::::::::::::::::::::::::::
Warning: overwriting existing output file ../staging/inf/07

Filtering 07.e...
Verifying ../staging/inf/07...

No Verification Errors.
-rw-r--r--   1 dante    dante      94375 Jul 19 12:01 ../staging/inf/07
Using descriptive data from ../desc.

Document parameters:
	Doc. type  = Commentary
	Commentary = Siena
	Language   = Italian
	Pub. Year  = 1867
	Cantica    = 10-Inferno

::::::::::::::::::::::::::::::::::::::::::::
Preloading 11.e into ../staging/inf/11.
::::::::::::::::::::::::::::::::::::::::::::
Warning: overwriting existing output file ../staging/inf/11

Filtering 11.e...
Verifying ../staging/inf/11...

No Verification Errors.
-rw-r--r--   1 dante    dante      46558 Jul 19 12:01 ../staging/inf/11
Using descriptive data from ../desc.

Document parameters:
	Doc. type  = Commentary
	Commentary = Siena
	Language   = Italian
	Pub. Year  = 1867
	Cantica    = 10-Inferno

::::::::::::::::::::::::::::::::::::::::::::
Preloading 14.e into ../staging/inf/14.
::::::::::::::::::::::::::::::::::::::::::::
Warning: overwriting existing output file ../staging/inf/14

Filtering 14.e...
Verifying ../staging/inf/14...

No Verification Errors.
-rw-r--r--   1 dante    dante      48024 Jul 19 12:01 ../staging/inf/14
Using descriptive data from ../desc.

Document parameters:
	Doc. type  = Commentary
	Commentary = Siena
	Language   = Italian
	Pub. Year  = 1867
	Cantica    = 10-Inferno

::::::::::::::::::::::::::::::::::::::::::::
Preloading 15.e into ../staging/inf/15.
::::::::::::::::::::::::::::::::::::::::::::
Warning: overwriting existing output file ../staging/inf/15

Filtering 15.e...
Verifying ../staging/inf/15...

No Verification Errors.
-rw-r--r--   1 dante    dante      60627 Jul 19 12:01 ../staging/inf/15
Using descriptive data from ../desc.

Document parameters:
	Doc. type  = Commentary
	Commentary = Siena
	Language   = Italian
	Pub. Year  = 1867
	Cantica    = 10-Inferno

::::::::::::::::::::::::::::::::::::::::::::
Preloading 17.e into ../staging/inf/17.
::::::::::::::::::::::::::::::::::::::::::::
Warning: overwriting existing output file ../staging/inf/17

Filtering 17.e...
Verifying ../staging/inf/17...

No Verification Errors.
-rw-r--r--   1 dante    dante      70339 Jul 19 12:01 ../staging/inf/17
Using descriptive data from ../desc.

Document parameters:
	Doc. type  = Commentary
	Commentary = Siena
	Language   = Italian
	Pub. Year  = 1867
	Cantica    = 10-Inferno

::::::::::::::::::::::::::::::::::::::::::::
Preloading 21.e into ../staging/inf/21.
::::::::::::::::::::::::::::::::::::::::::::
Warning: overwriting existing output file ../staging/inf/21

Filtering 21.e...
Verifying ../staging/inf/21...

No Verification Errors.
-rw-r--r--   1 dante    dante      56917 Jul 19 12:01 ../staging/inf/21
Using descriptive data from ../desc.

Document parameters:
	Doc. type  = Commentary
	Commentary = Siena
	Language   = Italian
	Pub. Year  = 1867
	Cantica    = 10-Inferno

::::::::::::::::::::::::::::::::::::::::::::
Preloading 22.e into ../staging/inf/22.
::::::::::::::::::::::::::::::::::::::::::::
Warning: overwriting existing output file ../staging/inf/22

Filtering 22.e...
Verifying ../staging/inf/22...

No Verification Errors.
-rw-r--r--   1 dante    dante      82631 Jul 19 12:01 ../staging/inf/22
Using descriptive data from ../desc.

Document parameters:
	Doc. type  = Commentary
	Commentary = Siena
	Language   = Italian
	Pub. Year  = 1867
	Cantica    = 10-Inferno

::::::::::::::::::::::::::::::::::::::::::::
Preloading 23.e into ../staging/inf/23.
::::::::::::::::::::::::::::::::::::::::::::
Warning: overwriting existing output file ../staging/inf/23

Filtering 23.e...
Verifying ../staging/inf/23...

No Verification Errors.
-rw-r--r--   1 dante    dante      76655 Jul 19 12:01 ../staging/inf/23
Using descriptive data from ../desc.

Document parameters:
	Doc. type  = Commentary
	Commentary = Siena
	Language   = Italian
	Pub. Year  = 1867
	Cantica    = 10-Inferno

::::::::::::::::::::::::::::::::::::::::::::
Preloading 25.e into ../staging/inf/25.
::::::::::::::::::::::::::::::::::::::::::::
Warning: overwriting existing output file ../staging/inf/25

Filtering 25.e...
Verifying ../staging/inf/25...

No Verification Errors.
-rw-r--r--   1 dante    dante     128660 Jul 19 12:01 ../staging/inf/25
Using descriptive data from ../desc.

Document parameters:
	Doc. type  = Commentary
	Commentary = Siena
	Language   = Italian
	Pub. Year  = 1867
	Cantica    = 10-Inferno

::::::::::::::::::::::::::::::::::::::::::::
Preloading 28.e into ../staging/inf/28.
::::::::::::::::::::::::::::::::::::::::::::
Warning: overwriting existing output file ../staging/inf/28

Filtering 28.e...
Verifying ../staging/inf/28...

No Verification Errors.
-rw-r--r--   1 dante    dante     136429 Jul 19 12:01 ../staging/inf/28
Using descriptive data from ../desc.

Document parameters:
	Doc. type  = Commentary
	Commentary = Siena
	Language   = Italian
	Pub. Year  = 1867
	Cantica    = 10-Inferno

::::::::::::::::::::::::::::::::::::::::::::
Preloading 29.e into ../staging/inf/29.
::::::::::::::::::::::::::::::::::::::::::::
Warning: overwriting existing output file ../staging/inf/29

Filtering 29.e...
Verifying ../staging/inf/29...

No Verification Errors.
-rw-r--r--   1 dante    dante     131135 Jul 19 12:01 ../staging/inf/29
Using descriptive data from ../desc.

Document parameters:
	Doc. type  = Commentary
	Commentary = Siena
	Language   = Italian
	Pub. Year  = 1867
	Cantica    = 10-Inferno

::::::::::::::::::::::::::::::::::::::::::::
Preloading 30.e into ../staging/inf/30.
::::::::::::::::::::::::::::::::::::::::::::
Warning: overwriting existing output file ../staging/inf/30

Filtering 30.e...
Verifying ../staging/inf/30...

No Verification Errors.
-rw-r--r--   1 dante    dante     183654 Jul 19 12:01 ../staging/inf/30
Using descriptive data from ../desc.

Document parameters:
	Doc. type  = Commentary
	Commentary = Siena
	Language   = Italian
	Pub. Year  = 1867
	Cantica    = 10-Inferno

::::::::::::::::::::::::::::::::::::::::::::
Preloading 33.e into ../staging/inf/33.
::::::::::::::::::::::::::::::::::::::::::::
Warning: overwriting existing output file ../staging/inf/33

Filtering 33.e...
Verifying ../staging/inf/33...

No Verification Errors.
-rw-r--r--   1 dante    dante     312346 Jul 19 12:01 ../staging/inf/33
Using descriptive data from ../desc.

Document parameters:
	Doc. type  = Commentary
	Commentary = Siena
	Language   = Italian
	Pub. Year  = 1867
	Cantica    = 10-Inferno

::::::::::::::::::::::::::::::::::::::::::::
Preloading 34.e into ../staging/inf/34.
::::::::::::::::::::::::::::::::::::::::::::
Warning: overwriting existing output file ../staging/inf/34

Filtering 34.e...
Verifying ../staging/inf/34...

No Verification Errors.
-rw-r--r--   1 dante    dante     250871 Jul 19 12:01 ../staging/inf/34
