Abardo
Abati
abbracci
abbraccio
abbreviatio
abete
abiit
Abruzzi
abstulit
Abydos
abyssus
Accademia
Accardo
accarno
accedente
acceso
accidia
accidie
accidiosi
accingersi
accurs
acedia
Acedia
acerbo
Achan
Achan's
Acheron
Achille
Achilleid
acque
acrostico
actus
adamantem
Adamic
adiz
adorezza
Adrastus
Adrians
Adriatica
adulescentis
Aduram
adversus
advertence
ae
Aegisthus
aegris
Aegypto
ael
Aen
Aenean
Aeneas's
Aeneis
aestheticizing
aestimari
aeternam
aeternitatis
aeternum
Aethiopissa
affannata
Africanus
afterdeck
afterwards
afterworld
Aganippe
Agathon
agens
Aglauros
agli
agmen
agminis
Agnosco
Agnus
Ahasuerus
Ahasuerus's
ai
Ai
Aimeric
Aissi
ait
Akademie
al
Alagherii
Alagia
alatus
Alberigo
Alberti
Albertus
Alboino
albore
Alcidamas
Alcmaeon
alcun
alcuni
Aldobrandeschi
Aldobrandesco
Alecto
Alessandria
Alessio
Alfergano
Alfraganus
Alfraganus's
ali
aliam
alienis
aliger
Aliger
aligeri
Alighieris
aliquam
alla
all'aldil
all'altro
alle
Allegherii
allegoria
Allegorica
allegorizations
allegorize
allegorized
allegorizers
allegorizes
allegorizing
alleluiare
alleviare
allievi
all'interpretazione
All'ombra
allotria
allusivi
Almanach
alotting
alphabeti
alta
altera
Althaea
Althaea's
altissimis
altri
altrui
alz
ama
amare
amata
ambas
ambience
ambo
ambrosiae
Ambrosini
Americani
amicitia
amico
Amilcare
ammenda
Ammiraglio
ammirazione
ammonizioni
amoenus
amor
Amor
amore
Amore
amores
amori
Amorosa
Amphiaraus
Amphion
Anagni
analisi
Analitica
analyses
Anastagi
Anchises
ancider
Ancona
ancor
ancora
Ancora
Andr
Andreoli
angeli
angelo
angelology
Angiolieri
anima
animale
animalistic
animalium
Anjou
Annaeus
Annali
anni
anniversario
Annotationi
Anonimo
Anonimus
Anonymus
Antenor
Antenora
Antenore
antepurgatorial
antica
antichi
Antichi
antico
Antico
antipapal
antiphrasis
antiphrastically
antipurgatorium
antiquam
antomata
Antonelli
Antonelli's
Antonini
Anzio
Apennine
aperta
Apoc
Apocaliss
Apocalisse
Apocalittica
apocalypticism
apocopation
apostrophizes
apparere
apparire
appetition
appetitively
apprensiva
approfondimento
aprile
aptus
Apulia
Apulian
aquae
Aquilo
Aquilone
Arachne
Arachne's
Aragon
aratrum
Archemorus
Archiano
Ardissono
ardore
Areopagite
Aretine
Aretines
Arezzo
argento
Arimathea
Aristaeus
Arma
Arnault
Arnaut
Arnaut's
Arnolfo
Arrigo
ars
Ars
arte
arti
Arti
artificiose
artificiosis
Artinian
artisanship
Arvisu
Ashbery
Asopos
Asopus
aspectus
Asperges
aspiret
aspra
asseverations
assoluto
Astolfino
astor
Astraea
astronomica
astur
Asturia
Athen
atteggiamento
Atti
atto
aubade
auble
auctor
aum
aureus
auri
Auri
Aurigemma
aurorans
aurum
Auster
Austryn
autem
auterungsberg
Autogenesi
autore
Autorit
Avalle
avarizia
avea
Avegna
avendo
Averro
Aversano
Avignone
Avignonian
avis
avulso
azar
Azzo
Azzo's
azzurro
Babelic
babytalk
Babytalk
Bacchante
Bacci
Bagehot
Bagnacavallo
Bagno
Balaam
balba
Balboni's
balbus
Baldan
Baldelli
Baldelli's
Baldini
Balducci
ballata
Baranski
Baranski's
Barbera
Barberi
Barblan
Barkan
Barolini
Barolini's
Bartolommeo
Bartolommeo's
Bassano
basterna
Battaglia
battuto
Beatae
Beati
Beatitudine
beatitudini
Beatitudini
beatitudo
beato
Beatricean
Beckettian
bei
Belacqua
Belacqua's
Belaqua
Belardi
bella
bellezza
Bellezze
Bellinzona
bello
Bellomo
Bellomo's
Bels
ben
benedicite
benedicta
benedictus
Benedictus
benefacite
beneficiis
Benevento
benevolentiae
Benigni
Benincasa
Benincasa's
Benvenuto
Benvenuto's
Berenger
Bergamo
Bergin
Bergren
Bernardin
Bernardino
Berthold
Bertinoro
Bertolucci
Bertran
Bertuccioli
Besomi
biado
Bianchi
Bianchi's
Biasin
Bibbia
bibe
biblica
Bibliologia
biblioteca
Biblis
biform
Bigi
Bigongiari
Bildad's
Biliotti
Billanovich
bilocation
Bilt
binome
biscia
Bisogni
Bithynia
bivio
Blacatz
Blaisdell
Bocca
Boethian
Boethius
Boethius's
Boezio
Bolognese
Bolognesi
Bolsena
Bonacci
Bonagiunta
Bonagiunta's
Bonanno
Bonaventura
Bonavia
Bonconte
Bondone
Bonifazio
bonis
bonitatis
bono
bont
Bordighera
Borneil
Bornelh
Borriero
Borsiere
Bortolo
boschetto
Bosco
Bostoli
Botterill
Botterill's
bowmanship
Boyde
Brabant
Bracciolini
bramoso
Branca
Branca's
Breinin
Brepols
Brescia
Briareus
Brindisi
brolo
Brosse
Brownlee
Brugnoli
Brugnolo
Brunetto
Bruni
Buio
Bulletino
Bulzoni
buon
Buonaccorso
Buonconte
Buonconte's
burlesca
Buti
Buti's
Cacciaconti
Cacciaguida
Cacciaguida's
Cachey
Cachey's
cade
cadentem
Cadmo
caduta
Caecilius
caelo
caelum
Caesarean
Caetani
cagione
Caius
Calabri
Calabria
Calboli
Calenda
Callata
Calliopeus
calque
Calydon
Calydonian
Camaldoli
cambiamenti
Cambon
cammin
cammino
camo
Campagnatico
Campaldino
Campi
Cana
Canavese
Cangrande
cano
Cantando
cantar
cantava
canti
Canti
cantica
cantiche
Cantici
Cantico
canticum
canzone
canzoni
canzonieri
Capaneus
Capellanus
Capetian
Capeto
Cappelletti
captatio
capti
Capulets
cardine
caribo
carit
Carlovingian
Carlovingians
carne
Carolingians
carpando
Carpigna
carpone
Casa
Casagrande
Casale
Cascio
Casella
Casella's
Casentino
Caserta
Casimiri
Casini
caso
Cassata
Cassell
Cassero
Cassinese
Castalian
Castelfranco
castello
Castello
Castrocaro
casualit
Catania
catechumen
Catholicus
Catone
Catones
Catonis
Cattolica
Caunus
Cavalcante
Cavalcanti
Cavalcantian
cavalcantiane
Cavalcanti's
cavalieri
Cecchetti
Cecchini
Cecco
cecini
Cecrops
celebrative
cenni
cenno
censura
Centauri
centenario
centum
Cepraga
Cerbaia
cerchio
cerco
Cerfugnano
Ceri
certa
Certaldo
Cervigni
Cesari
Cesati
Cesena
Cesnola
cessano
Cestaro
ch'a
Chamberas
changeful
characterised
charge's
charitas
ch'avete
che
ched
Cherchi
ch'i
Chiamenti
Chiamenti's
Chiampi
Chiappelli
Chiari
Chiarini
chiasmus
Chiassi
chiastic
chiastically
Chiavacci
Chimenz
chinarsi
chiose
chiostra
Chiron
christiana
Christianus
Christological
Christum
Christus
ci
Ciapetta
Ciappetta
Ciccuto
ciel
cielo
ciglia
cima
Cimabue
Cimabue's
cingulum
Cino
Cino's
cinque
Cinquecento
Cioffari
Cioffi
Ciotti's
Cipriano
Circean
circuitionem
circuli
circum
citazioni
citharae
Citt
Ciucchino
civ
civili
Civilis
civitate
Classe
classensi
classica
classiche
classici
classicizing
classicus
clementiae
Cleopas
CLI
clus
Cocytus
Codice
coelo
Coeur
cofamiliars
cogis
Coglievina
coi
Colle
colloquio
colombi
Colonna
colore
Colossians
colpo
colui
Colwell
Comed
Comedia
comentum
comica
Commedia
commenti
commento
commettere
Commissione
comms
Comoedie
compilative
compl
Compline
composizione
comune
comuni
Concentus
concetto
concilia
concordius
concubina
Condon
conface
confessione
congaudent
congaudere
Congedo
Conio
Cono
Conosco
Conradin
conserva
conservo
conservus
Considerazioni
consiglia
Consiglio
consilium
consistoro
Consolatio
consolatione
consorte
Constans
contemplatives
Contessa
Conti
Contini
Contini's
continuit
contrapasso
contrastato
contributi
contritum
contro
Conv
convallium
convegno
Convegno
Conversionary
conversione
Convivio
cor
Cor
cordi
Corollario
coronated
corono
corpo
corporalem
Corrado
correre
Corsi
Corso
Corso's
cortesia
cortesie
cosa
cose
Cosenza
cosiddeta
cosiddetta
cosmo
Cosmologia
costa
Costantino
costinci
cotanto
cotidiana
cotitular
counterposing
counterthrust
Count's
Courtauld
Courtrai
Cracco
craftmanship
Crassus
Crassus's
creatura
creaturarum
Creazione
credere
credulitatem
Cremona
Creusa
Criseyde
Cristaldi
Cristaldi's
cristianesimo
Cristiani
cristiano
Cristoforo
critica
Critica
critici
critico
Crivelli
Cronica
cronista
cruce
crucifisso
Crucifixae
Crusca
Cudini
cultum
Cultura
Cumae
Cunizza
cupiditas
cura
Curfman
Curius
Currado
Currado's
Cursietti
Cursietti's
cursus
Curtius
custodiret
Cuzzilla
CXI
CXLVII
Cyrene
Cythera
Cytherea
da
Da
dabat
d'Adamo
dagli
d'Agobbio
dai
daim
dal
dalla
Dall'abbandono
dall'altra
Dalle
dall'uno
Damilano
d'Amor
d'amore
D'Ancona
D'Andrea
Daniello
Daniello's
Danilo
D'Anna
dans
dante
Dantean
Dantes
dantesca
Dantesca
dantesche
danteschi
Danteschi
dantesco
Dantesco
Dantis
Dantist
Dantists
D'Arco
d'arte
Das
datazione
d'Azzo
DcD
DDP
de
Deadalus
Debenedetti
debet
debiliter
debitum
Decameron
decessisse
declinari
Decretals
decreto
dedicata
dedicati
dedit
defeminization
defence
degli
dei
Dei
Deiphobus
del
Delcorno
delectabilia
delectasti
Delhaye
delicto
della
dell'allegoresi
dell'anima
dell'antica
dell'Arcadia
dell'Associazione
dell'Atene
delle
dell'episodio
dell'interpretare
dell'invettiva
dell'Istituto
dell'oro
dell'Ulisse
dell'umano
dell'Universit
Delos
d'Elsa
dem
Demaray
demittetur
Demogorgon
demonstratio
demum
denant
denaro
Dentatus
dentro
Deo
deorum
D'Epiro
deposita
der
derivationes
Deroy
des
descripto
deseruit
desine
despatched
d'Este
destino
det
Detheologizing
detto
deum
Deum
Deutsches
di
diaboli
dialogue
Dialogues
dicebat
Dicitonary
dicitore
dictu
dictus
diece
dietro
Dieu
diffundit
diffusum
dignitate
dignum
digressivus
DIL
Diligite
dimostrare
dinamiche
dindi
d'inferno
d'interpretazione
dintorni
Dio
DIO
Diomedes
Dionysius
Dipartimento
dipthong
DIQ
dir
direzione
dirigere
diritta
disattached
discesa
discessit
discrimen
disdegno
disdegnosa
disegno
diserto
disfigurment
disiecta
disio
dislagarsi
dismalare
disposando
disse
disseration
dissidio
dissimilia
distentio
Distentio
distillati
d'Italia
d'italianistica
d'Italianistica
Dite
divagation
divagations
divario
diversa
divina
Divina
Divinia
divino
divinus
divum
dixi
dixit
Dizionario
DLI
d'o
d'oc
doctrina
documentarie
Documenti
Documentum
Doglia
doglie
d'ogne
Doktorw
dolce
Dolce
dolcezza
Dolcezza
dolci
dolentes
dolore
dominum
Dominus
Domitianus
Domiziano
domus
Donati
Donatus
Donec
donna
donne
Donno
dono
doppia
d'or
dormendo
dormis
d'Orso
Doryclus
dottore
dov
D'Ovidio
Drizza
Dronke
duas
Duca
Duca's
Duccio
duces
Duecento
dumbshow
Dumol
d'un
Duomo
dura
Durling
DUX
Dve
DXLIX
DXV
eamus
EBDSA
Ebin
ecce
Ecce
ecclesia
ecclesiastico
Ecclesiasticus
ecco
echiffrement
echt
ecieuses
Ecl
Economou
Edenic
edie
Editoriale
editoriali
Editrice
Edizioni
Edoardo
ee
Egl
ei
Einaudi
eine
eines
eius
ejus
ekphrasis
Ekphrasis
ekphrastic
Elementa
Elicona
ella
Eloi
eloquentia
elsewise
Elsheikh
emblematized
Emmaus
Emmerson
Empoli
emulous
Enarratio
Enarrationes
Enciclopedia
encomia
Ene
Enea
enim
enimvero
Enna
Enneads
Ensenhamen
entrare
Enzo
eo
Ephialtes
epidosio
Epirus
episodi
Epist
Epistola
erard
erat
Erat
Ercole
erigord
Eriphyle
Eriphyle's
Eritone
Erlangung
Ermenegildo
ermeneutico
errorless
Erysichthon
esegetiche
esemplastic
Esperienze
esperto
Esposito
Esposizione
essa
esse
esser
essercito
Essidueil
essilio
estatica
Este
esthetic
esuriunt
Eteocles
eternam
eternitatis
etes
etico
etrique
ETS
etterna
etterno
Etym
Etymol
etymologized
etymologizing
eu
eum
Euneus
Eunoe
Eunoe's
europea
Eurydicen
Evae
Evander
evangel
evangeliche
eventum
evigilare
exalbare
exaltabitur
exaltat
examplary
excelsis
exegetes
exempla
exemplarity
exemplorum
Exemplum
Exilic
existunt
exitu
exordium
expositio
Expositio
extasis
extollite
ezard
ezard's
Ezek
Ezio
Ezzelino
Ezzelino's
Fabbri
fabbrica
Fabbrizio
Fabbro
Fabricius
Fabricius's
faccia
facciata
facedown
facemmo
faciem
Facolt
Facta
factum
Faenza
Faggiuola
fai
Fakult
Fallani
Fallani's
fallo
falsa
falsit
Falterona
Fano
fante
Fantolini
Fantolinian
Farfarello
faria
Farinata
Farinata's
Fasani
fastings
fata
fatale
fatte
fattore
Fausto
Favati
favello
Favia
favore
favourite
Fazio
fecisti
fecit
Feconde
fedele
Fedele
Federici
Federigo
Federigo's
Feiss
Feliciana
feminized
femmina
femminetta
Fengler
fenomenologia
Fenzi
Fergusson
ferm
fermo
Ferrante
Ferruolo
festeggiandosi
festinatione
feu
fiamma
Fiammazzo
Fictio
fictionibus
fidei
Fieschi
fiet
figlia
figlio
figliuole
figmenta
figura
Figuralism
figuralismo
figurat
figurations
Fili
filia
filii
Filippeschi
Filocolo
filologia
Filologia
filologiche
filosofia
Filosofia
fingit
finibus
fior
Fiore
Fiorentino
Fiorentino's
Firenze
Firmina
fiume
flagrante
Flamini
flammae
flatteries
Flavius
flecti
fleshliness
floridum
Floro
Florus
fluctus
flumina
flumine
Fo
foedissima
foetida
Folco
Folco's
Folena
folgoreggiando
folle
follia
Fondora
fons
fonte
Fonzo
Forese
Forese's
forgiveneness
Forl
forma
forme
Formen
former's
fortitudo
fortuna
Fortuna
Fortunatus
forz
Fosca
Fosco
fossa
fosse
fra
Fra
francescani
Franceschetti
Franceschino
Francese
Francis's
Frasca
frate
Frati
Freccero
frecciata
freddo
fremisca
fren
freno
frigida
frigidus
Frigidus
fronte
Frugoni's
Frustra
Fucci
fuggian
fugiens
fugiente
fuit
Fulcieri
Fulcieri's
fulfilment
fulgur
fummo
Funda
Funktionen
funzionalit
fuori
Furio
furioso
Fusta
Gabrielis
Gadda
Gaia
Gaia's
gaio
Galatina
Galeazzo
galeoto
galeotto
Gallehault
Galletti
Gallimard
Gallura
Galluzzo
Gano
Garda
Garzanti
Gaudenti
gaudete
Gavazzeni
ge
Gebrauch
Gehon
gelato
gelide
gelidi
gematria
gemmology
generale
Generale
generatione
genere
generi
Genesi
gente
gentil
Gentili
gentucca
Gentucca
gentuccia
genuflexion
genuit
geomancer
geomancers
Geomancers
geometrici
Georgic
Georgics
Geradus
Gerusalemme
Gervase
Geryon
Geryon's
geste
Getto
Gherardesca
Ghibellines
Ghibellinism
Ghinibaldo
Ghino
Ghisalberti
gi
Giacalone
Giacalone's
giace
Giamatti
Giampietro
Gianciotto
Gianfranco
Giannantonio
Giardini
gigante
Gilboa
Gioacchino
giocosa
gioire
Giornale
giorno
giovanetti
Giovangualberto
Giovenale
Giovine
giovinetto
gira
Girault
Giraut
gittansi
gittar
Giubileo
Giuliano
giunco
Giunta
Giunti
giuoco
Giuseppina
Giusppe
giustizia
giusto
Glauco
Glending
Glendinning
gli
Gli
glor
gloria
gloriatur
glossator
glossators
Glucksberg's
Gmelin
Gmelin's
Goito
Goldhammer
Gorni
Goudet
Grabher
Grabher's
gradi
grado
gramina
grammaticali
gran
Grande
Grandgent
Grandgent's
gratia
Gratian's
gratissima
gratulanter
grazia
Grazie
Graziella
Great's
Gresti
Griffiths
grifone
Grimaldi
Grlic
grober
Groos
Groppi
Gru
Gryphon
Guardaci
guardando
Guardiani
Gubbio
Guccio
Guelf
Guelfs
Guelphs
guerra
Guerri
Guerri's
guida
Guida
guidatore
guide's
guidi
Guidi
Guidos
Guinizelli
Guinizzelli
Guinizzelli's
Guittone
Guittone's
guizza
guizzare
gurdy
habeat
habent
habentes
habet
Habsburg
Hackeborn
haec
Haec
hai
Hallberg
Hallock
hamo
hanc
hanno
hapax
Hapax
Hardie
Hardt
hatband
Heffernan
Heil
Heilbronn
Heilbronn's
Heinsius
Helice
Heliodorus
hendecasyllabic
hermaphroditism
Heroides
Herse
Herse's
Het
hetero
hewn
Hexaemeron
Hic
hierocrat
hierocrats
Hilaire
Hippocrene
Hippodamia
Historia
Historiae
historiated
historischen
hoboes
Hodie
Holofernes
Homerless
homines
homoerotic
honesta
honestas
honestatem
Honoris
Honour
horas
horrisono
Hous
huius
Huius
humanistes
humanistica
Humanistica
Humanitas
humiliabitur
humiliat
humiliatio
humilitatis
hurdy
hydrography
Hydrography
Hypsipyle
ia
iacitur
Iacopone
iades
iam
Iannucci
Iarbas's
iata
ico
iconografia
Iconographical
iconographically
ida
ideologica
idest
idolo
iental
ienza
il
Il
Ildebrando
Iliadic
Iliescu
illa
illam
ille
Ille
illius
illo
illud
illum
illuminator
illustres
IM
imaginar
imaginatio
imaginativa
imaginazione
imitar
Immaginare
immaginazione
Immo
Imola
Imola's
impii
imprese
ina
Inauguraldissertation
Incarnational
Inchiesta
incipit
inclinentur
incontro
indaco
indico
individua
inebriato
Inferi
inferni
infideles
infreddata
ingegno
ingeniis
ingenium
ingester
Inglese
inhonesto
inimicos
inimicus
innamorare
innamorata
inno
inpatiens
inquam
inscientiae
insegnamento
insidiosos
insistences
inspirasse
instalment
integro
intellecta
intellection
intellectus
intelletto
intendimento
intento
intenzione
internazionale
Internazionale
internazionali
interpretativa
interpretazione
Interpretazioni
interpreti
Intersezioni
Intertestualità
Intertextuality
intingere
intinto
intorno
Intorno
Introduzione
Introite
invidia
invocazioni
io
Ioan
Iob
Ioli
ione
ioso
Ippolit
ipsa
Ipse
ipsi
ira
irae
iratus
irreprehensible
iscripto
Ismenos
Ismenus
Isopsefi
ispanici
isplendor
Isr
ista
istinc
istinction
Istituti
ita
Italia
italiana
Italiana
italiane
Italiane
italiani
Italianistica
Italianness
Italica
Italicum
italienischen
italiennes
Italophile
Ite
Itinerari
itinerario
Itinerarium
itur
Itys
Iudicia
iugum
iunxit
iura
iustitia
iustitiam
iustus
ive
Ivi
Ixion
Jacoff
Jacopo
Jacopo's
Jahrbuch
Jairus's
Janan
jazzman
Jerusalemites
Jesu
Jesus's
Johannine
Judaeus
judaico
Judeo
Juris
Justitia
Juturna
kaiserlichen
Kallendorf
Kantorowicz
Karlheinz
Kaske
Kenelm
Kennerly
kingmaker
Kirkham
Kirkham's
Kleiner
Kleinhenz
Klett
knowlege
Komik
Kommentar
Korah
laborem
Laches
Lactantius
Laetabitur
laetam
l'Aggregazioni
lagrimando
lagrime
L'alambicco
L'Alighieri
Lambertazzi
lamma
l'amore
l'amoros
Lampades
l'anafonesi
Lancia
Landino
Landino's
L'angariatissimo
Langia
langue
Lans
l'antica
l'antico
Lanza
Lapithae
Lapiths
Lapo
l'Apocalypse
l'apocrifia
l'appetito
L'Arciere
larga
l'arme
l'arte
L'arte
L'Astrologia
l'astronomia
Laterina
Laterza
lati
Latians
latina
Latini
Latini's
Latinus
Latinus's
Latium
latius
Latona
l'audaci
laudamus
laudato
Laudato
laude
Laude
Laudes
laurea
lauri
Lavagna
l'Avent
le
Lecce
lectura
Lectura
Ledda
leftness
legenda
Legenda
legno
Legomena
Lemnian
Lemnos
l'empio
l'enfas
L'enigma
Lentini
Leonardi
L'Epistola
Lerici
Lerida
l'esegesi
letam
Letem
l'eterna
Lettera
letterari
letteraria
letterarie
letterario
letterarum
letteratura
Letteratura
letterature
Lettere
Letterio
L'etterno
lettre
lettura
Lettura
letture
Letture
leu
lev
levante
levare
Levavasseur
Levenstein
Levitan
Lewiston
li
Libanti
libello
liberavit
libert
libertatis
Libreria
libro
Libro
Licentius
Licinius
l'idea
Liguori
Liguria
Ligurian
lilium
Lilium
liminal
Lincei
L'incontro
Lindheim
linea
lingue
linguistica
Linguistica
linguistici
L'inno
Lippo
liquefacit
liquidum
Liri
lirici
litore
litoreas
liturgici
liturgico
Liviana
Livio
Lizio
LNQ
loc
locuzioni
Loffredo
loglio
Lombardo
Lombardo's
Lombardus
longa
l'ongla
Longo
loquax
lor
L'orazione
L'ordine
L'origine
loro
l'oro
Louvain
L'Ovidio
Lucan
Lucanian
Lucano
Lucan's
Lucca
Lucchese
Lucchesi
luce
lucerna
luci
lucido
Lucifero
lucis
ludic
LUE
LUEIM
lugent
l'umanesimo
lume
lumi
lumina
lumine
lunga
Lungo
Lunigiana
lupa
lupo
lusinghe
Luxograph
LVE
lxiii
LXXVI
lxxvii
lxxviii
LXXX
LXXXIX
LXXXVII
m'abellis
Macrobian
m'addormentai
Maeder
Maffeo
Magdeburg
m'aggia
maggio
Maghinardo
magis
Magister
Magliata
Magna
Magnae
magno
magnus
Magnus
Magra
Mainardi
maior
mal
mala
maladetto
Malaspina
Malato
Malebolge
mali
maligno
malizia
Mallin
malorum
malvagio
Malvicini
mamma
Mancato
Mandello
Manfredi
Mangieri
Mangona
mani
Manica
Manichees
maniera
manoscritta
Manto
mantoana
Mantua
Mantuan
Mantuan's
manum
manus
maraviglia
marca
Marcellusque
Marchese
Marchesi
Marchesino
Maremma
Margherita
margine
Mariae
marino
Marinoni
Mariotti
Mariotti's
m'arma
Marmor
marquisate
Marsilia
Marsilio
Martello
Martianus
Martinelli
martirio
Marzot
Marzucco
Marzucco's
Massagetae
Mastrobuono
materia
Mattalia
mattino
maxima
Maximus
Mazzamuto
Mazzeo
Mazzeo's
Mazzoni
Mazzoni's
Mazzotta
Mazzotta's
McElroy
mea
Mechthild
mediaeval
Mediaeval
Mediaevalia
medicinae
medievale
medievali
Medievalia
Medievalis
Medin
medio
medioevo
Medioevo
mediolatina
mediolatini
Meiner
Melangolo
Meleager
Mellen
membra
membre
membro
membrum
membruto
memoria
Memoria
memorie
Mengaldo
Menichetti
mensura
mente
mentis
mento
Meo
meos
m'era
merce
Mercuri
Merovingian
Mersch
messaggiero
messianismo
Messina
messo
Mestica
Metafora
metaliterary
Metam
metamorfosi
Metelda
Metellus
metet
Mezentius
Mezzadroli
Midianites
miglior
Milano
Milella
militance
Militant's
militibus
mille
millenium
Mincio
Mineo
Miniato
ministerio
ministro
minori
mio
Mio
mirabile
miscomprehension
Misenus
miserabile
miseram
miserere
Miserere
misteriosa
mistica
misurar
mit
Mitescu
miti
mito
Moab
modello
Modena
Moderno
modicae
modo
modum
Moevs
Mohammed
Molay
Moleta
Momigliano
Momigliano's
Monaldeschi
Monarchia
monco
Mondadori
mondi
mondo
Monferrato
Monnier
Montagna
Montagues
montana
Montanari
montanaro
montaninis
Montano
Montaperti
monte
Montecassino
Montecchi
Montefeltro
Monteleone
Montepulciano
Montone
morali
Moralia
moralit
moralmente
Morla
mormorare
mormorava
Moroello
Morpurgo
morta
mortale
mortali
mortalia
mortalibus
morte
mortem
morti
mortuae
Moses's
Mostrando
moto
mountainman
mountainquake
Mucchi
Mugello
Muglia
mulier
Mulino
multa
mundana
mundi
Muresu
Musa
Musaeus
Musa's
musica
musicisti
musicus
Mussafia
Mussetter
Musumarra
Mutans
mutata
myrte
Myshkin's
na
Nachtigall
nacque
Naiadi
n'andaro
Nannucci
Nannucci's
Napoleone
Napoletana
Nardi
Nardi's
naris
narrativa
narratore
nascitur
nascose
Natalino
Natascia
nati
Natura
Navarre
Nazianzus's
Nazionale
ne
Neapolitana
nec
necromanzia
negghienza
negligente
nei
neis
nel
Nel
nella
Nella
nell'Antepurgatorio
nell'Antipurgatorio
nelle
nell'et
nell'opera
nell'ultimo
Nemea
Nemo
Nencia
neolatina
Neolatina
neolatine
Neophilologus
Neoplatonist
Neoplatonists
nepotistic
neque
Neri
nicchia
Nichomachean
Nicolae
Nicomedes
Nikolaes
nineness
Nino
Nino's
Ninus
nipote
nnamorata
nnanellata
nobile
nobilt
nobis
noctibus
noctis
nodo
Nogaret
noi
nol
noli
nolite
nome
nomen
nomina
nominatus
nomm
nona
norma
Normale
northcentric
northernizer's
nostra
nota
Nota
notare
Noterella
novamque
nove
novelle
Novello
novembre
novo
novum
nox
Noyer
nozione
nubent
nulli
nullo
numeri
numero
nunc
Nunc
nunquam
nuova
Nuova
Nuove
Nuovi
nuovo
Nuovo
Obizzo
oblivia
obscuritate
obstipuit
obstiterit
occitanici
oculis
oculos
Oderisi
Oderisi's
oderunt
odo
odorem
Oelsner
offences
offertes
offerti
officiis
Officiis
ogne
ogni
oitanico
Olschki
oltraterreni
omaggio
Omaggio
Omberto
Omberto's
ombra
Ombra
ombre
omnia
omnium
omo
oneiric
onesta
onestade
Onesti
onesto
Onesto
onig
onlookers's
onore
operaretur
operazione
opere
Opere
operis
Operosa
ora
oratore
Orbicciani
orbis
Orbis
Ordelaffi
ordine
ordinem
Ordiway's
ordo
orezza
organi
organo
Orgogliosi
Oriaco
Oriago
origini
ornamenti
Oro
Orodes
Orosius
Orosius's
Orsanmichele
Orso
Orvieto
osanna
Osanna
oscura
Osservazioni
Ossola
Ostia
ote
otium
Ottaviano
Ottavio
Ottimo
Ottimo's
ottobre
Ottobuono
Ottokar
outsized
ov
Ov
Overardi
overpolite
Ovidian
Ovidio
ovine
ovrare
ovvero
Pacchioni
pacem
Padoan
Padoan's
Padova
Padua
Paduans
paedagogus
Pagani
Pagano
paganos
Paget
Pagliaro
paia
Paideia
Palazzo
palindromatic
palinode
Palinode
Palinurus
Palinurus's
Pallas
pallida
Palma
palmas
palme
pandimus
panduntur
panem
Panzacchi's
Paolazzi
Paolucci
paor
Paparelli
Paparelli's
Papinius
pappo
paradisal
paradiso
Paradiso
Paralipomeni
parallelo
Paratore
parea
Parens
Parenti
Parenti's
parere
pargoletta
pargolette
pargoletto
parlare
parola
parr
parte
partem
Parthenope
Parthian
Parthians
Particolari
parva
parve
Pascoli
pascua
Pasero
Pasipha
pasquale
Pasquazi
Pasquazi's
Pasquini
passaggio
Passerini
passi
passionally
pasti
pastorella
pastourelle
pasturella
patristica
patrium
Patrologia
patrum
Paulus
pax
Pax
paz
peccata
pectora
pedagogo
pedes
Pedrone
Peeters
Pegis
Pegis's
Pegoretti
Peguilhan
Peirone
Pellegrini
Pelorus
pencilling
penitent's
pennatorum
penne
pensamen
pensamento
pense
pensiero
Pensiero
Peraldo
Peraldus
Peraldus's
percorso
perdere
perdita
pereat
peregrinante
peregrinatio
peregrino
Perella
performative
periphrastically
permanente
Perrin
perse
Persius
personaggio
personalness
Pertile
Pertile's
Perugi
petit
Petrarca
Petrie
Petrine
Petrocchi
Petrocchi's
petrose
Petrose
Petrus
Pettinagno
Pettinaio
pettine
petto
Phaedo
Phaedrus
phantasia
phantasy
Phars
Pharsalia
philologie
Philomel
Philomela
Philomythes
philosophiae
philosophisch
Philosophischen
Philosphy
Phison
Phlegethon
Phlegyas
Phlegyas's
Phoebus
piacer
piacque
piaga
piagne
piana
piangere
Piccarda
picchia
Picchio
picciol
Picone
piedi
Piera
Piero
Piero's
Pierotti
pierres
Pierus
piet
pietas
Pietola
Pietramala
Pietrobono
Pietropaolo
Pietrro
Pieve
pigrizia
Pila
Pinchard
Pino
Pino's
pio
Pionpino
Piritho
Pisan
Pisans
Pistelli
Pistoia
Pistoia's
Pizzorno
Pizzorusso
planh
planius
planus
plazer
plenitudinem
plenitudo
Plexippus
plough
ploughing
pluie
Plumptre
Plutus
Plutus's
PMLA
poco
podest
Podest
poema
Poema
poes
poesia
poesie
poeta
Poeta
poetae
poetar
poetarum
poete
poeti
Poeti
poetica
poeticizing
poetico
poetria
Poggio
Poggioli
polemica
Polenta
Polentani
Poletto
Poletto's
Policraticus
poligrafici
Polisemanticit
polital
politica
Poliziano
Poliziano's
Polycletus
Polydorus
Polymnestor
Polynices
polyphonically
Polysynchrony
Pompeo
Ponta
Ponte
Pontius
pontus
poopdeck
poppe
populos
Porcelli
Porciano
Porcius
Porena
Porena's
portae
portas
Portirelli
Portirelli's
poscit
posizione
possanza
possessio
possibile
possibili
possidet
postpurgatorium
potant
pote
potentia
potenze
potest
Potiphar's
Poulle
Poulle's
Pozzuoli
practised
praecordia
Prata
praticasti
Pratomagno
pre
precando
Precisazioni
prega
preghiera
prehumanist
prelapsarian
preludio
Premessa
prendea
prepurgation
Presenze
presso
pressura
presunta
prevenient
pria
pridefulness
prima
Primasius
Primavera
primizie
primo
Primo
primum
Primum
primus
princeps
Principi
priorum
probabiliter
problemi
Problemi
procedere
processione
processo
Procne
Procne's
prodigality's
Profacio
Profacius's
Profetismo
profezia
profila
progenies
Programma
Progressione
prolegomenon
proleptically
prologo
proluvies
propagginazione
Prophacius
propos
proposito
Proposta
propter
Proserpina
Proserpina's
prosimetrum
prospettiva
Prospezioni
proterve
proto
Proto
Protonoe
protos
proven
Proven
provenzale
Provenzan
Provenzano's
provinciarum
provincie
Ps
Psalmos
pseudosimile
Pubblicazioni
publica
public's
Publius
pulchritudo
puppis
pur
Purg
purgationem
purgatoriale
purgatorio
Purgatorio
purgatorium
purgazione
puttana
Pylades
Pyramus
Pyramus's
Pyrrhus
qq
Quaderni
quae
Quae
quaedam
quaerebamus
quaerere
quaest
Quaglio
quale
Quale
quam
quanto
Quattrocento
que
quella
questa
questione
Questioni
quetare
quetato
Quevedo
qui
quia
quies
quindici
quinta
quivi
quod
Quod
quomodo
quoniam
quosdam
quotidianum
Rabuse
Raccolta
raccontato
Raffa
Raffaele
ragion
ragiona
ragionare
ragione
Ragni
Rahab
Raimondi
Rajna
Rajna's
rami
ramogna
rapaces
Raphaelite
rapide
rapporti
Rapporti
rapporto
raptus
rapuere
rari
rasa
raso
Rassegna
Ravenna
Reale
reca
recte
redate
redating
redazione
reddebant
redditur
redeunt
redimat
redit
redoings
referebant
reflorescent
regendering
Regensburg
regge
reggere
reggi
reggimenti
Reggio
Reggio's
Regis
regna
regno
regolati
Rehoboam
reinterpretazione
reliquit
remi
Remo
rempaira
Rende
Rendiconti
Renucci
Renucci's
Renzo
reperti
respiciens
respieit
respirare
respiratione
resurrective
rete
reverdie
rhetor
rhetoricized
ri
Ribeyrac
Ricci
Ricciardi
Ricciardo
ricerche
richiamo
Ricklin
riconquistata
ricordo
rido
Riflessioni
Rigo
Rigon
rilettura
rima
rimase
rimendo
Rimini
rimondo
rinascimento
Rinier
Rinieri
Rinieri's
rio
ripae
ripetizioni
Riphaean
Ripheus
risponder
ritene
rito
Rito
ritorno
ritrosa
ritrovata
rituale
riva
Rivista
rivus
roadless
Robertis
rocco
Romagna
Romam
Romani
Romanic
romanica
romanza
romanze
romanzo
Romas
Romena
Romieu
Ronconi
Ronconi's
Rondine
Rossimpelo
rovescia
rovesciamento
rozzo
Rubaconte
Rubeis
Ruggero
Ruggieri
rugiada
rulership
ruolo
rura
rusticana
Rustico's
sabacthani
sacer
sacrae
Sacrement
sacrificio
sacro
Sadducees
saeclorum
Saffira
saggi
Saggi
saggio
Saggio
salientis
salire
Salmacis
salmi
Salsano
Salus
salutavit
salutis
Salvani
Salvano
salvations
salvatum
Sambin
San
sancta
Sanctis
sanguigno
Sanguineti
Sanguineti's
sanguis
Sansoni
Santafiora
Sant'Agostino
Santelli
santi
Santo
Santorre
sanza
Sapegno
Sapia
Sapia's
sapientia
Sapienza
Saracini
Sarolli
Sarteschi
Satanam
satirica
satisfactio
saturabuntur
Saturnia
Saverio
savia
saziare
Scala
Scaligera
Scaligeri
Scancarelli
Scartazzini
Scartazzini's
scemi
scender
sceptical
Scevola
scherza
scherzoso
schietti
schietto
Schnapp
Schochetto
Schreiben
Schwalbe
scialba
Scialenga
Sciarra
scientia
scienza
scienze
Scienze
scilicet
Scipionis
scoglio
scola
Scornigiani
Scorrano
screechings
scribendi
Scripta
scritta
Scritti
Scrittura
Scrivano
scrivere
scuola
Scuola
Scyros
se
seconda
secondo
secum
secundo
secundum
sed
Sed
sedeva
seeable
segni
segno
selva
selvatico
sem
Semantica
semantiche
seme
Seminario
seminaverit
semper
Semper
sempre
Senecan
seneschal
senettute
senis
senno
sensato
sensibile
senso
sententiosis
sentire
sento
Sepolcro
septem
sepulchro
ser
Ser
serena
sereno
s'ergea
Sergius
sermo
Sermones
Sermonti
serpit
Serravalle
Serravalle's
servetque
Servius's
sese
sestina
Sestos
sette
settentr
settimo
seu
Sewanee
sfida
Shankland
shaven
Shinar
Shoaf
Shoaf's
shorn
si
sia
siamo
sibi
Sichaeus
siciliani
sicut
sie
Siena
Sienese
signalled
significations
Silvae
silvam
silvano
silvas
Simboli
simbolica
simbolo
similetic
similitudine
simmetria
Simmetrie
Simonelli
Simoniaci
Simonides
simpy
sincrone
sinfonismo
s'io
Sirena
sirene
sirventese
sistema
Sistema
sitisti
sitiunt
Sitzungsberichte
sive
Slatkine
slega
smarrita
smarrito
snuck
soave
Societ
sociorum
sodisfaccia
sodisfar
sogni
sogno
soli
solingo
solis
solitus
sollicitus
soltanto
solutus
solverant
solverat
sommo
somnio
Somnium
somnusque
sonantem
sonno
sonnolento
soperchio
Sordello
Sordello's
Sordellus
sorpreso
sorrisi
sorriso
sostenere
Sotto
sovenha
sovverrebbe
sparrowhawks
Spazio
Speciale
specifica
spectacula
spera
sperare
spessa
Spillenger
spiritale
spiriti
spiritu
spirituales
spirituali
spiritualit
Spiritus
spirto
Spitzer
splendere
splendet
Spunti
squarci
Squarotti
Stabile
Standortbestimmung
Statian
Statius
Statiusrezeption
Statius's
statum
Stazio
Stefanini
stelle
Stelle
Stephany
Stephany's
stesso
Stierle
Stiffnecked
stil
Stil
stilnovisti
Stilnovo
stoners
stor
stordimento
Storey
storia
Storia
storiche
storico
storiografico
strega
stridentes
struttura
Struttura
strutture
studi
Studi
Studien
studiosus
Stull
stupore
Stupore
Sturm
su
Su
sua
suam
suavis
subit
sufficiat
sui
Suitner
sul
Sul
sull
sulla
Sumens
summa
Summa
Summae
Summus
sumptuary
sunt
suo
suoi
suol
suona
suono
superba
superbia
superbo
superbum
supersubstantialem
suppe
suppositii
Surgi
Surgite
Susinana
suum
Swango
swordstroke
Sychaeus
Sychaeus's
Syrinx
Taccia
Tacco
Tagliacozzo
tal
Tal
Talamone
talento
talpae
tamquam
Tandoi
tangere
tanti
tanto
tantum
Tanturli
tardi
tardo
tardus
Tarlati
Tarozzi's
Tartaro
Tartarus
tastare
te
tecnica
tecta
Telesa
telesano
Telesia
tema
temerariae
temo
tempi
Templari
Templars
temporality
tempore
temporis
temporum
tempus
Tempus
tendit
tenebre
tenesse
tenuis
tenutosi
tenzone
Tenzone
Teodolinda
teologia
tercet
tercets
Terentius
Tereus
terminous
terminum
terra
terrestre
Terrestre
terris
Tertio
terza
terzine
terzo
Teseo
testa
Testamento
testi
testo
Testo
testuale
tetragrammaton
Texten
Thapsus
Thaumas's
Theb
Thebaid
Theban
Thebans
Themis
theologiam
theologica
theologized
theologus
Theologus
Thetis
Thetis's
Thisbe
Thisbe's
Thoas
Thomas's
thornbush
thyine
thyinum
Thymbraeus
Tibor
tigna
Tignoso
Tillbury
Timaeus
timebound
timere
timor
tipologia
Tiresia
Tirrenia
Tithonus
Titone
Tobia
Todi
Toffanin
togliessi
Tollemache
tollis
Tolomei
tolosano
Tommaseo
Tommaseo's
Tomyris
Tonelli
topos
Toppo
Torraca
Torraca's
tortura
Toscano
tota
totius
toto
townsmen's
Toxeus
Tozer
tra
Tra
tractantibus
Traditio
tradizione
Tradizione
tradizioni
traduttore
tragedia
trangression
translatio
Trasfigurazione
Trask
trasmutai
Trattatello
tratto
Traversari
Traversaro
tre
tremulo
Trental
tres
Tresor
Trifon
Trinitate
Triolo
triones
trioni
trista
tristitia
Troad
trobar
Troilus
Trone
trop
tropological
tropologico
Tros
Trottmann
trova
Troxler
Trucchi
truncas
tu
tua
tucte
tue
tui
Tullio
tuo
tuono
turba
turbamque
turbato
Turbia
Turelli
Turicensis
Turnhout
Turnus
Turnus's
Tuscans
tuus
Tyre
uarto
Ubaldin
Ubaldini
Ubaldino
Ubertino
ubi
Uc
uca
uccel
uccellino
uccello
Uffizi
Ugolino
Ugolino's
Uguccione
Ulisse
Ulyssean
umana
umano
umbrae
umbram
Umgang
umile
UMILE
umorismo
un
Un
una
unabsolved
unallegorized
unam
uncaeque
unchallengeably
und
undenfall
undertood
undescribed
undique
Undivine
Une
unfallen
Un'ipotesi
Universit
universitario
unlake
unmedieval
unnoted
uno
unquemai
unriddling
unsins
untert
untinged
untranslatability
unum
unweeded
unwhitened
UOM
uomo
Urbinate
urde
usa
ut
Uticensis
Uzzah
Uzzah's
va
vaghe
Vagni's
vago
Valbona
valde
Valdelsa
Valdonega
Valerio
Valerius
Valerius's
Vallone
vana
Vandelli
Vandelli's
vaneggiai
vanit
Vanitas
vapore
Varanini
varcai
Varius
Varro
Vasoli
Vasoli's
vasselage
Vaticana
Vaticano
Vazzana
Vecce
vecchi
veder
vedere
vedessi
vedete
vegno
velame
vele
Vellutello
Vellutello's
velo
velorum
veltro
Veltro
ven
Venantius
venenum
Venerean
veneta
Veneto
veneziano
veni
Veni
venit
Venite
venne
venner
venti
ventottesimo
ventris
Venturi's
ver
vera
verace
verae
veram
Verbaro
verborum
Vercelli
verde
vere
verecundia
verga
verghetta
Vergil
Vergilii
Vergilium
veri
Verifica
verisimile
veritatis
vermis
Vermis
vernacularization
Vernay
Vernazza
vero
versantque
vertute
Vescovini
vescovo
vespero
vesta
veste
vestigia
vestras
vestros
veteremque
veteris
vetula
Viaggi
viaggio
Vibo
Victorine
Victorinus
videre
viderit
videt
vieni
Vienne
vigilare
Vigna
Villafranca
villanello
Villani
villania
Villani's
Villeneuve
vince
vincenti
Vincenzo
Vinciana
Vinciguerra
vindictam
Vinum
vir
virga
Virgilian
Virgilii
virginei
virginiana
Virginis
Viridarium
virt
virtuosa
virtuosum
virtutem
virtutis
virumque
Visconti
Visconti's
visibile
visio
visione
Visione
viso
vitam
Viterbo
vitiorum
Vittore
Vivant
viventes
viver
vivere
VN
vobis
vocabat
voce
vocem
Voci
voglia
voglie
voi
Voi
volasser
volendo
voler
volere
volgari
volge
volnere
volo
volont
volucrum
VOM
vor
vorrei
vos
vostre
vox
Vox
Vrin
vulgare
vulgari
vulgata
vulpes
vultus
vuole
vv
VV
Warburg
Weidner
Wenceslaus
Wenzel
Wenzel's
Wetherbee
will's
Wissenschaften
Witte
Wlassics
Wolfson
wordly
worshipping
Wortes
writerly
XLII
Yales
Yeo
yronice
zaffiro
Zahl
zahr
Zai
Zanichelli
zara
Zenari
Zennaro
Zoar
zodiaco
zu
zum
zur
Zygmunt
