Using descriptive data from ../desc.

Document parameters:
	Doc. type  = Commentary
	Commentary = Buti
	Language   = Italian
	Pub. Year  = 1385-95
	Cantica    = 10-Inferno

::::::::::::::::::::::::::::::::::::::::::::
Preloading 01.e into ../staging/inf/01.
::::::::::::::::::::::::::::::::::::::::::::

Filtering 01.e...
Verifying ../staging/inf/01...
Line 739 length exceeded 255 character limit - inserting carriage return.

No Verification Errors.
-rw-r--r--   1 dante    dante      89931 Jan  4 15:15 ../staging/inf/01

::::::::::::::::::::::::::::::::::::::::::::
Preloading 02.e into ../staging/inf/02.
::::::::::::::::::::::::::::::::::::::::::::

Filtering 02.e...
Verifying ../staging/inf/02...

No Verification Errors.
-rw-r--r--   1 dante    dante      67498 Jan  4 15:15 ../staging/inf/02

::::::::::::::::::::::::::::::::::::::::::::
Preloading 03.e into ../staging/inf/03.
::::::::::::::::::::::::::::::::::::::::::::

Filtering 03.e...
Verifying ../staging/inf/03...

No Verification Errors.
-rw-r--r--   1 dante    dante      84231 Jan  4 15:15 ../staging/inf/03

::::::::::::::::::::::::::::::::::::::::::::
Preloading 04.e into ../staging/inf/04.
::::::::::::::::::::::::::::::::::::::::::::

Filtering 04.e...
Verifying ../staging/inf/04...
Line 750 length exceeded 255 character limit - inserting carriage return.

No Verification Errors.
-rw-r--r--   1 dante    dante      93584 Jan  4 15:15 ../staging/inf/04

::::::::::::::::::::::::::::::::::::::::::::
Preloading 05.e into ../staging/inf/05.
::::::::::::::::::::::::::::::::::::::::::::

Filtering 05.e...
Verifying ../staging/inf/05...
Line 948 length exceeded 255 character limit - inserting carriage return.

No Verification Errors.
-rw-r--r--   1 dante    dante      78712 Jan  4 15:15 ../staging/inf/05

::::::::::::::::::::::::::::::::::::::::::::
Preloading 06.e into ../staging/inf/06.
::::::::::::::::::::::::::::::::::::::::::::

Filtering 06.e...
Verifying ../staging/inf/06...

No Verification Errors.
-rw-r--r--   1 dante    dante      55858 Jan  4 15:15 ../staging/inf/06

::::::::::::::::::::::::::::::::::::::::::::
Preloading 07.e into ../staging/inf/07.
::::::::::::::::::::::::::::::::::::::::::::

Filtering 07.e...
Verifying ../staging/inf/07...

No Verification Errors.
-rw-r--r--   1 dante    dante      68769 Jan  4 15:15 ../staging/inf/07

::::::::::::::::::::::::::::::::::::::::::::
Preloading 08.e into ../staging/inf/08.
::::::::::::::::::::::::::::::::::::::::::::

Filtering 08.e...
Verifying ../staging/inf/08...

No Verification Errors.
-rw-r--r--   1 dante    dante      54945 Jan  4 15:15 ../staging/inf/08

::::::::::::::::::::::::::::::::::::::::::::
Preloading 09.e into ../staging/inf/09.
::::::::::::::::::::::::::::::::::::::::::::

Filtering 09.e...
Verifying ../staging/inf/09...
Line 848 length exceeded 255 character limit - inserting carriage return.

No Verification Errors.
-rw-r--r--   1 dante    dante      82491 Jan  4 15:15 ../staging/inf/09

::::::::::::::::::::::::::::::::::::::::::::
Preloading 10.e into ../staging/inf/10.
::::::::::::::::::::::::::::::::::::::::::::

Filtering 10.e...
Verifying ../staging/inf/10...

No Verification Errors.
-rw-r--r--   1 dante    dante      55414 Jan  4 15:15 ../staging/inf/10

::::::::::::::::::::::::::::::::::::::::::::
Preloading 11.e into ../staging/inf/11.
::::::::::::::::::::::::::::::::::::::::::::

Filtering 11.e...
Verifying ../staging/inf/11...

No Verification Errors.
-rw-r--r--   1 dante    dante      57823 Jan  4 15:15 ../staging/inf/11

::::::::::::::::::::::::::::::::::::::::::::
Preloading 12.e into ../staging/inf/12.
::::::::::::::::::::::::::::::::::::::::::::

Filtering 12.e...
Verifying ../staging/inf/12...

No Verification Errors.
-rw-r--r--   1 dante    dante      69963 Jan  4 15:15 ../staging/inf/12

::::::::::::::::::::::::::::::::::::::::::::
Preloading 13.e into ../staging/inf/13.
::::::::::::::::::::::::::::::::::::::::::::

Filtering 13.e...
Verifying ../staging/inf/13...
Line 725 length exceeded 255 character limit - inserting carriage return.

No Verification Errors.
-rw-r--r--   1 dante    dante      65303 Jan  4 15:15 ../staging/inf/13

::::::::::::::::::::::::::::::::::::::::::::
Preloading 14.e into ../staging/inf/14.
::::::::::::::::::::::::::::::::::::::::::::

Filtering 14.e...
Verifying ../staging/inf/14...
Line 733 length exceeded 255 character limit - inserting carriage return.

No Verification Errors.
-rw-r--r--   1 dante    dante      74748 Jan  4 15:15 ../staging/inf/14

::::::::::::::::::::::::::::::::::::::::::::
Preloading 15.e into ../staging/inf/15.
::::::::::::::::::::::::::::::::::::::::::::

Filtering 15.e...
Verifying ../staging/inf/15...
Maximum number of words for a sentence has been exceeded.
   Document Number 1,   Paragraph Label TEXT,   Input Line Number 866.
New sentence has been started for paragraph to avoid termination.

No Verification Errors.
-rw-r--r--   1 dante    dante      62145 Jan  4 15:15 ../staging/inf/15

::::::::::::::::::::::::::::::::::::::::::::
Preloading 16.e into ../staging/inf/16.
::::::::::::::::::::::::::::::::::::::::::::

Filtering 16.e...
Verifying ../staging/inf/16...
Line 532 length exceeded 255 character limit - inserting carriage return.

No Verification Errors.
-rw-r--r--   1 dante    dante      54423 Jan  4 15:15 ../staging/inf/16

::::::::::::::::::::::::::::::::::::::::::::
Preloading 17.e into ../staging/inf/17.
::::::::::::::::::::::::::::::::::::::::::::

Filtering 17.e...
Verifying ../staging/inf/17...

No Verification Errors.
-rw-r--r--   1 dante    dante      65620 Jan  4 15:15 ../staging/inf/17

::::::::::::::::::::::::::::::::::::::::::::
Preloading 18.e into ../staging/inf/18.
::::::::::::::::::::::::::::::::::::::::::::

Filtering 18.e...
Verifying ../staging/inf/18...
Line 562 length exceeded 255 character limit - inserting carriage return.

No Verification Errors.
-rw-r--r--   1 dante    dante      55069 Jan  4 15:15 ../staging/inf/18

::::::::::::::::::::::::::::::::::::::::::::
Preloading 19.e into ../staging/inf/19.
::::::::::::::::::::::::::::::::::::::::::::

Filtering 19.e...
Verifying ../staging/inf/19...
Line 26 length exceeded 255 character limit - inserting carriage return.

No Verification Errors.
-rw-r--r--   1 dante    dante      61315 Jan  4 15:15 ../staging/inf/19

::::::::::::::::::::::::::::::::::::::::::::
Preloading 20.e into ../staging/inf/20.
::::::::::::::::::::::::::::::::::::::::::::

Filtering 20.e...
Verifying ../staging/inf/20...
Line 581 length exceeded 255 character limit - inserting carriage return.

No Verification Errors.
-rw-r--r--   1 dante    dante      61479 Jan  4 15:15 ../staging/inf/20

::::::::::::::::::::::::::::::::::::::::::::
Preloading 21.e into ../staging/inf/21.
::::::::::::::::::::::::::::::::::::::::::::

Filtering 21.e...
Verifying ../staging/inf/21...
Line 25 length exceeded 255 character limit - inserting carriage return.
Maximum number of words for a sentence has been exceeded.
   Document Number 1,   Paragraph Label TEXT,   Input Line Number 375.
New sentence has been started for paragraph to avoid termination.

No Verification Errors.
-rw-r--r--   1 dante    dante      63399 Jan  4 15:15 ../staging/inf/21

::::::::::::::::::::::::::::::::::::::::::::
Preloading 22.e into ../staging/inf/22.
::::::::::::::::::::::::::::::::::::::::::::

Filtering 22.e...
Verifying ../staging/inf/22...
Line 547 length exceeded 255 character limit - inserting carriage return.

No Verification Errors.
-rw-r--r--   1 dante    dante      57467 Jan  4 15:15 ../staging/inf/22

::::::::::::::::::::::::::::::::::::::::::::
Preloading 23.e into ../staging/inf/23.
::::::::::::::::::::::::::::::::::::::::::::

Filtering 23.e...
Verifying ../staging/inf/23...
Line 664 length exceeded 255 character limit - inserting carriage return.

No Verification Errors.
-rw-r--r--   1 dante    dante      62053 Jan  4 15:15 ../staging/inf/23

::::::::::::::::::::::::::::::::::::::::::::
Preloading 24.e into ../staging/inf/24.
::::::::::::::::::::::::::::::::::::::::::::

Filtering 24.e...
Verifying ../staging/inf/24...
Maximum number of words for a sentence has been exceeded.
   Document Number 1,   Paragraph Label TEXT,   Input Line Number 244.
New sentence has been started for paragraph to avoid termination.
Line 729 length exceeded 255 character limit - inserting carriage return.
Maximum number of words for a sentence has been exceeded.
   Document Number 1,   Paragraph Label TEXT,   Input Line Number 957.
New sentence has been started for paragraph to avoid termination.

No Verification Errors.
-rw-r--r--   1 dante    dante      75261 Jan  4 15:15 ../staging/inf/24

::::::::::::::::::::::::::::::::::::::::::::
Preloading 25.e into ../staging/inf/25.
::::::::::::::::::::::::::::::::::::::::::::

Filtering 25.e...
Verifying ../staging/inf/25...
Line 701 length exceeded 255 character limit - inserting carriage return.
Maximum number of words for a sentence has been exceeded.
   Document Number 1,   Paragraph Label TEXT,   Input Line Number 903.
New sentence has been started for paragraph to avoid termination.

No Verification Errors.
-rw-r--r--   1 dante    dante      68089 Jan  4 15:15 ../staging/inf/25

::::::::::::::::::::::::::::::::::::::::::::
Preloading 26.e into ../staging/inf/26.
::::::::::::::::::::::::::::::::::::::::::::

Filtering 26.e...
Verifying ../staging/inf/26...
Maximum number of words for a sentence has been exceeded.
   Document Number 1,   Paragraph Label TEXT,   Input Line Number 467.
New sentence has been started for paragraph to avoid termination.
Maximum number of words for a sentence has been exceeded.
   Document Number 1,   Paragraph Label TEXT,   Input Line Number 520.
New sentence has been started for paragraph to avoid termination.
Line 775 length exceeded 255 character limit - inserting carriage return.
Maximum number of words for a sentence has been exceeded.
   Document Number 1,   Paragraph Label TEXT,   Input Line Number 1353.
New sentence has been started for paragraph to avoid termination.

No Verification Errors.
-rw-r--r--   1 dante    dante      68053 Jan  4 15:15 ../staging/inf/26

::::::::::::::::::::::::::::::::::::::::::::
Preloading 27.e into ../staging/inf/27.
::::::::::::::::::::::::::::::::::::::::::::

Filtering 27.e...
Verifying ../staging/inf/27...
Maximum number of words for a sentence has been exceeded.
   Document Number 1,   Paragraph Label TEXT,   Input Line Number 301.
New sentence has been started for paragraph to avoid termination.
Line 505 length exceeded 255 character limit - inserting carriage return.

No Verification Errors.
-rw-r--r--   1 dante    dante      53436 Jan  4 15:15 ../staging/inf/27

::::::::::::::::::::::::::::::::::::::::::::
Preloading 28.e into ../staging/inf/28.
::::::::::::::::::::::::::::::::::::::::::::

Filtering 28.e...
Verifying ../staging/inf/28...
Maximum number of words for a sentence has been exceeded.
   Document Number 1,   Paragraph Label TEXT,   Input Line Number 361.
New sentence has been started for paragraph to avoid termination.
Line 802 length exceeded 255 character limit - inserting carriage return.

No Verification Errors.
-rw-r--r--   1 dante    dante      70907 Jan  4 15:15 ../staging/inf/28

::::::::::::::::::::::::::::::::::::::::::::
Preloading 29.e into ../staging/inf/29.
::::::::::::::::::::::::::::::::::::::::::::

Filtering 29.e...
Verifying ../staging/inf/29...
Line 530 length exceeded 255 character limit - inserting carriage return.

No Verification Errors.
-rw-r--r--   1 dante    dante      58653 Jan  4 15:15 ../staging/inf/29

::::::::::::::::::::::::::::::::::::::::::::
Preloading 30.e into ../staging/inf/30.
::::::::::::::::::::::::::::::::::::::::::::

Filtering 30.e...
Verifying ../staging/inf/30...
Line 564 length exceeded 255 character limit - inserting carriage return.

No Verification Errors.
-rw-r--r--   1 dante    dante      61934 Jan  4 15:15 ../staging/inf/30

::::::::::::::::::::::::::::::::::::::::::::
Preloading 31.e into ../staging/inf/31.
::::::::::::::::::::::::::::::::::::::::::::

Filtering 31.e...
Verifying ../staging/inf/31...

No Verification Errors.
-rw-r--r--   1 dante    dante      56439 Jan  4 15:15 ../staging/inf/31

::::::::::::::::::::::::::::::::::::::::::::
Preloading 32.e into ../staging/inf/32.
::::::::::::::::::::::::::::::::::::::::::::

Filtering 32.e...
Verifying ../staging/inf/32...

No Verification Errors.
-rw-r--r--   1 dante    dante      58298 Jan  4 15:15 ../staging/inf/32

::::::::::::::::::::::::::::::::::::::::::::
Preloading 33.e into ../staging/inf/33.
::::::::::::::::::::::::::::::::::::::::::::

Filtering 33.e...
Verifying ../staging/inf/33...
Line 26 length exceeded 255 character limit - inserting carriage return.
Line 727 length exceeded 255 character limit - inserting carriage return.

No Verification Errors.
-rw-r--r--   1 dante    dante      59623 Jan  4 15:15 ../staging/inf/33

::::::::::::::::::::::::::::::::::::::::::::
Preloading 34.e into ../staging/inf/34.
::::::::::::::::::::::::::::::::::::::::::::

Filtering 34.e...
Verifying ../staging/inf/34...
Line 607 length exceeded 255 character limit - inserting carriage return.
Maximum number of words for a sentence has been exceeded.
   Document Number 1,   Paragraph Label TEXT,   Input Line Number 1004.
New sentence has been started for paragraph to avoid termination.

No Verification Errors.
-rw-r--r--   1 dante    dante      58192 Jan  4 15:15 ../staging/inf/34
