
Document parameters:
	Doc. type  = Description

::::::::::::::::::::::::::::::::::::::::::::
Preloading desc into staging/desc.
::::::::::::::::::::::::::::::::::::::::::::
Warning: overwriting existing output file staging/desc
Verifying staging/desc...

No Verification Errors.
-rw-r--r--   1 dante    dante        391 Mar 12 11:36 staging/desc
Using descriptive data from ../desc.

Document parameters:
	Doc. type  = Commentary
	Commentary = Cassinese
	Language   = Latin
	Pub. Year  = 1350-75[?]
	Cantica    = 10-Inferno

::::::::::::::::::::::::::::::::::::::::::::
Preloading 01.e into ../staging/inf/01.
::::::::::::::::::::::::::::::::::::::::::::
Warning: overwriting existing output file ../staging/inf/01

Filtering 01.e...
Verifying ../staging/inf/01...

No Verification Errors.
-rw-r--r--   1 dante    dante      74947 Mar 12 11:36 ../staging/inf/01

::::::::::::::::::::::::::::::::::::::::::::
Preloading 02.e into ../staging/inf/02.
::::::::::::::::::::::::::::::::::::::::::::
Warning: overwriting existing output file ../staging/inf/02

Filtering 02.e...
Verifying ../staging/inf/02...

No Verification Errors.
-rw-r--r--   1 dante    dante      67617 Mar 12 11:36 ../staging/inf/02

::::::::::::::::::::::::::::::::::::::::::::
Preloading 03.e into ../staging/inf/03.
::::::::::::::::::::::::::::::::::::::::::::
Warning: overwriting existing output file ../staging/inf/03

Filtering 03.e...
Verifying ../staging/inf/03...

No Verification Errors.
-rw-r--r--   1 dante    dante      63262 Mar 12 11:36 ../staging/inf/03

::::::::::::::::::::::::::::::::::::::::::::
Preloading 04.e into ../staging/inf/04.
::::::::::::::::::::::::::::::::::::::::::::
Warning: overwriting existing output file ../staging/inf/04

Filtering 04.e...
Verifying ../staging/inf/04...

No Verification Errors.
-rw-r--r--   1 dante    dante      72467 Mar 12 11:36 ../staging/inf/04

::::::::::::::::::::::::::::::::::::::::::::
Preloading 05.e into ../staging/inf/05.
::::::::::::::::::::::::::::::::::::::::::::
Warning: overwriting existing output file ../staging/inf/05

Filtering 05.e...
Verifying ../staging/inf/05...

No Verification Errors.
-rw-r--r--   1 dante    dante      64820 Mar 12 11:36 ../staging/inf/05

::::::::::::::::::::::::::::::::::::::::::::
Preloading 06.e into ../staging/inf/06.
::::::::::::::::::::::::::::::::::::::::::::
Warning: overwriting existing output file ../staging/inf/06

Filtering 06.e...
Verifying ../staging/inf/06...

No Verification Errors.
-rw-r--r--   1 dante    dante      57120 Mar 12 11:36 ../staging/inf/06

::::::::::::::::::::::::::::::::::::::::::::
Preloading 07.e into ../staging/inf/07.
::::::::::::::::::::::::::::::::::::::::::::
Warning: overwriting existing output file ../staging/inf/07

Filtering 07.e...
Verifying ../staging/inf/07...

No Verification Errors.
-rw-r--r--   1 dante    dante      62722 Mar 12 11:36 ../staging/inf/07

::::::::::::::::::::::::::::::::::::::::::::
Preloading 08.e into ../staging/inf/08.
::::::::::::::::::::::::::::::::::::::::::::
Warning: overwriting existing output file ../staging/inf/08

Filtering 08.e...
Verifying ../staging/inf/08...

No Verification Errors.
-rw-r--r--   1 dante    dante      56722 Mar 12 11:36 ../staging/inf/08

::::::::::::::::::::::::::::::::::::::::::::
Preloading 09.e into ../staging/inf/09.
::::::::::::::::::::::::::::::::::::::::::::
Warning: overwriting existing output file ../staging/inf/09

Filtering 09.e...
Verifying ../staging/inf/09...

No Verification Errors.
-rw-r--r--   1 dante    dante      26715 Mar 12 11:36 ../staging/inf/09

::::::::::::::::::::::::::::::::::::::::::::
Preloading 10.e into ../staging/inf/10.
::::::::::::::::::::::::::::::::::::::::::::
Warning: overwriting existing output file ../staging/inf/10

Filtering 10.e...
Verifying ../staging/inf/10...

No Verification Errors.
-rw-r--r--   1 dante    dante      12754 Mar 12 11:36 ../staging/inf/10

::::::::::::::::::::::::::::::::::::::::::::
Preloading 11.e into ../staging/inf/11.
::::::::::::::::::::::::::::::::::::::::::::
Warning: overwriting existing output file ../staging/inf/11

Filtering 11.e...
Verifying ../staging/inf/11...

No Verification Errors.
-rw-r--r--   1 dante    dante      20318 Mar 12 11:36 ../staging/inf/11

::::::::::::::::::::::::::::::::::::::::::::
Preloading 12.e into ../staging/inf/12.
::::::::::::::::::::::::::::::::::::::::::::
Warning: overwriting existing output file ../staging/inf/12

Filtering 12.e...
Verifying ../staging/inf/12...

No Verification Errors.
-rw-r--r--   1 dante    dante      19875 Mar 12 11:36 ../staging/inf/12

::::::::::::::::::::::::::::::::::::::::::::
Preloading 13.e into ../staging/inf/13.
::::::::::::::::::::::::::::::::::::::::::::
Warning: overwriting existing output file ../staging/inf/13

Filtering 13.e...
Verifying ../staging/inf/13...

No Verification Errors.
-rw-r--r--   1 dante    dante      18358 Mar 12 11:36 ../staging/inf/13

::::::::::::::::::::::::::::::::::::::::::::
Preloading 14.e into ../staging/inf/14.
::::::::::::::::::::::::::::::::::::::::::::
Warning: overwriting existing output file ../staging/inf/14

Filtering 14.e...
Verifying ../staging/inf/14...

No Verification Errors.
-rw-r--r--   1 dante    dante      20402 Mar 12 11:36 ../staging/inf/14

::::::::::::::::::::::::::::::::::::::::::::
Preloading 15.e into ../staging/inf/15.
::::::::::::::::::::::::::::::::::::::::::::
Warning: overwriting existing output file ../staging/inf/15

Filtering 15.e...
Verifying ../staging/inf/15...

No Verification Errors.
-rw-r--r--   1 dante    dante      15921 Mar 12 11:36 ../staging/inf/15

::::::::::::::::::::::::::::::::::::::::::::
Preloading 16.e into ../staging/inf/16.
::::::::::::::::::::::::::::::::::::::::::::
Warning: overwriting existing output file ../staging/inf/16

Filtering 16.e...
Verifying ../staging/inf/16...

No Verification Errors.
-rw-r--r--   1 dante    dante      13616 Mar 12 11:36 ../staging/inf/16

::::::::::::::::::::::::::::::::::::::::::::
Preloading 17.e into ../staging/inf/17.
::::::::::::::::::::::::::::::::::::::::::::
Warning: overwriting existing output file ../staging/inf/17

Filtering 17.e...
Verifying ../staging/inf/17...

No Verification Errors.
-rw-r--r--   1 dante    dante      14391 Mar 12 11:36 ../staging/inf/17

::::::::::::::::::::::::::::::::::::::::::::
Preloading 18.e into ../staging/inf/18.
::::::::::::::::::::::::::::::::::::::::::::
Warning: overwriting existing output file ../staging/inf/18

Filtering 18.e...
Verifying ../staging/inf/18...

No Verification Errors.
-rw-r--r--   1 dante    dante      10860 Mar 12 11:36 ../staging/inf/18

::::::::::::::::::::::::::::::::::::::::::::
Preloading 19.e into ../staging/inf/19.
::::::::::::::::::::::::::::::::::::::::::::
Warning: overwriting existing output file ../staging/inf/19

Filtering 19.e...
Verifying ../staging/inf/19...

No Verification Errors.
-rw-r--r--   1 dante    dante      16964 Mar 12 11:36 ../staging/inf/19

::::::::::::::::::::::::::::::::::::::::::::
Preloading 20.e into ../staging/inf/20.
::::::::::::::::::::::::::::::::::::::::::::
Warning: overwriting existing output file ../staging/inf/20

Filtering 20.e...
Verifying ../staging/inf/20...

No Verification Errors.
-rw-r--r--   1 dante    dante      17870 Mar 12 11:36 ../staging/inf/20

::::::::::::::::::::::::::::::::::::::::::::
Preloading 21.e into ../staging/inf/21.
::::::::::::::::::::::::::::::::::::::::::::
Warning: overwriting existing output file ../staging/inf/21

Filtering 21.e...
Verifying ../staging/inf/21...

No Verification Errors.
-rw-r--r--   1 dante    dante       8200 Mar 12 11:36 ../staging/inf/21

::::::::::::::::::::::::::::::::::::::::::::
Preloading 22.e into ../staging/inf/22.
::::::::::::::::::::::::::::::::::::::::::::
Warning: overwriting existing output file ../staging/inf/22

Filtering 22.e...
Verifying ../staging/inf/22...

No Verification Errors.
-rw-r--r--   1 dante    dante       1324 Mar 12 11:36 ../staging/inf/22

::::::::::::::::::::::::::::::::::::::::::::
Preloading 23.e into ../staging/inf/23.
::::::::::::::::::::::::::::::::::::::::::::
Warning: overwriting existing output file ../staging/inf/23

Filtering 23.e...
Verifying ../staging/inf/23...

No Verification Errors.
-rw-r--r--   1 dante    dante       6234 Mar 12 11:36 ../staging/inf/23

::::::::::::::::::::::::::::::::::::::::::::
Preloading 24.e into ../staging/inf/24.
::::::::::::::::::::::::::::::::::::::::::::
Warning: overwriting existing output file ../staging/inf/24

Filtering 24.e...
Verifying ../staging/inf/24...

No Verification Errors.
-rw-r--r--   1 dante    dante      14897 Mar 12 11:36 ../staging/inf/24

::::::::::::::::::::::::::::::::::::::::::::
Preloading 25.e into ../staging/inf/25.
::::::::::::::::::::::::::::::::::::::::::::
Warning: overwriting existing output file ../staging/inf/25

Filtering 25.e...
Verifying ../staging/inf/25...

No Verification Errors.
-rw-r--r--   1 dante    dante      22721 Mar 12 11:36 ../staging/inf/25

::::::::::::::::::::::::::::::::::::::::::::
Preloading 26.e into ../staging/inf/26.
::::::::::::::::::::::::::::::::::::::::::::
Warning: overwriting existing output file ../staging/inf/26

Filtering 26.e...
Verifying ../staging/inf/26...

No Verification Errors.
-rw-r--r--   1 dante    dante      19877 Mar 12 11:36 ../staging/inf/26

::::::::::::::::::::::::::::::::::::::::::::
Preloading 27.e into ../staging/inf/27.
::::::::::::::::::::::::::::::::::::::::::::
Warning: overwriting existing output file ../staging/inf/27

Filtering 27.e...
Verifying ../staging/inf/27...

No Verification Errors.
-rw-r--r--   1 dante    dante      16097 Mar 12 11:36 ../staging/inf/27

::::::::::::::::::::::::::::::::::::::::::::
Preloading 28.e into ../staging/inf/28.
::::::::::::::::::::::::::::::::::::::::::::
Warning: overwriting existing output file ../staging/inf/28

Filtering 28.e...
Verifying ../staging/inf/28...

No Verification Errors.
-rw-r--r--   1 dante    dante      27412 Mar 12 11:36 ../staging/inf/28

::::::::::::::::::::::::::::::::::::::::::::
Preloading 29.e into ../staging/inf/29.
::::::::::::::::::::::::::::::::::::::::::::
Warning: overwriting existing output file ../staging/inf/29

Filtering 29.e...
Verifying ../staging/inf/29...

No Verification Errors.
-rw-r--r--   1 dante    dante      21717 Mar 12 11:36 ../staging/inf/29

::::::::::::::::::::::::::::::::::::::::::::
Preloading 30.e into ../staging/inf/30.
::::::::::::::::::::::::::::::::::::::::::::
Warning: overwriting existing output file ../staging/inf/30

Filtering 30.e...
Verifying ../staging/inf/30...

No Verification Errors.
-rw-r--r--   1 dante    dante      14557 Mar 12 11:36 ../staging/inf/30

::::::::::::::::::::::::::::::::::::::::::::
Preloading 31.e into ../staging/inf/31.
::::::::::::::::::::::::::::::::::::::::::::
Warning: overwriting existing output file ../staging/inf/31

Filtering 31.e...
Verifying ../staging/inf/31...

No Verification Errors.
-rw-r--r--   1 dante    dante      13487 Mar 12 11:36 ../staging/inf/31

::::::::::::::::::::::::::::::::::::::::::::
Preloading 32.e into ../staging/inf/32.
::::::::::::::::::::::::::::::::::::::::::::
Warning: overwriting existing output file ../staging/inf/32

Filtering 32.e...
Verifying ../staging/inf/32...

No Verification Errors.
-rw-r--r--   1 dante    dante      17663 Mar 12 11:36 ../staging/inf/32

::::::::::::::::::::::::::::::::::::::::::::
Preloading 33.e into ../staging/inf/33.
::::::::::::::::::::::::::::::::::::::::::::
Warning: overwriting existing output file ../staging/inf/33

Filtering 33.e...
Verifying ../staging/inf/33...

No Verification Errors.
-rw-r--r--   1 dante    dante      11690 Mar 12 11:36 ../staging/inf/33

::::::::::::::::::::::::::::::::::::::::::::
Preloading 34.e into ../staging/inf/34.
::::::::::::::::::::::::::::::::::::::::::::
Warning: overwriting existing output file ../staging/inf/34

Filtering 34.e...
Verifying ../staging/inf/34...

No Verification Errors.
-rw-r--r--   1 dante    dante      13613 Mar 12 11:36 ../staging/inf/34
Using descriptive data from ../desc.

Document parameters:
	Doc. type  = Commentary
	Commentary = Cassinese
	Language   = Latin
	Pub. Year  = 1350-75[?]
	Cantica    = 20-Purgatorio

::::::::::::::::::::::::::::::::::::::::::::
Preloading 01.e into ../staging/purg/01.
::::::::::::::::::::::::::::::::::::::::::::
Warning: overwriting existing output file ../staging/purg/01

Filtering 01.e...
Verifying ../staging/purg/01...

No Verification Errors.
-rw-r--r--   1 dante    dante      34088 Mar 12 11:36 ../staging/purg/01

::::::::::::::::::::::::::::::::::::::::::::
Preloading 02.e into ../staging/purg/02.
::::::::::::::::::::::::::::::::::::::::::::
Warning: overwriting existing output file ../staging/purg/02

Filtering 02.e...
Verifying ../staging/purg/02...

No Verification Errors.
-rw-r--r--   1 dante    dante      20988 Mar 12 11:36 ../staging/purg/02

::::::::::::::::::::::::::::::::::::::::::::
Preloading 03.e into ../staging/purg/03.
::::::::::::::::::::::::::::::::::::::::::::
Warning: overwriting existing output file ../staging/purg/03

Filtering 03.e...
Verifying ../staging/purg/03...

No Verification Errors.
-rw-r--r--   1 dante    dante      20946 Mar 12 11:36 ../staging/purg/03

::::::::::::::::::::::::::::::::::::::::::::
Preloading 04.e into ../staging/purg/04.
::::::::::::::::::::::::::::::::::::::::::::
Warning: overwriting existing output file ../staging/purg/04

Filtering 04.e...
Verifying ../staging/purg/04...

No Verification Errors.
-rw-r--r--   1 dante    dante      21204 Mar 12 11:36 ../staging/purg/04

::::::::::::::::::::::::::::::::::::::::::::
Preloading 05.e into ../staging/purg/05.
::::::::::::::::::::::::::::::::::::::::::::
Warning: overwriting existing output file ../staging/purg/05

Filtering 05.e...
Verifying ../staging/purg/05...

No Verification Errors.
-rw-r--r--   1 dante    dante      21740 Mar 12 11:36 ../staging/purg/05

::::::::::::::::::::::::::::::::::::::::::::
Preloading 06.e into ../staging/purg/06.
::::::::::::::::::::::::::::::::::::::::::::
Warning: overwriting existing output file ../staging/purg/06

Filtering 06.e...
Verifying ../staging/purg/06...

No Verification Errors.
-rw-r--r--   1 dante    dante      18181 Mar 12 11:36 ../staging/purg/06

::::::::::::::::::::::::::::::::::::::::::::
Preloading 07.e into ../staging/purg/07.
::::::::::::::::::::::::::::::::::::::::::::
Warning: overwriting existing output file ../staging/purg/07

Filtering 07.e...
Verifying ../staging/purg/07...

No Verification Errors.
-rw-r--r--   1 dante    dante      23549 Mar 12 11:36 ../staging/purg/07

::::::::::::::::::::::::::::::::::::::::::::
Preloading 08.e into ../staging/purg/08.
::::::::::::::::::::::::::::::::::::::::::::
Warning: overwriting existing output file ../staging/purg/08

Filtering 08.e...
Verifying ../staging/purg/08...

No Verification Errors.
-rw-r--r--   1 dante    dante      18807 Mar 12 11:36 ../staging/purg/08

::::::::::::::::::::::::::::::::::::::::::::
Preloading 09.e into ../staging/purg/09.
::::::::::::::::::::::::::::::::::::::::::::
Warning: overwriting existing output file ../staging/purg/09

Filtering 09.e...
Verifying ../staging/purg/09...

No Verification Errors.
-rw-r--r--   1 dante    dante      23586 Mar 12 11:36 ../staging/purg/09

::::::::::::::::::::::::::::::::::::::::::::
Preloading 10.e into ../staging/purg/10.
::::::::::::::::::::::::::::::::::::::::::::
Warning: overwriting existing output file ../staging/purg/10

Filtering 10.e...
Verifying ../staging/purg/10...

No Verification Errors.
-rw-r--r--   1 dante    dante       9291 Mar 12 11:36 ../staging/purg/10

::::::::::::::::::::::::::::::::::::::::::::
Preloading 11.e into ../staging/purg/11.
::::::::::::::::::::::::::::::::::::::::::::
Warning: overwriting existing output file ../staging/purg/11

Filtering 11.e...
Verifying ../staging/purg/11...

No Verification Errors.
-rw-r--r--   1 dante    dante      22168 Mar 12 11:36 ../staging/purg/11

::::::::::::::::::::::::::::::::::::::::::::
Preloading 12.e into ../staging/purg/12.
::::::::::::::::::::::::::::::::::::::::::::
Warning: overwriting existing output file ../staging/purg/12

Filtering 12.e...
Verifying ../staging/purg/12...

No Verification Errors.
-rw-r--r--   1 dante    dante      18039 Mar 12 11:36 ../staging/purg/12

::::::::::::::::::::::::::::::::::::::::::::
Preloading 13.e into ../staging/purg/13.
::::::::::::::::::::::::::::::::::::::::::::
Warning: overwriting existing output file ../staging/purg/13

Filtering 13.e...
Verifying ../staging/purg/13...

No Verification Errors.
-rw-r--r--   1 dante    dante      10363 Mar 12 11:36 ../staging/purg/13

::::::::::::::::::::::::::::::::::::::::::::
Preloading 14.e into ../staging/purg/14.
::::::::::::::::::::::::::::::::::::::::::::
Warning: overwriting existing output file ../staging/purg/14

Filtering 14.e...
Verifying ../staging/purg/14...

No Verification Errors.
-rw-r--r--   1 dante    dante      22464 Mar 12 11:36 ../staging/purg/14

::::::::::::::::::::::::::::::::::::::::::::
Preloading 15.e into ../staging/purg/15.
::::::::::::::::::::::::::::::::::::::::::::
Warning: overwriting existing output file ../staging/purg/15

Filtering 15.e...
Verifying ../staging/purg/15...
Maximum number of words for a sentence has been exceeded.
   Document Number 1,   Paragraph Label TEXT,   Input Line Number 39.
New sentence has been started for paragraph to avoid termination.

No Verification Errors.
-rw-r--r--   1 dante    dante      18982 Mar 12 11:36 ../staging/purg/15

::::::::::::::::::::::::::::::::::::::::::::
Preloading 16.e into ../staging/purg/16.
::::::::::::::::::::::::::::::::::::::::::::
Warning: overwriting existing output file ../staging/purg/16

Filtering 16.e...
Verifying ../staging/purg/16...

No Verification Errors.
-rw-r--r--   1 dante    dante      17161 Mar 12 11:36 ../staging/purg/16

::::::::::::::::::::::::::::::::::::::::::::
Preloading 17.e into ../staging/purg/17.
::::::::::::::::::::::::::::::::::::::::::::
Warning: overwriting existing output file ../staging/purg/17

Filtering 17.e...
Verifying ../staging/purg/17...

No Verification Errors.
-rw-r--r--   1 dante    dante      25719 Mar 12 11:36 ../staging/purg/17

::::::::::::::::::::::::::::::::::::::::::::
Preloading 18.e into ../staging/purg/18.
::::::::::::::::::::::::::::::::::::::::::::
Warning: overwriting existing output file ../staging/purg/18

Filtering 18.e...
Verifying ../staging/purg/18...

No Verification Errors.
-rw-r--r--   1 dante    dante      27159 Mar 12 11:36 ../staging/purg/18

::::::::::::::::::::::::::::::::::::::::::::
Preloading 19.e into ../staging/purg/19.
::::::::::::::::::::::::::::::::::::::::::::
Warning: overwriting existing output file ../staging/purg/19

Filtering 19.e...
Verifying ../staging/purg/19...

No Verification Errors.
-rw-r--r--   1 dante    dante      18562 Mar 12 11:36 ../staging/purg/19

::::::::::::::::::::::::::::::::::::::::::::
Preloading 20.e into ../staging/purg/20.
::::::::::::::::::::::::::::::::::::::::::::
Warning: overwriting existing output file ../staging/purg/20

Filtering 20.e...
Verifying ../staging/purg/20...

No Verification Errors.
-rw-r--r--   1 dante    dante      23966 Mar 12 11:36 ../staging/purg/20

::::::::::::::::::::::::::::::::::::::::::::
Preloading 21.e into ../staging/purg/21.
::::::::::::::::::::::::::::::::::::::::::::
Warning: overwriting existing output file ../staging/purg/21

Filtering 21.e...
Verifying ../staging/purg/21...

No Verification Errors.
-rw-r--r--   1 dante    dante      18446 Mar 12 11:36 ../staging/purg/21

::::::::::::::::::::::::::::::::::::::::::::
Preloading 22.e into ../staging/purg/22.
::::::::::::::::::::::::::::::::::::::::::::
Warning: overwriting existing output file ../staging/purg/22

Filtering 22.e...
Verifying ../staging/purg/22...

No Verification Errors.
-rw-r--r--   1 dante    dante      24753 Mar 12 11:36 ../staging/purg/22

::::::::::::::::::::::::::::::::::::::::::::
Preloading 23.e into ../staging/purg/23.
::::::::::::::::::::::::::::::::::::::::::::
Warning: overwriting existing output file ../staging/purg/23

Filtering 23.e...
Verifying ../staging/purg/23...

No Verification Errors.
-rw-r--r--   1 dante    dante      10738 Mar 12 11:36 ../staging/purg/23

::::::::::::::::::::::::::::::::::::::::::::
Preloading 24.e into ../staging/purg/24.
::::::::::::::::::::::::::::::::::::::::::::
Warning: overwriting existing output file ../staging/purg/24

Filtering 24.e...
Verifying ../staging/purg/24...

No Verification Errors.
-rw-r--r--   1 dante    dante      25592 Mar 12 11:36 ../staging/purg/24

::::::::::::::::::::::::::::::::::::::::::::
Preloading 25.e into ../staging/purg/25.
::::::::::::::::::::::::::::::::::::::::::::
Warning: overwriting existing output file ../staging/purg/25

Filtering 25.e...
Verifying ../staging/purg/25...

No Verification Errors.
-rw-r--r--   1 dante    dante      35290 Mar 12 11:36 ../staging/purg/25

::::::::::::::::::::::::::::::::::::::::::::
Preloading 26.e into ../staging/purg/26.
::::::::::::::::::::::::::::::::::::::::::::
Warning: overwriting existing output file ../staging/purg/26

Filtering 26.e...
Verifying ../staging/purg/26...

No Verification Errors.
-rw-r--r--   1 dante    dante      15227 Mar 12 11:36 ../staging/purg/26

::::::::::::::::::::::::::::::::::::::::::::
Preloading 27.e into ../staging/purg/27.
::::::::::::::::::::::::::::::::::::::::::::
Warning: overwriting existing output file ../staging/purg/27

Filtering 27.e...
Verifying ../staging/purg/27...

No Verification Errors.
-rw-r--r--   1 dante    dante      20063 Mar 12 11:36 ../staging/purg/27

::::::::::::::::::::::::::::::::::::::::::::
Preloading 28.e into ../staging/purg/28.
::::::::::::::::::::::::::::::::::::::::::::
Warning: overwriting existing output file ../staging/purg/28

Filtering 28.e...
Verifying ../staging/purg/28...

No Verification Errors.
-rw-r--r--   1 dante    dante      22756 Mar 12 11:36 ../staging/purg/28

::::::::::::::::::::::::::::::::::::::::::::
Preloading 29.e into ../staging/purg/29.
::::::::::::::::::::::::::::::::::::::::::::
Warning: overwriting existing output file ../staging/purg/29

Filtering 29.e...
Verifying ../staging/purg/29...

No Verification Errors.
-rw-r--r--   1 dante    dante      30162 Mar 12 11:36 ../staging/purg/29

::::::::::::::::::::::::::::::::::::::::::::
Preloading 30.e into ../staging/purg/30.
::::::::::::::::::::::::::::::::::::::::::::
Warning: overwriting existing output file ../staging/purg/30

Filtering 30.e...
Verifying ../staging/purg/30...

No Verification Errors.
-rw-r--r--   1 dante    dante      27632 Mar 12 11:36 ../staging/purg/30

::::::::::::::::::::::::::::::::::::::::::::
Preloading 31.e into ../staging/purg/31.
::::::::::::::::::::::::::::::::::::::::::::
Warning: overwriting existing output file ../staging/purg/31

Filtering 31.e...
Verifying ../staging/purg/31...

No Verification Errors.
-rw-r--r--   1 dante    dante      25358 Mar 12 11:36 ../staging/purg/31

::::::::::::::::::::::::::::::::::::::::::::
Preloading 32.e into ../staging/purg/32.
::::::::::::::::::::::::::::::::::::::::::::
Warning: overwriting existing output file ../staging/purg/32

Filtering 32.e...
Verifying ../staging/purg/32...

No Verification Errors.
-rw-r--r--   1 dante    dante      31356 Mar 12 11:36 ../staging/purg/32

::::::::::::::::::::::::::::::::::::::::::::
Preloading 33.e into ../staging/purg/33.
::::::::::::::::::::::::::::::::::::::::::::
Warning: overwriting existing output file ../staging/purg/33

Filtering 33.e...
Verifying ../staging/purg/33...

No Verification Errors.
-rw-r--r--   1 dante    dante      24512 Mar 12 11:36 ../staging/purg/33
Using descriptive data from ../desc.

Document parameters:
	Doc. type  = Commentary
	Commentary = Cassinese
	Language   = Latin
	Pub. Year  = 1350-75[?]
	Cantica    = 30-Paradiso

::::::::::::::::::::::::::::::::::::::::::::
Preloading 01.e into ../staging/para/01.
::::::::::::::::::::::::::::::::::::::::::::
Warning: overwriting existing output file ../staging/para/01

Filtering 01.e...
Verifying ../staging/para/01...

No Verification Errors.
-rw-r--r--   1 dante    dante      48053 Mar 12 11:36 ../staging/para/01

::::::::::::::::::::::::::::::::::::::::::::
Preloading 02.e into ../staging/para/02.
::::::::::::::::::::::::::::::::::::::::::::
Warning: overwriting existing output file ../staging/para/02

Filtering 02.e...
Verifying ../staging/para/02...

No Verification Errors.
-rw-r--r--   1 dante    dante      47130 Mar 12 11:36 ../staging/para/02

::::::::::::::::::::::::::::::::::::::::::::
Preloading 03.e into ../staging/para/03.
::::::::::::::::::::::::::::::::::::::::::::
Warning: overwriting existing output file ../staging/para/03

Filtering 03.e...
Verifying ../staging/para/03...

No Verification Errors.
-rw-r--r--   1 dante    dante      14045 Mar 12 11:36 ../staging/para/03

::::::::::::::::::::::::::::::::::::::::::::
Preloading 04.e into ../staging/para/04.
::::::::::::::::::::::::::::::::::::::::::::
Warning: overwriting existing output file ../staging/para/04

Filtering 04.e...
Verifying ../staging/para/04...

No Verification Errors.
-rw-r--r--   1 dante    dante      33554 Mar 12 11:36 ../staging/para/04

::::::::::::::::::::::::::::::::::::::::::::
Preloading 05.e into ../staging/para/05.
::::::::::::::::::::::::::::::::::::::::::::
Warning: overwriting existing output file ../staging/para/05

Filtering 05.e...
Verifying ../staging/para/05...

No Verification Errors.
-rw-r--r--   1 dante    dante      25354 Mar 12 11:36 ../staging/para/05

::::::::::::::::::::::::::::::::::::::::::::
Preloading 06.e into ../staging/para/06.
::::::::::::::::::::::::::::::::::::::::::::
Warning: overwriting existing output file ../staging/para/06

Filtering 06.e...
Verifying ../staging/para/06...

No Verification Errors.
-rw-r--r--   1 dante    dante      47877 Mar 12 11:36 ../staging/para/06

::::::::::::::::::::::::::::::::::::::::::::
Preloading 07.e into ../staging/para/07.
::::::::::::::::::::::::::::::::::::::::::::
Warning: overwriting existing output file ../staging/para/07

Filtering 07.e...
Verifying ../staging/para/07...

No Verification Errors.
-rw-r--r--   1 dante    dante      39773 Mar 12 11:36 ../staging/para/07

::::::::::::::::::::::::::::::::::::::::::::
Preloading 08.e into ../staging/para/08.
::::::::::::::::::::::::::::::::::::::::::::
Warning: overwriting existing output file ../staging/para/08

Filtering 08.e...
Verifying ../staging/para/08...

No Verification Errors.
-rw-r--r--   1 dante    dante      38678 Mar 12 11:37 ../staging/para/08

::::::::::::::::::::::::::::::::::::::::::::
Preloading 09.e into ../staging/para/09.
::::::::::::::::::::::::::::::::::::::::::::
Warning: overwriting existing output file ../staging/para/09

Filtering 09.e...
Verifying ../staging/para/09...

No Verification Errors.
-rw-r--r--   1 dante    dante      38950 Mar 12 11:37 ../staging/para/09

::::::::::::::::::::::::::::::::::::::::::::
Preloading 10.e into ../staging/para/10.
::::::::::::::::::::::::::::::::::::::::::::
Warning: overwriting existing output file ../staging/para/10

Filtering 10.e...
Verifying ../staging/para/10...

No Verification Errors.
-rw-r--r--   1 dante    dante      29247 Mar 12 11:37 ../staging/para/10

::::::::::::::::::::::::::::::::::::::::::::
Preloading 11.e into ../staging/para/11.
::::::::::::::::::::::::::::::::::::::::::::
Warning: overwriting existing output file ../staging/para/11

Filtering 11.e...
Verifying ../staging/para/11...

No Verification Errors.
-rw-r--r--   1 dante    dante      29768 Mar 12 11:37 ../staging/para/11

::::::::::::::::::::::::::::::::::::::::::::
Preloading 12.e into ../staging/para/12.
::::::::::::::::::::::::::::::::::::::::::::
Warning: overwriting existing output file ../staging/para/12

Filtering 12.e...
Verifying ../staging/para/12...

No Verification Errors.
-rw-r--r--   1 dante    dante      37744 Mar 12 11:37 ../staging/para/12

::::::::::::::::::::::::::::::::::::::::::::
Preloading 13.e into ../staging/para/13.
::::::::::::::::::::::::::::::::::::::::::::
Warning: overwriting existing output file ../staging/para/13

Filtering 13.e...
Verifying ../staging/para/13...

No Verification Errors.
-rw-r--r--   1 dante    dante      33380 Mar 12 11:37 ../staging/para/13

::::::::::::::::::::::::::::::::::::::::::::
Preloading 14.e into ../staging/para/14.
::::::::::::::::::::::::::::::::::::::::::::
Warning: overwriting existing output file ../staging/para/14

Filtering 14.e...
Verifying ../staging/para/14...

No Verification Errors.
-rw-r--r--   1 dante    dante      23567 Mar 12 11:37 ../staging/para/14

::::::::::::::::::::::::::::::::::::::::::::
Preloading 15.e into ../staging/para/15.
::::::::::::::::::::::::::::::::::::::::::::
Warning: overwriting existing output file ../staging/para/15

Filtering 15.e...
Verifying ../staging/para/15...

No Verification Errors.
-rw-r--r--   1 dante    dante      30466 Mar 12 11:37 ../staging/para/15

::::::::::::::::::::::::::::::::::::::::::::
Preloading 16.e into ../staging/para/16.
::::::::::::::::::::::::::::::::::::::::::::
Warning: overwriting existing output file ../staging/para/16

Filtering 16.e...
Verifying ../staging/para/16...

No Verification Errors.
-rw-r--r--   1 dante    dante      36850 Mar 12 11:37 ../staging/para/16

::::::::::::::::::::::::::::::::::::::::::::
Preloading 17.e into ../staging/para/17.
::::::::::::::::::::::::::::::::::::::::::::
Warning: overwriting existing output file ../staging/para/17

Filtering 17.e...
Verifying ../staging/para/17...

No Verification Errors.
-rw-r--r--   1 dante    dante      24507 Mar 12 11:37 ../staging/para/17

::::::::::::::::::::::::::::::::::::::::::::
Preloading 18.e into ../staging/para/18.
::::::::::::::::::::::::::::::::::::::::::::
Warning: overwriting existing output file ../staging/para/18

Filtering 18.e...
Verifying ../staging/para/18...

No Verification Errors.
-rw-r--r--   1 dante    dante      24573 Mar 12 11:37 ../staging/para/18

::::::::::::::::::::::::::::::::::::::::::::
Preloading 19.e into ../staging/para/19.
::::::::::::::::::::::::::::::::::::::::::::
Warning: overwriting existing output file ../staging/para/19

Filtering 19.e...
Verifying ../staging/para/19...

No Verification Errors.
-rw-r--r--   1 dante    dante      33411 Mar 12 11:37 ../staging/para/19

::::::::::::::::::::::::::::::::::::::::::::
Preloading 20.e into ../staging/para/20.
::::::::::::::::::::::::::::::::::::::::::::
Warning: overwriting existing output file ../staging/para/20

Filtering 20.e...
Verifying ../staging/para/20...

No Verification Errors.
-rw-r--r--   1 dante    dante      28251 Mar 12 11:37 ../staging/para/20

::::::::::::::::::::::::::::::::::::::::::::
Preloading 21.e into ../staging/para/21.
::::::::::::::::::::::::::::::::::::::::::::
Warning: overwriting existing output file ../staging/para/21

Filtering 21.e...
Verifying ../staging/para/21...

No Verification Errors.
-rw-r--r--   1 dante    dante      19667 Mar 12 11:37 ../staging/para/21

::::::::::::::::::::::::::::::::::::::::::::
Preloading 22.e into ../staging/para/22.
::::::::::::::::::::::::::::::::::::::::::::
Warning: overwriting existing output file ../staging/para/22

Filtering 22.e...
Verifying ../staging/para/22...

No Verification Errors.
-rw-r--r--   1 dante    dante      23715 Mar 12 11:37 ../staging/para/22

::::::::::::::::::::::::::::::::::::::::::::
Preloading 23.e into ../staging/para/23.
::::::::::::::::::::::::::::::::::::::::::::
Warning: overwriting existing output file ../staging/para/23

Filtering 23.e...
Verifying ../staging/para/23...

No Verification Errors.
-rw-r--r--   1 dante    dante      16414 Mar 12 11:37 ../staging/para/23

::::::::::::::::::::::::::::::::::::::::::::
Preloading 24.e into ../staging/para/24.
::::::::::::::::::::::::::::::::::::::::::::
Warning: overwriting existing output file ../staging/para/24

Filtering 24.e...
Verifying ../staging/para/24...

No Verification Errors.
-rw-r--r--   1 dante    dante      26859 Mar 12 11:37 ../staging/para/24

::::::::::::::::::::::::::::::::::::::::::::
Preloading 25.e into ../staging/para/25.
::::::::::::::::::::::::::::::::::::::::::::
Warning: overwriting existing output file ../staging/para/25

Filtering 25.e...
Verifying ../staging/para/25...

No Verification Errors.
-rw-r--r--   1 dante    dante      29848 Mar 12 11:37 ../staging/para/25

::::::::::::::::::::::::::::::::::::::::::::
Preloading 26.e into ../staging/para/26.
::::::::::::::::::::::::::::::::::::::::::::
Warning: overwriting existing output file ../staging/para/26

Filtering 26.e...
Verifying ../staging/para/26...

No Verification Errors.
-rw-r--r--   1 dante    dante      32909 Mar 12 11:37 ../staging/para/26

::::::::::::::::::::::::::::::::::::::::::::
Preloading 27.e into ../staging/para/27.
::::::::::::::::::::::::::::::::::::::::::::
Warning: overwriting existing output file ../staging/para/27

Filtering 27.e...
Verifying ../staging/para/27...

No Verification Errors.
-rw-r--r--   1 dante    dante      30530 Mar 12 11:37 ../staging/para/27

::::::::::::::::::::::::::::::::::::::::::::
Preloading 28.e into ../staging/para/28.
::::::::::::::::::::::::::::::::::::::::::::
Warning: overwriting existing output file ../staging/para/28

Filtering 28.e...
Verifying ../staging/para/28...

No Verification Errors.
-rw-r--r--   1 dante    dante      14079 Mar 12 11:37 ../staging/para/28

::::::::::::::::::::::::::::::::::::::::::::
Preloading 29.e into ../staging/para/29.
::::::::::::::::::::::::::::::::::::::::::::
Warning: overwriting existing output file ../staging/para/29

Filtering 29.e...
Verifying ../staging/para/29...

No Verification Errors.
-rw-r--r--   1 dante    dante      28933 Mar 12 11:37 ../staging/para/29

::::::::::::::::::::::::::::::::::::::::::::
Preloading 30.e into ../staging/para/30.
::::::::::::::::::::::::::::::::::::::::::::
Warning: overwriting existing output file ../staging/para/30

Filtering 30.e...
Verifying ../staging/para/30...

No Verification Errors.
-rw-r--r--   1 dante    dante      31924 Mar 12 11:37 ../staging/para/30

::::::::::::::::::::::::::::::::::::::::::::
Preloading 31.e into ../staging/para/31.
::::::::::::::::::::::::::::::::::::::::::::
Warning: overwriting existing output file ../staging/para/31

Filtering 31.e...
Verifying ../staging/para/31...

No Verification Errors.
-rw-r--r--   1 dante    dante      21611 Mar 12 11:37 ../staging/para/31

::::::::::::::::::::::::::::::::::::::::::::
Preloading 32.e into ../staging/para/32.
::::::::::::::::::::::::::::::::::::::::::::
Warning: overwriting existing output file ../staging/para/32

Filtering 32.e...
Verifying ../staging/para/32...

No Verification Errors.
-rw-r--r--   1 dante    dante      33281 Mar 12 11:37 ../staging/para/32

::::::::::::::::::::::::::::::::::::::::::::
Preloading 33.e into ../staging/para/33.
::::::::::::::::::::::::::::::::::::::::::::
Warning: overwriting existing output file ../staging/para/33

Filtering 33.e...
Verifying ../staging/para/33...

No Verification Errors.
-rw-r--r--   1 dante    dante      28296 Mar 12 11:37 ../staging/para/33
