
Document parameters:
	Doc. type  = Description

::::::::::::::::::::::::::::::::::::::::::::
Preloading desc into staging/desc.
::::::::::::::::::::::::::::::::::::::::::::
Warning: overwriting existing output file staging/desc
Verifying staging/desc...

No Verification Errors.
-rw-r--r--   1 dante    dante        435 Mar 12 11:31 staging/desc
Using descriptive data from ../desc.

Document parameters:
	Doc. type  = Proemio
	Commentary = Boccaccio
	Language   = Italian
	Pub. Year  = 1373-75
	Cantica    = 10-Inferno

::::::::::::::::::::::::::::::::::::::::::::
Preloading access.e into ../staging/inf/access.
::::::::::::::::::::::::::::::::::::::::::::
Warning: overwriting existing output file ../staging/inf/access

Filtering access.e...
Verifying ../staging/inf/access...

No Verification Errors.
-rw-r--r--   1 dante    dante      34638 Mar 12 11:31 ../staging/inf/access
Using descriptive data from ../desc.

Document parameters:
	Doc. type  = Commentary
	Commentary = Boccaccio
	Language   = Italian
	Pub. Year  = 1373-75
	Cantica    = 10-Inferno

::::::::::::::::::::::::::::::::::::::::::::
Preloading 01.e into ../staging/inf/01.
::::::::::::::::::::::::::::::::::::::::::::
Warning: overwriting existing output file ../staging/inf/01

Filtering 01.e...
Verifying ../staging/inf/01...

No Verification Errors.
-rw-r--r--   1 dante    dante     183083 Mar 12 11:31 ../staging/inf/01

::::::::::::::::::::::::::::::::::::::::::::
Preloading 02.e into ../staging/inf/02.
::::::::::::::::::::::::::::::::::::::::::::
Warning: overwriting existing output file ../staging/inf/02

Filtering 02.e...
Verifying ../staging/inf/02...

No Verification Errors.
-rw-r--r--   1 dante    dante     121151 Mar 12 11:31 ../staging/inf/02

::::::::::::::::::::::::::::::::::::::::::::
Preloading 03.e into ../staging/inf/03.
::::::::::::::::::::::::::::::::::::::::::::
Warning: overwriting existing output file ../staging/inf/03

Filtering 03.e...
Verifying ../staging/inf/03...

No Verification Errors.
-rw-r--r--   1 dante    dante     105535 Mar 12 11:31 ../staging/inf/03

::::::::::::::::::::::::::::::::::::::::::::
Preloading 04.e into ../staging/inf/04.
::::::::::::::::::::::::::::::::::::::::::::
Warning: overwriting existing output file ../staging/inf/04

Filtering 04.e...
Verifying ../staging/inf/04...

No Verification Errors.
-rw-r--r--   1 dante    dante     346820 Mar 12 11:31 ../staging/inf/04

::::::::::::::::::::::::::::::::::::::::::::
Preloading 05.e into ../staging/inf/05.
::::::::::::::::::::::::::::::::::::::::::::
Warning: overwriting existing output file ../staging/inf/05

Filtering 05.e...
Verifying ../staging/inf/05...

No Verification Errors.
-rw-r--r--   1 dante    dante     157459 Mar 12 11:31 ../staging/inf/05

::::::::::::::::::::::::::::::::::::::::::::
Preloading 06.e into ../staging/inf/06.
::::::::::::::::::::::::::::::::::::::::::::
Warning: overwriting existing output file ../staging/inf/06

Filtering 06.e...
Verifying ../staging/inf/06...
Maximum number of words for a sentence has been exceeded.
   Document Number 1,   Paragraph Label TEXT,   Input Line Number 1690.
New sentence has been started for paragraph to avoid termination.

No Verification Errors.
-rw-r--r--   1 dante    dante     108222 Mar 12 11:31 ../staging/inf/06

::::::::::::::::::::::::::::::::::::::::::::
Preloading 07.e into ../staging/inf/07.
::::::::::::::::::::::::::::::::::::::::::::
Warning: overwriting existing output file ../staging/inf/07

Filtering 07.e...
Verifying ../staging/inf/07...

No Verification Errors.
-rw-r--r--   1 dante    dante     160366 Mar 12 11:31 ../staging/inf/07

::::::::::::::::::::::::::::::::::::::::::::
Preloading 08.e into ../staging/inf/08.
::::::::::::::::::::::::::::::::::::::::::::
Warning: overwriting existing output file ../staging/inf/08

Filtering 08.e...
Verifying ../staging/inf/08...

No Verification Errors.
-rw-r--r--   1 dante    dante      75804 Mar 12 11:31 ../staging/inf/08

::::::::::::::::::::::::::::::::::::::::::::
Preloading 09.e into ../staging/inf/09.
::::::::::::::::::::::::::::::::::::::::::::
Warning: overwriting existing output file ../staging/inf/09

Filtering 09.e...
Verifying ../staging/inf/09...

No Verification Errors.
-rw-r--r--   1 dante    dante     110315 Mar 12 11:31 ../staging/inf/09

::::::::::::::::::::::::::::::::::::::::::::
Preloading 10.e into ../staging/inf/10.
::::::::::::::::::::::::::::::::::::::::::::
Warning: overwriting existing output file ../staging/inf/10

Filtering 10.e...
Verifying ../staging/inf/10...

No Verification Errors.
-rw-r--r--   1 dante    dante      70285 Mar 12 11:31 ../staging/inf/10

::::::::::::::::::::::::::::::::::::::::::::
Preloading 11.e into ../staging/inf/11.
::::::::::::::::::::::::::::::::::::::::::::
Warning: overwriting existing output file ../staging/inf/11

Filtering 11.e...
Verifying ../staging/inf/11...

No Verification Errors.
-rw-r--r--   1 dante    dante      59502 Mar 12 11:31 ../staging/inf/11

::::::::::::::::::::::::::::::::::::::::::::
Preloading 12.e into ../staging/inf/12.
::::::::::::::::::::::::::::::::::::::::::::
Warning: overwriting existing output file ../staging/inf/12

Filtering 12.e...
Verifying ../staging/inf/12...

No Verification Errors.
-rw-r--r--   1 dante    dante     115254 Mar 12 11:31 ../staging/inf/12

::::::::::::::::::::::::::::::::::::::::::::
Preloading 13.e into ../staging/inf/13.
::::::::::::::::::::::::::::::::::::::::::::
Warning: overwriting existing output file ../staging/inf/13

Filtering 13.e...
Verifying ../staging/inf/13...

No Verification Errors.
-rw-r--r--   1 dante    dante      88574 Mar 12 11:31 ../staging/inf/13

::::::::::::::::::::::::::::::::::::::::::::
Preloading 14.e into ../staging/inf/14.
::::::::::::::::::::::::::::::::::::::::::::
Warning: overwriting existing output file ../staging/inf/14

Filtering 14.e...
Verifying ../staging/inf/14...

No Verification Errors.
-rw-r--r--   1 dante    dante      84790 Mar 12 11:31 ../staging/inf/14

::::::::::::::::::::::::::::::::::::::::::::
Preloading 15.e into ../staging/inf/15.
::::::::::::::::::::::::::::::::::::::::::::
Warning: overwriting existing output file ../staging/inf/15

Filtering 15.e...
Verifying ../staging/inf/15...

No Verification Errors.
-rw-r--r--   1 dante    dante      64305 Mar 12 11:31 ../staging/inf/15

::::::::::::::::::::::::::::::::::::::::::::
Preloading 16.e into ../staging/inf/16.
::::::::::::::::::::::::::::::::::::::::::::
Warning: overwriting existing output file ../staging/inf/16

Filtering 16.e...
Verifying ../staging/inf/16...

No Verification Errors.
-rw-r--r--   1 dante    dante      61278 Mar 12 11:31 ../staging/inf/16

::::::::::::::::::::::::::::::::::::::::::::
Preloading 17.e into ../staging/inf/17.
::::::::::::::::::::::::::::::::::::::::::::
Warning: overwriting existing output file ../staging/inf/17

Filtering 17.e...
Verifying ../staging/inf/17...

No Verification Errors.
-rw-r--r--   1 dante    dante       6335 Mar 12 11:31 ../staging/inf/17
