
Document parameters:
	Doc. type  = Description

::::::::::::::::::::::::::::::::::::::::::::
Preloading desc into staging/desc.
::::::::::::::::::::::::::::::::::::::::::::
Warning: overwriting existing output file staging/desc
Verifying staging/desc...

No Verification Errors.
-rw-r--r--   1 dante    dante        359 Mar 12 12:10 staging/desc
Using descriptive data from ../desc.

Document parameters:
	Doc. type  = Commentary
	Commentary = Tozer
	Language   = English
	Pub. Year  = 1901
	Cantica    = 10-Inferno

::::::::::::::::::::::::::::::::::::::::::::
Preloading 01.e into ../staging/inf/01.
::::::::::::::::::::::::::::::::::::::::::::
Warning: overwriting existing output file ../staging/inf/01

Filtering 01.e...
Verifying ../staging/inf/01...

No Verification Errors.
-rw-r--r--   1 dante    dante      31806 Mar 12 12:10 ../staging/inf/01

::::::::::::::::::::::::::::::::::::::::::::
Preloading 02.e into ../staging/inf/02.
::::::::::::::::::::::::::::::::::::::::::::
Warning: overwriting existing output file ../staging/inf/02

Filtering 02.e...
Verifying ../staging/inf/02...

No Verification Errors.
-rw-r--r--   1 dante    dante      32978 Mar 12 12:10 ../staging/inf/02

::::::::::::::::::::::::::::::::::::::::::::
Preloading 03.e into ../staging/inf/03.
::::::::::::::::::::::::::::::::::::::::::::
Warning: overwriting existing output file ../staging/inf/03

Filtering 03.e...
Verifying ../staging/inf/03...

No Verification Errors.
-rw-r--r--   1 dante    dante      19470 Mar 12 12:10 ../staging/inf/03

::::::::::::::::::::::::::::::::::::::::::::
Preloading 04.e into ../staging/inf/04.
::::::::::::::::::::::::::::::::::::::::::::
Warning: overwriting existing output file ../staging/inf/04

Filtering 04.e...
Verifying ../staging/inf/04...

No Verification Errors.
-rw-r--r--   1 dante    dante      31232 Mar 12 12:10 ../staging/inf/04

::::::::::::::::::::::::::::::::::::::::::::
Preloading 05.e into ../staging/inf/05.
::::::::::::::::::::::::::::::::::::::::::::
Warning: overwriting existing output file ../staging/inf/05

Filtering 05.e...
Verifying ../staging/inf/05...

No Verification Errors.
-rw-r--r--   1 dante    dante      30867 Mar 12 12:10 ../staging/inf/05

::::::::::::::::::::::::::::::::::::::::::::
Preloading 06.e into ../staging/inf/06.
::::::::::::::::::::::::::::::::::::::::::::
Warning: overwriting existing output file ../staging/inf/06

Filtering 06.e...
Verifying ../staging/inf/06...

No Verification Errors.
-rw-r--r--   1 dante    dante      21449 Mar 12 12:10 ../staging/inf/06

::::::::::::::::::::::::::::::::::::::::::::
Preloading 07.e into ../staging/inf/07.
::::::::::::::::::::::::::::::::::::::::::::
Warning: overwriting existing output file ../staging/inf/07

Filtering 07.e...
Verifying ../staging/inf/07...

No Verification Errors.
-rw-r--r--   1 dante    dante      31312 Mar 12 12:10 ../staging/inf/07

::::::::::::::::::::::::::::::::::::::::::::
Preloading 08.e into ../staging/inf/08.
::::::::::::::::::::::::::::::::::::::::::::
Warning: overwriting existing output file ../staging/inf/08

Filtering 08.e...
Verifying ../staging/inf/08...

No Verification Errors.
-rw-r--r--   1 dante    dante      22604 Mar 12 12:10 ../staging/inf/08

::::::::::::::::::::::::::::::::::::::::::::
Preloading 09.e into ../staging/inf/09.
::::::::::::::::::::::::::::::::::::::::::::
Warning: overwriting existing output file ../staging/inf/09

Filtering 09.e...
Verifying ../staging/inf/09...

No Verification Errors.
-rw-r--r--   1 dante    dante      27490 Mar 12 12:10 ../staging/inf/09

::::::::::::::::::::::::::::::::::::::::::::
Preloading 10.e into ../staging/inf/10.
::::::::::::::::::::::::::::::::::::::::::::
Warning: overwriting existing output file ../staging/inf/10

Filtering 10.e...
Verifying ../staging/inf/10...

No Verification Errors.
-rw-r--r--   1 dante    dante      28381 Mar 12 12:10 ../staging/inf/10

::::::::::::::::::::::::::::::::::::::::::::
Preloading 11.e into ../staging/inf/11.
::::::::::::::::::::::::::::::::::::::::::::
Warning: overwriting existing output file ../staging/inf/11

Filtering 11.e...
Verifying ../staging/inf/11...

No Verification Errors.
-rw-r--r--   1 dante    dante      28381 Mar 12 12:10 ../staging/inf/11

::::::::::::::::::::::::::::::::::::::::::::
Preloading 12.e into ../staging/inf/12.
::::::::::::::::::::::::::::::::::::::::::::
Warning: overwriting existing output file ../staging/inf/12

Filtering 12.e...
Verifying ../staging/inf/12...

No Verification Errors.
-rw-r--r--   1 dante    dante      30408 Mar 12 12:10 ../staging/inf/12

::::::::::::::::::::::::::::::::::::::::::::
Preloading 13.e into ../staging/inf/13.
::::::::::::::::::::::::::::::::::::::::::::
Warning: overwriting existing output file ../staging/inf/13

Filtering 13.e...
Verifying ../staging/inf/13...

No Verification Errors.
-rw-r--r--   1 dante    dante      27129 Mar 12 12:10 ../staging/inf/13

::::::::::::::::::::::::::::::::::::::::::::
Preloading 14.e into ../staging/inf/14.
::::::::::::::::::::::::::::::::::::::::::::
Warning: overwriting existing output file ../staging/inf/14

Filtering 14.e...
Verifying ../staging/inf/14...

No Verification Errors.
-rw-r--r--   1 dante    dante      31167 Mar 12 12:10 ../staging/inf/14

::::::::::::::::::::::::::::::::::::::::::::
Preloading 15.e into ../staging/inf/15.
::::::::::::::::::::::::::::::::::::::::::::
Warning: overwriting existing output file ../staging/inf/15

Filtering 15.e...
Verifying ../staging/inf/15...

No Verification Errors.
-rw-r--r--   1 dante    dante      31403 Mar 12 12:10 ../staging/inf/15

::::::::::::::::::::::::::::::::::::::::::::
Preloading 16.e into ../staging/inf/16.
::::::::::::::::::::::::::::::::::::::::::::
Warning: overwriting existing output file ../staging/inf/16

Filtering 16.e...
Verifying ../staging/inf/16...

No Verification Errors.
-rw-r--r--   1 dante    dante      26302 Mar 12 12:10 ../staging/inf/16

::::::::::::::::::::::::::::::::::::::::::::
Preloading 17.e into ../staging/inf/17.
::::::::::::::::::::::::::::::::::::::::::::
Warning: overwriting existing output file ../staging/inf/17

Filtering 17.e...
Verifying ../staging/inf/17...

No Verification Errors.
-rw-r--r--   1 dante    dante      25800 Mar 12 12:10 ../staging/inf/17

::::::::::::::::::::::::::::::::::::::::::::
Preloading 18.e into ../staging/inf/18.
::::::::::::::::::::::::::::::::::::::::::::
Warning: overwriting existing output file ../staging/inf/18

Filtering 18.e...
Verifying ../staging/inf/18...

No Verification Errors.
-rw-r--r--   1 dante    dante      26771 Mar 12 12:10 ../staging/inf/18

::::::::::::::::::::::::::::::::::::::::::::
Preloading 19.e into ../staging/inf/19.
::::::::::::::::::::::::::::::::::::::::::::
Warning: overwriting existing output file ../staging/inf/19

Filtering 19.e...
Verifying ../staging/inf/19...

No Verification Errors.
-rw-r--r--   1 dante    dante      24841 Mar 12 12:10 ../staging/inf/19

::::::::::::::::::::::::::::::::::::::::::::
Preloading 20.e into ../staging/inf/20.
::::::::::::::::::::::::::::::::::::::::::::
Warning: overwriting existing output file ../staging/inf/20

Filtering 20.e...
Verifying ../staging/inf/20...

No Verification Errors.
-rw-r--r--   1 dante    dante      28072 Mar 12 12:10 ../staging/inf/20

::::::::::::::::::::::::::::::::::::::::::::
Preloading 21.e into ../staging/inf/21.
::::::::::::::::::::::::::::::::::::::::::::
Warning: overwriting existing output file ../staging/inf/21

Filtering 21.e...
Verifying ../staging/inf/21...

No Verification Errors.
-rw-r--r--   1 dante    dante      23668 Mar 12 12:10 ../staging/inf/21

::::::::::::::::::::::::::::::::::::::::::::
Preloading 22.e into ../staging/inf/22.
::::::::::::::::::::::::::::::::::::::::::::
Warning: overwriting existing output file ../staging/inf/22

Filtering 22.e...
Verifying ../staging/inf/22...

No Verification Errors.
-rw-r--r--   1 dante    dante      25229 Mar 12 12:10 ../staging/inf/22

::::::::::::::::::::::::::::::::::::::::::::
Preloading 23.e into ../staging/inf/23.
::::::::::::::::::::::::::::::::::::::::::::
Warning: overwriting existing output file ../staging/inf/23

Filtering 23.e...
Verifying ../staging/inf/23...

No Verification Errors.
-rw-r--r--   1 dante    dante      27655 Mar 12 12:10 ../staging/inf/23

::::::::::::::::::::::::::::::::::::::::::::
Preloading 24.e into ../staging/inf/24.
::::::::::::::::::::::::::::::::::::::::::::
Warning: overwriting existing output file ../staging/inf/24

Filtering 24.e...
Verifying ../staging/inf/24...

No Verification Errors.
-rw-r--r--   1 dante    dante      30795 Mar 12 12:10 ../staging/inf/24

::::::::::::::::::::::::::::::::::::::::::::
Preloading 25.e into ../staging/inf/25.
::::::::::::::::::::::::::::::::::::::::::::
Warning: overwriting existing output file ../staging/inf/25

Filtering 25.e...
Verifying ../staging/inf/25...

No Verification Errors.
-rw-r--r--   1 dante    dante      32289 Mar 12 12:10 ../staging/inf/25

::::::::::::::::::::::::::::::::::::::::::::
Preloading 26.e into ../staging/inf/26.
::::::::::::::::::::::::::::::::::::::::::::
Warning: overwriting existing output file ../staging/inf/26

Filtering 26.e...
Verifying ../staging/inf/26...

No Verification Errors.
-rw-r--r--   1 dante    dante      28107 Mar 12 12:10 ../staging/inf/26

::::::::::::::::::::::::::::::::::::::::::::
Preloading 27.e into ../staging/inf/27.
::::::::::::::::::::::::::::::::::::::::::::
Warning: overwriting existing output file ../staging/inf/27

Filtering 27.e...
Verifying ../staging/inf/27...

No Verification Errors.
-rw-r--r--   1 dante    dante      28428 Mar 12 12:10 ../staging/inf/27

::::::::::::::::::::::::::::::::::::::::::::
Preloading 28.e into ../staging/inf/28.
::::::::::::::::::::::::::::::::::::::::::::
Warning: overwriting existing output file ../staging/inf/28

Filtering 28.e...
Verifying ../staging/inf/28...

No Verification Errors.
-rw-r--r--   1 dante    dante      30865 Mar 12 12:10 ../staging/inf/28

::::::::::::::::::::::::::::::::::::::::::::
Preloading 29.e into ../staging/inf/29.
::::::::::::::::::::::::::::::::::::::::::::
Warning: overwriting existing output file ../staging/inf/29

Filtering 29.e...
Verifying ../staging/inf/29...

No Verification Errors.
-rw-r--r--   1 dante    dante      25412 Mar 12 12:10 ../staging/inf/29

::::::::::::::::::::::::::::::::::::::::::::
Preloading 30.e into ../staging/inf/30.
::::::::::::::::::::::::::::::::::::::::::::
Warning: overwriting existing output file ../staging/inf/30

Filtering 30.e...
Verifying ../staging/inf/30...

No Verification Errors.
-rw-r--r--   1 dante    dante      25694 Mar 12 12:10 ../staging/inf/30

::::::::::::::::::::::::::::::::::::::::::::
Preloading 31.e into ../staging/inf/31.
::::::::::::::::::::::::::::::::::::::::::::
Warning: overwriting existing output file ../staging/inf/31

Filtering 31.e...
Verifying ../staging/inf/31...

No Verification Errors.
-rw-r--r--   1 dante    dante      32666 Mar 12 12:10 ../staging/inf/31

::::::::::::::::::::::::::::::::::::::::::::
Preloading 32.e into ../staging/inf/32.
::::::::::::::::::::::::::::::::::::::::::::
Warning: overwriting existing output file ../staging/inf/32

Filtering 32.e...
Verifying ../staging/inf/32...

No Verification Errors.
-rw-r--r--   1 dante    dante      28226 Mar 12 12:10 ../staging/inf/32

::::::::::::::::::::::::::::::::::::::::::::
Preloading 33.e into ../staging/inf/33.
::::::::::::::::::::::::::::::::::::::::::::
Warning: overwriting existing output file ../staging/inf/33

Filtering 33.e...
Verifying ../staging/inf/33...

No Verification Errors.
-rw-r--r--   1 dante    dante      31716 Mar 12 12:10 ../staging/inf/33

::::::::::::::::::::::::::::::::::::::::::::
Preloading 34.e into ../staging/inf/34.
::::::::::::::::::::::::::::::::::::::::::::
Warning: overwriting existing output file ../staging/inf/34

Filtering 34.e...
Verifying ../staging/inf/34...

No Verification Errors.
-rw-r--r--   1 dante    dante      30220 Mar 12 12:10 ../staging/inf/34
Using descriptive data from ../desc.

Document parameters:
	Doc. type  = Commentary
	Commentary = Tozer
	Language   = English
	Pub. Year  = 1901
	Cantica    = 20-Purgatorio

::::::::::::::::::::::::::::::::::::::::::::
Preloading 01.e into ../staging/purg/01.
::::::::::::::::::::::::::::::::::::::::::::
Warning: overwriting existing output file ../staging/purg/01

Filtering 01.e...
Verifying ../staging/purg/01...

No Verification Errors.
-rw-r--r--   1 dante    dante      31923 Mar 12 12:10 ../staging/purg/01

::::::::::::::::::::::::::::::::::::::::::::
Preloading 02.e into ../staging/purg/02.
::::::::::::::::::::::::::::::::::::::::::::
Warning: overwriting existing output file ../staging/purg/02

Filtering 02.e...
Verifying ../staging/purg/02...

No Verification Errors.
-rw-r--r--   1 dante    dante      26270 Mar 12 12:10 ../staging/purg/02

::::::::::::::::::::::::::::::::::::::::::::
Preloading 03.e into ../staging/purg/03.
::::::::::::::::::::::::::::::::::::::::::::
Warning: overwriting existing output file ../staging/purg/03

Filtering 03.e...
Verifying ../staging/purg/03...

No Verification Errors.
-rw-r--r--   1 dante    dante      31616 Mar 12 12:10 ../staging/purg/03

::::::::::::::::::::::::::::::::::::::::::::
Preloading 04.e into ../staging/purg/04.
::::::::::::::::::::::::::::::::::::::::::::
Warning: overwriting existing output file ../staging/purg/04

Filtering 04.e...
Verifying ../staging/purg/04...

No Verification Errors.
-rw-r--r--   1 dante    dante      30646 Mar 12 12:10 ../staging/purg/04

::::::::::::::::::::::::::::::::::::::::::::
Preloading 05.e into ../staging/purg/05.
::::::::::::::::::::::::::::::::::::::::::::
Warning: overwriting existing output file ../staging/purg/05

Filtering 05.e...
Verifying ../staging/purg/05...

No Verification Errors.
-rw-r--r--   1 dante    dante      30704 Mar 12 12:10 ../staging/purg/05

::::::::::::::::::::::::::::::::::::::::::::
Preloading 06.e into ../staging/purg/06.
::::::::::::::::::::::::::::::::::::::::::::
Warning: overwriting existing output file ../staging/purg/06

Filtering 06.e...
Verifying ../staging/purg/06...

No Verification Errors.
-rw-r--r--   1 dante    dante      34673 Mar 12 12:10 ../staging/purg/06

::::::::::::::::::::::::::::::::::::::::::::
Preloading 07.e into ../staging/purg/07.
::::::::::::::::::::::::::::::::::::::::::::
Warning: overwriting existing output file ../staging/purg/07

Filtering 07.e...
Verifying ../staging/purg/07...

No Verification Errors.
-rw-r--r--   1 dante    dante      34498 Mar 12 12:10 ../staging/purg/07

::::::::::::::::::::::::::::::::::::::::::::
Preloading 08.e into ../staging/purg/08.
::::::::::::::::::::::::::::::::::::::::::::
Warning: overwriting existing output file ../staging/purg/08

Filtering 08.e...
Verifying ../staging/purg/08...

No Verification Errors.
-rw-r--r--   1 dante    dante      29847 Mar 12 12:10 ../staging/purg/08

::::::::::::::::::::::::::::::::::::::::::::
Preloading 09.e into ../staging/purg/09.
::::::::::::::::::::::::::::::::::::::::::::
Warning: overwriting existing output file ../staging/purg/09

Filtering 09.e...
Verifying ../staging/purg/09...

No Verification Errors.
-rw-r--r--   1 dante    dante      35831 Mar 12 12:10 ../staging/purg/09

::::::::::::::::::::::::::::::::::::::::::::
Preloading 10.e into ../staging/purg/10.
::::::::::::::::::::::::::::::::::::::::::::
Warning: overwriting existing output file ../staging/purg/10

Filtering 10.e...
Verifying ../staging/purg/10...

No Verification Errors.
-rw-r--r--   1 dante    dante      31543 Mar 12 12:10 ../staging/purg/10

::::::::::::::::::::::::::::::::::::::::::::
Preloading 11.e into ../staging/purg/11.
::::::::::::::::::::::::::::::::::::::::::::
Warning: overwriting existing output file ../staging/purg/11

Filtering 11.e...
Verifying ../staging/purg/11...

No Verification Errors.
-rw-r--r--   1 dante    dante      32799 Mar 12 12:10 ../staging/purg/11

::::::::::::::::::::::::::::::::::::::::::::
Preloading 12.e into ../staging/purg/12.
::::::::::::::::::::::::::::::::::::::::::::
Warning: overwriting existing output file ../staging/purg/12

Filtering 12.e...
Verifying ../staging/purg/12...

No Verification Errors.
-rw-r--r--   1 dante    dante      34650 Mar 12 12:10 ../staging/purg/12

::::::::::::::::::::::::::::::::::::::::::::
Preloading 13.e into ../staging/purg/13.
::::::::::::::::::::::::::::::::::::::::::::
Warning: overwriting existing output file ../staging/purg/13

Filtering 13.e...
Verifying ../staging/purg/13...

No Verification Errors.
-rw-r--r--   1 dante    dante      33291 Mar 12 12:10 ../staging/purg/13

::::::::::::::::::::::::::::::::::::::::::::
Preloading 14.e into ../staging/purg/14.
::::::::::::::::::::::::::::::::::::::::::::
Warning: overwriting existing output file ../staging/purg/14

Filtering 14.e...
Verifying ../staging/purg/14...

No Verification Errors.
-rw-r--r--   1 dante    dante      33352 Mar 12 12:10 ../staging/purg/14

::::::::::::::::::::::::::::::::::::::::::::
Preloading 15.e into ../staging/purg/15.
::::::::::::::::::::::::::::::::::::::::::::
Warning: overwriting existing output file ../staging/purg/15

Filtering 15.e...
Verifying ../staging/purg/15...

No Verification Errors.
-rw-r--r--   1 dante    dante      29962 Mar 12 12:10 ../staging/purg/15

::::::::::::::::::::::::::::::::::::::::::::
Preloading 16.e into ../staging/purg/16.
::::::::::::::::::::::::::::::::::::::::::::
Warning: overwriting existing output file ../staging/purg/16

Filtering 16.e...
Verifying ../staging/purg/16...

No Verification Errors.
-rw-r--r--   1 dante    dante      33844 Mar 12 12:10 ../staging/purg/16

::::::::::::::::::::::::::::::::::::::::::::
Preloading 17.e into ../staging/purg/17.
::::::::::::::::::::::::::::::::::::::::::::
Warning: overwriting existing output file ../staging/purg/17

Filtering 17.e...
Verifying ../staging/purg/17...

No Verification Errors.
-rw-r--r--   1 dante    dante      35688 Mar 12 12:10 ../staging/purg/17

::::::::::::::::::::::::::::::::::::::::::::
Preloading 18.e into ../staging/purg/18.
::::::::::::::::::::::::::::::::::::::::::::
Warning: overwriting existing output file ../staging/purg/18

Filtering 18.e...
Verifying ../staging/purg/18...

No Verification Errors.
-rw-r--r--   1 dante    dante      35550 Mar 12 12:10 ../staging/purg/18

::::::::::::::::::::::::::::::::::::::::::::
Preloading 19.e into ../staging/purg/19.
::::::::::::::::::::::::::::::::::::::::::::
Warning: overwriting existing output file ../staging/purg/19

Filtering 19.e...
Verifying ../staging/purg/19...

No Verification Errors.
-rw-r--r--   1 dante    dante      29956 Mar 12 12:10 ../staging/purg/19

::::::::::::::::::::::::::::::::::::::::::::
Preloading 20.e into ../staging/purg/20.
::::::::::::::::::::::::::::::::::::::::::::
Warning: overwriting existing output file ../staging/purg/20

Filtering 20.e...
Verifying ../staging/purg/20...

No Verification Errors.
-rw-r--r--   1 dante    dante      35965 Mar 12 12:11 ../staging/purg/20

::::::::::::::::::::::::::::::::::::::::::::
Preloading 21.e into ../staging/purg/21.
::::::::::::::::::::::::::::::::::::::::::::
Warning: overwriting existing output file ../staging/purg/21

Filtering 21.e...
Verifying ../staging/purg/21...

No Verification Errors.
-rw-r--r--   1 dante    dante      29587 Mar 12 12:11 ../staging/purg/21

::::::::::::::::::::::::::::::::::::::::::::
Preloading 22.e into ../staging/purg/22.
::::::::::::::::::::::::::::::::::::::::::::
Warning: overwriting existing output file ../staging/purg/22

Filtering 22.e...
Verifying ../staging/purg/22...

No Verification Errors.
-rw-r--r--   1 dante    dante      35652 Mar 12 12:11 ../staging/purg/22

::::::::::::::::::::::::::::::::::::::::::::
Preloading 23.e into ../staging/purg/23.
::::::::::::::::::::::::::::::::::::::::::::
Warning: overwriting existing output file ../staging/purg/23

Filtering 23.e...
Verifying ../staging/purg/23...

No Verification Errors.
-rw-r--r--   1 dante    dante      25807 Mar 12 12:11 ../staging/purg/23

::::::::::::::::::::::::::::::::::::::::::::
Preloading 24.e into ../staging/purg/24.
::::::::::::::::::::::::::::::::::::::::::::
Warning: overwriting existing output file ../staging/purg/24

Filtering 24.e...
Verifying ../staging/purg/24...

No Verification Errors.
-rw-r--r--   1 dante    dante      31969 Mar 12 12:11 ../staging/purg/24

::::::::::::::::::::::::::::::::::::::::::::
Preloading 25.e into ../staging/purg/25.
::::::::::::::::::::::::::::::::::::::::::::
Warning: overwriting existing output file ../staging/purg/25

Filtering 25.e...
Verifying ../staging/purg/25...

No Verification Errors.
-rw-r--r--   1 dante    dante      40581 Mar 12 12:11 ../staging/purg/25

::::::::::::::::::::::::::::::::::::::::::::
Preloading 26.e into ../staging/purg/26.
::::::::::::::::::::::::::::::::::::::::::::
Warning: overwriting existing output file ../staging/purg/26

Filtering 26.e...
Verifying ../staging/purg/26...

No Verification Errors.
-rw-r--r--   1 dante    dante      31916 Mar 12 12:11 ../staging/purg/26

::::::::::::::::::::::::::::::::::::::::::::
Preloading 27.e into ../staging/purg/27.
::::::::::::::::::::::::::::::::::::::::::::
Warning: overwriting existing output file ../staging/purg/27

Filtering 27.e...
Verifying ../staging/purg/27...

No Verification Errors.
-rw-r--r--   1 dante    dante      27255 Mar 12 12:11 ../staging/purg/27

::::::::::::::::::::::::::::::::::::::::::::
Preloading 28.e into ../staging/purg/28.
::::::::::::::::::::::::::::::::::::::::::::
Warning: overwriting existing output file ../staging/purg/28

Filtering 28.e...
Verifying ../staging/purg/28...

No Verification Errors.
-rw-r--r--   1 dante    dante      30356 Mar 12 12:11 ../staging/purg/28

::::::::::::::::::::::::::::::::::::::::::::
Preloading 29.e into ../staging/purg/29.
::::::::::::::::::::::::::::::::::::::::::::
Warning: overwriting existing output file ../staging/purg/29

Filtering 29.e...
Verifying ../staging/purg/29...

No Verification Errors.
-rw-r--r--   1 dante    dante      36615 Mar 12 12:11 ../staging/purg/29

::::::::::::::::::::::::::::::::::::::::::::
Preloading 30.e into ../staging/purg/30.
::::::::::::::::::::::::::::::::::::::::::::
Warning: overwriting existing output file ../staging/purg/30

Filtering 30.e...
Verifying ../staging/purg/30...

No Verification Errors.
-rw-r--r--   1 dante    dante      28076 Mar 12 12:11 ../staging/purg/30

::::::::::::::::::::::::::::::::::::::::::::
Preloading 31.e into ../staging/purg/31.
::::::::::::::::::::::::::::::::::::::::::::
Warning: overwriting existing output file ../staging/purg/31

Filtering 31.e...
Verifying ../staging/purg/31...

No Verification Errors.
-rw-r--r--   1 dante    dante      28984 Mar 12 12:11 ../staging/purg/31

::::::::::::::::::::::::::::::::::::::::::::
Preloading 32.e into ../staging/purg/32.
::::::::::::::::::::::::::::::::::::::::::::
Warning: overwriting existing output file ../staging/purg/32

Filtering 32.e...
Verifying ../staging/purg/32...

No Verification Errors.
-rw-r--r--   1 dante    dante      41693 Mar 12 12:11 ../staging/purg/32

::::::::::::::::::::::::::::::::::::::::::::
Preloading 33.e into ../staging/purg/33.
::::::::::::::::::::::::::::::::::::::::::::
Warning: overwriting existing output file ../staging/purg/33

Filtering 33.e...
Verifying ../staging/purg/33...

No Verification Errors.
-rw-r--r--   1 dante    dante      34542 Mar 12 12:11 ../staging/purg/33
Using descriptive data from ../desc.

Document parameters:
	Doc. type  = Commentary
	Commentary = Tozer
	Language   = English
	Pub. Year  = 1901
	Cantica    = 30-Paradiso

::::::::::::::::::::::::::::::::::::::::::::
Preloading 01.e into ../staging/para/01.
::::::::::::::::::::::::::::::::::::::::::::
Warning: overwriting existing output file ../staging/para/01

Filtering 01.e...
Verifying ../staging/para/01...

No Verification Errors.
-rw-r--r--   1 dante    dante      48196 Mar 12 12:11 ../staging/para/01

::::::::::::::::::::::::::::::::::::::::::::
Preloading 02.e into ../staging/para/02.
::::::::::::::::::::::::::::::::::::::::::::
Warning: overwriting existing output file ../staging/para/02

Filtering 02.e...
Verifying ../staging/para/02...

No Verification Errors.
-rw-r--r--   1 dante    dante      43594 Mar 12 12:11 ../staging/para/02

::::::::::::::::::::::::::::::::::::::::::::
Preloading 03.e into ../staging/para/03.
::::::::::::::::::::::::::::::::::::::::::::
Warning: overwriting existing output file ../staging/para/03

Filtering 03.e...
Verifying ../staging/para/03...

No Verification Errors.
-rw-r--r--   1 dante    dante      28428 Mar 12 12:11 ../staging/para/03

::::::::::::::::::::::::::::::::::::::::::::
Preloading 04.e into ../staging/para/04.
::::::::::::::::::::::::::::::::::::::::::::
Warning: overwriting existing output file ../staging/para/04

Filtering 04.e...
Verifying ../staging/para/04...

No Verification Errors.
-rw-r--r--   1 dante    dante      35644 Mar 12 12:11 ../staging/para/04

::::::::::::::::::::::::::::::::::::::::::::
Preloading 05.e into ../staging/para/05.
::::::::::::::::::::::::::::::::::::::::::::
Warning: overwriting existing output file ../staging/para/05

Filtering 05.e...
Verifying ../staging/para/05...

No Verification Errors.
-rw-r--r--   1 dante    dante      30512 Mar 12 12:11 ../staging/para/05

::::::::::::::::::::::::::::::::::::::::::::
Preloading 06.e into ../staging/para/06.
::::::::::::::::::::::::::::::::::::::::::::
Warning: overwriting existing output file ../staging/para/06

Filtering 06.e...
Verifying ../staging/para/06...

No Verification Errors.
-rw-r--r--   1 dante    dante      38629 Mar 12 12:11 ../staging/para/06

::::::::::::::::::::::::::::::::::::::::::::
Preloading 07.e into ../staging/para/07.
::::::::::::::::::::::::::::::::::::::::::::
Warning: overwriting existing output file ../staging/para/07

Filtering 07.e...
Verifying ../staging/para/07...

No Verification Errors.
-rw-r--r--   1 dante    dante      36289 Mar 12 12:11 ../staging/para/07

::::::::::::::::::::::::::::::::::::::::::::
Preloading 08.e into ../staging/para/08.
::::::::::::::::::::::::::::::::::::::::::::
Warning: overwriting existing output file ../staging/para/08

Filtering 08.e...
Verifying ../staging/para/08...

No Verification Errors.
-rw-r--r--   1 dante    dante      41372 Mar 12 12:11 ../staging/para/08

::::::::::::::::::::::::::::::::::::::::::::
Preloading 09.e into ../staging/para/09.
::::::::::::::::::::::::::::::::::::::::::::
Warning: overwriting existing output file ../staging/para/09

Filtering 09.e...
Verifying ../staging/para/09...

No Verification Errors.
-rw-r--r--   1 dante    dante      41398 Mar 12 12:11 ../staging/para/09

::::::::::::::::::::::::::::::::::::::::::::
Preloading 10.e into ../staging/para/10.
::::::::::::::::::::::::::::::::::::::::::::
Warning: overwriting existing output file ../staging/para/10

Filtering 10.e...
Verifying ../staging/para/10...

No Verification Errors.
-rw-r--r--   1 dante    dante      36457 Mar 12 12:11 ../staging/para/10

::::::::::::::::::::::::::::::::::::::::::::
Preloading 11.e into ../staging/para/11.
::::::::::::::::::::::::::::::::::::::::::::
Warning: overwriting existing output file ../staging/para/11

Filtering 11.e...
Verifying ../staging/para/11...

No Verification Errors.
-rw-r--r--   1 dante    dante      36374 Mar 12 12:11 ../staging/para/11

::::::::::::::::::::::::::::::::::::::::::::
Preloading 12.e into ../staging/para/12.
::::::::::::::::::::::::::::::::::::::::::::
Warning: overwriting existing output file ../staging/para/12

Filtering 12.e...
Verifying ../staging/para/12...

No Verification Errors.
-rw-r--r--   1 dante    dante      35496 Mar 12 12:11 ../staging/para/12

::::::::::::::::::::::::::::::::::::::::::::
Preloading 13.e into ../staging/para/13.
::::::::::::::::::::::::::::::::::::::::::::
Warning: overwriting existing output file ../staging/para/13

Filtering 13.e...
Verifying ../staging/para/13...

No Verification Errors.
-rw-r--r--   1 dante    dante      37189 Mar 12 12:11 ../staging/para/13

::::::::::::::::::::::::::::::::::::::::::::
Preloading 14.e into ../staging/para/14.
::::::::::::::::::::::::::::::::::::::::::::
Warning: overwriting existing output file ../staging/para/14

Filtering 14.e...
Verifying ../staging/para/14...

No Verification Errors.
-rw-r--r--   1 dante    dante      28954 Mar 12 12:11 ../staging/para/14

::::::::::::::::::::::::::::::::::::::::::::
Preloading 15.e into ../staging/para/15.
::::::::::::::::::::::::::::::::::::::::::::
Warning: overwriting existing output file ../staging/para/15

Filtering 15.e...
Verifying ../staging/para/15...

No Verification Errors.
-rw-r--r--   1 dante    dante      35927 Mar 12 12:11 ../staging/para/15

::::::::::::::::::::::::::::::::::::::::::::
Preloading 16.e into ../staging/para/16.
::::::::::::::::::::::::::::::::::::::::::::
Warning: overwriting existing output file ../staging/para/16

Filtering 16.e...
Verifying ../staging/para/16...

No Verification Errors.
-rw-r--r--   1 dante    dante      38131 Mar 12 12:11 ../staging/para/16

::::::::::::::::::::::::::::::::::::::::::::
Preloading 17.e into ../staging/para/17.
::::::::::::::::::::::::::::::::::::::::::::
Warning: overwriting existing output file ../staging/para/17

Filtering 17.e...
Verifying ../staging/para/17...

No Verification Errors.
-rw-r--r--   1 dante    dante      28187 Mar 12 12:11 ../staging/para/17

::::::::::::::::::::::::::::::::::::::::::::
Preloading 18.e into ../staging/para/18.
::::::::::::::::::::::::::::::::::::::::::::
Warning: overwriting existing output file ../staging/para/18

Filtering 18.e...
Verifying ../staging/para/18...

No Verification Errors.
-rw-r--r--   1 dante    dante      32293 Mar 12 12:11 ../staging/para/18

::::::::::::::::::::::::::::::::::::::::::::
Preloading 19.e into ../staging/para/19.
::::::::::::::::::::::::::::::::::::::::::::
Warning: overwriting existing output file ../staging/para/19

Filtering 19.e...
Verifying ../staging/para/19...

No Verification Errors.
-rw-r--r--   1 dante    dante      37638 Mar 12 12:11 ../staging/para/19

::::::::::::::::::::::::::::::::::::::::::::
Preloading 20.e into ../staging/para/20.
::::::::::::::::::::::::::::::::::::::::::::
Warning: overwriting existing output file ../staging/para/20

Filtering 20.e...
Verifying ../staging/para/20...

No Verification Errors.
-rw-r--r--   1 dante    dante      35667 Mar 12 12:11 ../staging/para/20

::::::::::::::::::::::::::::::::::::::::::::
Preloading 21.e into ../staging/para/21.
::::::::::::::::::::::::::::::::::::::::::::
Warning: overwriting existing output file ../staging/para/21

Filtering 21.e...
Verifying ../staging/para/21...

No Verification Errors.
-rw-r--r--   1 dante    dante      30248 Mar 12 12:11 ../staging/para/21

::::::::::::::::::::::::::::::::::::::::::::
Preloading 22.e into ../staging/para/22.
::::::::::::::::::::::::::::::::::::::::::::
Warning: overwriting existing output file ../staging/para/22

Filtering 22.e...
Verifying ../staging/para/22...

No Verification Errors.
-rw-r--r--   1 dante    dante      29942 Mar 12 12:11 ../staging/para/22

::::::::::::::::::::::::::::::::::::::::::::
Preloading 23.e into ../staging/para/23.
::::::::::::::::::::::::::::::::::::::::::::
Warning: overwriting existing output file ../staging/para/23

Filtering 23.e...
Verifying ../staging/para/23...

No Verification Errors.
-rw-r--r--   1 dante    dante      26532 Mar 12 12:11 ../staging/para/23

::::::::::::::::::::::::::::::::::::::::::::
Preloading 24.e into ../staging/para/24.
::::::::::::::::::::::::::::::::::::::::::::
Warning: overwriting existing output file ../staging/para/24

Filtering 24.e...
Verifying ../staging/para/24...

No Verification Errors.
-rw-r--r--   1 dante    dante      37486 Mar 12 12:11 ../staging/para/24

::::::::::::::::::::::::::::::::::::::::::::
Preloading 25.e into ../staging/para/25.
::::::::::::::::::::::::::::::::::::::::::::
Warning: overwriting existing output file ../staging/para/25

Filtering 25.e...
Verifying ../staging/para/25...

No Verification Errors.
-rw-r--r--   1 dante    dante      35458 Mar 12 12:11 ../staging/para/25

::::::::::::::::::::::::::::::::::::::::::::
Preloading 26.e into ../staging/para/26.
::::::::::::::::::::::::::::::::::::::::::::
Warning: overwriting existing output file ../staging/para/26

Filtering 26.e...
Verifying ../staging/para/26...

No Verification Errors.
-rw-r--r--   1 dante    dante      40649 Mar 12 12:11 ../staging/para/26

::::::::::::::::::::::::::::::::::::::::::::
Preloading 27.e into ../staging/para/27.
::::::::::::::::::::::::::::::::::::::::::::
Warning: overwriting existing output file ../staging/para/27

Filtering 27.e...
Verifying ../staging/para/27...

No Verification Errors.
-rw-r--r--   1 dante    dante      35031 Mar 12 12:11 ../staging/para/27

::::::::::::::::::::::::::::::::::::::::::::
Preloading 28.e into ../staging/para/28.
::::::::::::::::::::::::::::::::::::::::::::
Warning: overwriting existing output file ../staging/para/28

Filtering 28.e...
Verifying ../staging/para/28...

No Verification Errors.
-rw-r--r--   1 dante    dante      35636 Mar 12 12:11 ../staging/para/28

::::::::::::::::::::::::::::::::::::::::::::
Preloading 29.e into ../staging/para/29.
::::::::::::::::::::::::::::::::::::::::::::
Warning: overwriting existing output file ../staging/para/29

Filtering 29.e...
Verifying ../staging/para/29...

No Verification Errors.
-rw-r--r--   1 dante    dante      42305 Mar 12 12:11 ../staging/para/29

::::::::::::::::::::::::::::::::::::::::::::
Preloading 30.e into ../staging/para/30.
::::::::::::::::::::::::::::::::::::::::::::
Warning: overwriting existing output file ../staging/para/30

Filtering 30.e...
Verifying ../staging/para/30...

No Verification Errors.
-rw-r--r--   1 dante    dante      30400 Mar 12 12:11 ../staging/para/30

::::::::::::::::::::::::::::::::::::::::::::
Preloading 31.e into ../staging/para/31.
::::::::::::::::::::::::::::::::::::::::::::
Warning: overwriting existing output file ../staging/para/31

Filtering 31.e...
Verifying ../staging/para/31...

No Verification Errors.
-rw-r--r--   1 dante    dante      28241 Mar 12 12:11 ../staging/para/31

::::::::::::::::::::::::::::::::::::::::::::
Preloading 32.e into ../staging/para/32.
::::::::::::::::::::::::::::::::::::::::::::
Warning: overwriting existing output file ../staging/para/32

Filtering 32.e...
Verifying ../staging/para/32...

No Verification Errors.
-rw-r--r--   1 dante    dante      33020 Mar 12 12:11 ../staging/para/32

::::::::::::::::::::::::::::::::::::::::::::
Preloading 33.e into ../staging/para/33.
::::::::::::::::::::::::::::::::::::::::::::
Warning: overwriting existing output file ../staging/para/33

Filtering 33.e...
Verifying ../staging/para/33...

No Verification Errors.
-rw-r--r--   1 dante    dante      28990 Mar 12 12:11 ../staging/para/33
