
Document parameters:
	Doc. type  = Description

::::::::::::::::::::::::::::::::::::::::::::
Preloading desc into staging/desc.
::::::::::::::::::::::::::::::::::::::::::::
Warning: overwriting existing output file staging/desc
Verifying staging/desc...

No Verification Errors.
-rw-r--r--   1 dante    dante        462 Mar 12 12:02 staging/desc
Using descriptive data from ../desc.

Document parameters:
	Doc. type  = Commentary
	Commentary = Scartazzini
	Language   = Italian
	Pub. Year  = 1872-82[2nd ed 1900]
	Cantica    = 10-Inferno

::::::::::::::::::::::::::::::::::::::::::::
Preloading 01.e into ../staging/inf/01.
::::::::::::::::::::::::::::::::::::::::::::
Warning: overwriting existing output file ../staging/inf/01

Filtering 01.e...
Verifying ../staging/inf/01...

No Verification Errors.
-rw-r--r--   1 dante    dante      62390 Mar 12 12:02 ../staging/inf/01

::::::::::::::::::::::::::::::::::::::::::::
Preloading 02.e into ../staging/inf/02.
::::::::::::::::::::::::::::::::::::::::::::
Warning: overwriting existing output file ../staging/inf/02

Filtering 02.e...
Verifying ../staging/inf/02...

No Verification Errors.
-rw-r--r--   1 dante    dante      51524 Mar 12 12:02 ../staging/inf/02

::::::::::::::::::::::::::::::::::::::::::::
Preloading 03.e into ../staging/inf/03.
::::::::::::::::::::::::::::::::::::::::::::
Warning: overwriting existing output file ../staging/inf/03

Filtering 03.e...
Verifying ../staging/inf/03...

No Verification Errors.
-rw-r--r--   1 dante    dante      41951 Mar 12 12:02 ../staging/inf/03

::::::::::::::::::::::::::::::::::::::::::::
Preloading 04.e into ../staging/inf/04.
::::::::::::::::::::::::::::::::::::::::::::
Warning: overwriting existing output file ../staging/inf/04

Filtering 04.e...
Verifying ../staging/inf/04...

No Verification Errors.
-rw-r--r--   1 dante    dante      58252 Mar 12 12:03 ../staging/inf/04

::::::::::::::::::::::::::::::::::::::::::::
Preloading 05.e into ../staging/inf/05.
::::::::::::::::::::::::::::::::::::::::::::
Warning: overwriting existing output file ../staging/inf/05

Filtering 05.e...
Verifying ../staging/inf/05...

No Verification Errors.
-rw-r--r--   1 dante    dante      69276 Mar 12 12:03 ../staging/inf/05

::::::::::::::::::::::::::::::::::::::::::::
Preloading 06.e into ../staging/inf/06.
::::::::::::::::::::::::::::::::::::::::::::
Warning: overwriting existing output file ../staging/inf/06

Filtering 06.e...
Verifying ../staging/inf/06...

No Verification Errors.
-rw-r--r--   1 dante    dante      53032 Mar 12 12:03 ../staging/inf/06

::::::::::::::::::::::::::::::::::::::::::::
Preloading 07.e into ../staging/inf/07.
::::::::::::::::::::::::::::::::::::::::::::
Warning: overwriting existing output file ../staging/inf/07

Filtering 07.e...
Verifying ../staging/inf/07...

No Verification Errors.
-rw-r--r--   1 dante    dante      62186 Mar 12 12:03 ../staging/inf/07

::::::::::::::::::::::::::::::::::::::::::::
Preloading 08.e into ../staging/inf/08.
::::::::::::::::::::::::::::::::::::::::::::
Warning: overwriting existing output file ../staging/inf/08

Filtering 08.e...
Verifying ../staging/inf/08...

No Verification Errors.
-rw-r--r--   1 dante    dante      54056 Mar 12 12:03 ../staging/inf/08

::::::::::::::::::::::::::::::::::::::::::::
Preloading 09.e into ../staging/inf/09.
::::::::::::::::::::::::::::::::::::::::::::
Warning: overwriting existing output file ../staging/inf/09

Filtering 09.e...
Verifying ../staging/inf/09...

No Verification Errors.
-rw-r--r--   1 dante    dante      57947 Mar 12 12:03 ../staging/inf/09

::::::::::::::::::::::::::::::::::::::::::::
Preloading 10.e into ../staging/inf/10.
::::::::::::::::::::::::::::::::::::::::::::
Warning: overwriting existing output file ../staging/inf/10

Filtering 10.e...
Verifying ../staging/inf/10...

No Verification Errors.
-rw-r--r--   1 dante    dante      83054 Mar 12 12:03 ../staging/inf/10

::::::::::::::::::::::::::::::::::::::::::::
Preloading 11.e into ../staging/inf/11.
::::::::::::::::::::::::::::::::::::::::::::
Warning: overwriting existing output file ../staging/inf/11

Filtering 11.e...
Verifying ../staging/inf/11...

No Verification Errors.
-rw-r--r--   1 dante    dante      64673 Mar 12 12:03 ../staging/inf/11

::::::::::::::::::::::::::::::::::::::::::::
Preloading 12.e into ../staging/inf/12.
::::::::::::::::::::::::::::::::::::::::::::
Warning: overwriting existing output file ../staging/inf/12

Filtering 12.e...
Verifying ../staging/inf/12...

No Verification Errors.
-rw-r--r--   1 dante    dante      72013 Mar 12 12:03 ../staging/inf/12

::::::::::::::::::::::::::::::::::::::::::::
Preloading 13.e into ../staging/inf/13.
::::::::::::::::::::::::::::::::::::::::::::
Warning: overwriting existing output file ../staging/inf/13

Filtering 13.e...
Verifying ../staging/inf/13...

No Verification Errors.
-rw-r--r--   1 dante    dante      74281 Mar 12 12:03 ../staging/inf/13

::::::::::::::::::::::::::::::::::::::::::::
Preloading 14.e into ../staging/inf/14.
::::::::::::::::::::::::::::::::::::::::::::
Warning: overwriting existing output file ../staging/inf/14

Filtering 14.e...
Verifying ../staging/inf/14...

No Verification Errors.
-rw-r--r--   1 dante    dante      75874 Mar 12 12:03 ../staging/inf/14

::::::::::::::::::::::::::::::::::::::::::::
Preloading 15.e into ../staging/inf/15.
::::::::::::::::::::::::::::::::::::::::::::
Warning: overwriting existing output file ../staging/inf/15

Filtering 15.e...
Verifying ../staging/inf/15...

No Verification Errors.
-rw-r--r--   1 dante    dante      74457 Mar 12 12:03 ../staging/inf/15

::::::::::::::::::::::::::::::::::::::::::::
Preloading 16.e into ../staging/inf/16.
::::::::::::::::::::::::::::::::::::::::::::
Warning: overwriting existing output file ../staging/inf/16

Filtering 16.e...
Verifying ../staging/inf/16...

No Verification Errors.
-rw-r--r--   1 dante    dante      92191 Mar 12 12:03 ../staging/inf/16

::::::::::::::::::::::::::::::::::::::::::::
Preloading 17.e into ../staging/inf/17.
::::::::::::::::::::::::::::::::::::::::::::
Warning: overwriting existing output file ../staging/inf/17

Filtering 17.e...
Verifying ../staging/inf/17...

No Verification Errors.
-rw-r--r--   1 dante    dante      78460 Mar 12 12:03 ../staging/inf/17

::::::::::::::::::::::::::::::::::::::::::::
Preloading 18.e into ../staging/inf/18.
::::::::::::::::::::::::::::::::::::::::::::
Warning: overwriting existing output file ../staging/inf/18

Filtering 18.e...
Verifying ../staging/inf/18...

No Verification Errors.
-rw-r--r--   1 dante    dante      83088 Mar 12 12:03 ../staging/inf/18

::::::::::::::::::::::::::::::::::::::::::::
Preloading 19.e into ../staging/inf/19.
::::::::::::::::::::::::::::::::::::::::::::
Warning: overwriting existing output file ../staging/inf/19

Filtering 19.e...
Verifying ../staging/inf/19...

No Verification Errors.
-rw-r--r--   1 dante    dante      86798 Mar 12 12:03 ../staging/inf/19

::::::::::::::::::::::::::::::::::::::::::::
Preloading 20.e into ../staging/inf/20.
::::::::::::::::::::::::::::::::::::::::::::
Warning: overwriting existing output file ../staging/inf/20

Filtering 20.e...
Verifying ../staging/inf/20...

No Verification Errors.
-rw-r--r--   1 dante    dante      74696 Mar 12 12:03 ../staging/inf/20

::::::::::::::::::::::::::::::::::::::::::::
Preloading 21.e into ../staging/inf/21.
::::::::::::::::::::::::::::::::::::::::::::
Warning: overwriting existing output file ../staging/inf/21

Filtering 21.e...
Verifying ../staging/inf/21...

No Verification Errors.
-rw-r--r--   1 dante    dante      82267 Mar 12 12:03 ../staging/inf/21

::::::::::::::::::::::::::::::::::::::::::::
Preloading 22.e into ../staging/inf/22.
::::::::::::::::::::::::::::::::::::::::::::
Warning: overwriting existing output file ../staging/inf/22

Filtering 22.e...
Verifying ../staging/inf/22...

No Verification Errors.
-rw-r--r--   1 dante    dante      85976 Mar 12 12:03 ../staging/inf/22

::::::::::::::::::::::::::::::::::::::::::::
Preloading 23.e into ../staging/inf/23.
::::::::::::::::::::::::::::::::::::::::::::
Warning: overwriting existing output file ../staging/inf/23

Filtering 23.e...
Verifying ../staging/inf/23...

No Verification Errors.
-rw-r--r--   1 dante    dante      83443 Mar 12 12:03 ../staging/inf/23

::::::::::::::::::::::::::::::::::::::::::::
Preloading 24.e into ../staging/inf/24.
::::::::::::::::::::::::::::::::::::::::::::
Warning: overwriting existing output file ../staging/inf/24

Filtering 24.e...
Verifying ../staging/inf/24...

No Verification Errors.
-rw-r--r--   1 dante    dante      88467 Mar 12 12:03 ../staging/inf/24

::::::::::::::::::::::::::::::::::::::::::::
Preloading 25.e into ../staging/inf/25.
::::::::::::::::::::::::::::::::::::::::::::
Warning: overwriting existing output file ../staging/inf/25

Filtering 25.e...
Verifying ../staging/inf/25...

No Verification Errors.
-rw-r--r--   1 dante    dante      83325 Mar 12 12:03 ../staging/inf/25

::::::::::::::::::::::::::::::::::::::::::::
Preloading 26.e into ../staging/inf/26.
::::::::::::::::::::::::::::::::::::::::::::
Warning: overwriting existing output file ../staging/inf/26

Filtering 26.e...
Verifying ../staging/inf/26...

No Verification Errors.
-rw-r--r--   1 dante    dante      87633 Mar 12 12:03 ../staging/inf/26

::::::::::::::::::::::::::::::::::::::::::::
Preloading 27.e into ../staging/inf/27.
::::::::::::::::::::::::::::::::::::::::::::
Warning: overwriting existing output file ../staging/inf/27

Filtering 27.e...
Verifying ../staging/inf/27...

No Verification Errors.
-rw-r--r--   1 dante    dante      94798 Mar 12 12:03 ../staging/inf/27

::::::::::::::::::::::::::::::::::::::::::::
Preloading 28.e into ../staging/inf/28.
::::::::::::::::::::::::::::::::::::::::::::
Warning: overwriting existing output file ../staging/inf/28

Filtering 28.e...
Verifying ../staging/inf/28...

No Verification Errors.
-rw-r--r--   1 dante    dante      96424 Mar 12 12:03 ../staging/inf/28

::::::::::::::::::::::::::::::::::::::::::::
Preloading 29.e into ../staging/inf/29.
::::::::::::::::::::::::::::::::::::::::::::
Warning: overwriting existing output file ../staging/inf/29

Filtering 29.e...
Verifying ../staging/inf/29...

No Verification Errors.
-rw-r--r--   1 dante    dante      84983 Mar 12 12:03 ../staging/inf/29

::::::::::::::::::::::::::::::::::::::::::::
Preloading 30.e into ../staging/inf/30.
::::::::::::::::::::::::::::::::::::::::::::
Warning: overwriting existing output file ../staging/inf/30

Filtering 30.e...
Verifying ../staging/inf/30...

No Verification Errors.
-rw-r--r--   1 dante    dante      87658 Mar 12 12:03 ../staging/inf/30

::::::::::::::::::::::::::::::::::::::::::::
Preloading 31.e into ../staging/inf/31.
::::::::::::::::::::::::::::::::::::::::::::
Warning: overwriting existing output file ../staging/inf/31

Filtering 31.e...
Verifying ../staging/inf/31...

No Verification Errors.
-rw-r--r--   1 dante    dante     124185 Mar 12 12:03 ../staging/inf/31

::::::::::::::::::::::::::::::::::::::::::::
Preloading 32.e into ../staging/inf/32.
::::::::::::::::::::::::::::::::::::::::::::
Warning: overwriting existing output file ../staging/inf/32

Filtering 32.e...
Verifying ../staging/inf/32...

No Verification Errors.
-rw-r--r--   1 dante    dante      99437 Mar 12 12:03 ../staging/inf/32

::::::::::::::::::::::::::::::::::::::::::::
Preloading 33.e into ../staging/inf/33.
::::::::::::::::::::::::::::::::::::::::::::
Warning: overwriting existing output file ../staging/inf/33

Filtering 33.e...
Verifying ../staging/inf/33...

No Verification Errors.
-rw-r--r--   1 dante    dante     129724 Mar 12 12:03 ../staging/inf/33

::::::::::::::::::::::::::::::::::::::::::::
Preloading 34.e into ../staging/inf/34.
::::::::::::::::::::::::::::::::::::::::::::
Warning: overwriting existing output file ../staging/inf/34

Filtering 34.e...
Verifying ../staging/inf/34...

No Verification Errors.
-rw-r--r--   1 dante    dante      91598 Mar 12 12:03 ../staging/inf/34
Using descriptive data from ../desc.

Document parameters:
	Doc. type  = Commentary
	Commentary = Scartazzini
	Language   = Italian
	Pub. Year  = 1872-82[2nd ed 1900]
	Cantica    = 20-Purgatorio

::::::::::::::::::::::::::::::::::::::::::::
Preloading 01.e into ../staging/purg/01.
::::::::::::::::::::::::::::::::::::::::::::
Warning: overwriting existing output file ../staging/purg/01

Filtering 01.e...
Verifying ../staging/purg/01...

No Verification Errors.
-rw-r--r--   1 dante    dante      74011 Mar 12 12:03 ../staging/purg/01

::::::::::::::::::::::::::::::::::::::::::::
Preloading 02.e into ../staging/purg/02.
::::::::::::::::::::::::::::::::::::::::::::
Warning: overwriting existing output file ../staging/purg/02

Filtering 02.e...
Verifying ../staging/purg/02...

No Verification Errors.
-rw-r--r--   1 dante    dante      77261 Mar 12 12:03 ../staging/purg/02

::::::::::::::::::::::::::::::::::::::::::::
Preloading 03.e into ../staging/purg/03.
::::::::::::::::::::::::::::::::::::::::::::
Warning: overwriting existing output file ../staging/purg/03

Filtering 03.e...
Verifying ../staging/purg/03...

No Verification Errors.
-rw-r--r--   1 dante    dante      81079 Mar 12 12:03 ../staging/purg/03

::::::::::::::::::::::::::::::::::::::::::::
Preloading 04.e into ../staging/purg/04.
::::::::::::::::::::::::::::::::::::::::::::
Warning: overwriting existing output file ../staging/purg/04

Filtering 04.e...
Verifying ../staging/purg/04...

No Verification Errors.
-rw-r--r--   1 dante    dante      76889 Mar 12 12:03 ../staging/purg/04

::::::::::::::::::::::::::::::::::::::::::::
Preloading 05.e into ../staging/purg/05.
::::::::::::::::::::::::::::::::::::::::::::
Warning: overwriting existing output file ../staging/purg/05

Filtering 05.e...
Verifying ../staging/purg/05...

No Verification Errors.
-rw-r--r--   1 dante    dante      79148 Mar 12 12:03 ../staging/purg/05

::::::::::::::::::::::::::::::::::::::::::::
Preloading 06.e into ../staging/purg/06.
::::::::::::::::::::::::::::::::::::::::::::
Warning: overwriting existing output file ../staging/purg/06

Filtering 06.e...
Verifying ../staging/purg/06...

No Verification Errors.
-rw-r--r--   1 dante    dante     119536 Mar 12 12:03 ../staging/purg/06

::::::::::::::::::::::::::::::::::::::::::::
Preloading 07.e into ../staging/purg/07.
::::::::::::::::::::::::::::::::::::::::::::
Warning: overwriting existing output file ../staging/purg/07

Filtering 07.e...
Verifying ../staging/purg/07...

No Verification Errors.
-rw-r--r--   1 dante    dante     113598 Mar 12 12:03 ../staging/purg/07

::::::::::::::::::::::::::::::::::::::::::::
Preloading 08.e into ../staging/purg/08.
::::::::::::::::::::::::::::::::::::::::::::
Warning: overwriting existing output file ../staging/purg/08

Filtering 08.e...
Verifying ../staging/purg/08...

No Verification Errors.
-rw-r--r--   1 dante    dante     111023 Mar 12 12:03 ../staging/purg/08

::::::::::::::::::::::::::::::::::::::::::::
Preloading 09.e into ../staging/purg/09.
::::::::::::::::::::::::::::::::::::::::::::
Warning: overwriting existing output file ../staging/purg/09

Filtering 09.e...
Verifying ../staging/purg/09...

No Verification Errors.
-rw-r--r--   1 dante    dante     107101 Mar 12 12:03 ../staging/purg/09

::::::::::::::::::::::::::::::::::::::::::::
Preloading 10.e into ../staging/purg/10.
::::::::::::::::::::::::::::::::::::::::::::
Warning: overwriting existing output file ../staging/purg/10

Filtering 10.e...
Verifying ../staging/purg/10...

No Verification Errors.
-rw-r--r--   1 dante    dante     105543 Mar 12 12:03 ../staging/purg/10

::::::::::::::::::::::::::::::::::::::::::::
Preloading 11.e into ../staging/purg/11.
::::::::::::::::::::::::::::::::::::::::::::
Warning: overwriting existing output file ../staging/purg/11

Filtering 11.e...
Verifying ../staging/purg/11...

No Verification Errors.
-rw-r--r--   1 dante    dante     107091 Mar 12 12:03 ../staging/purg/11

::::::::::::::::::::::::::::::::::::::::::::
Preloading 12.e into ../staging/purg/12.
::::::::::::::::::::::::::::::::::::::::::::
Warning: overwriting existing output file ../staging/purg/12

Filtering 12.e...
Verifying ../staging/purg/12...

No Verification Errors.
-rw-r--r--   1 dante    dante     105710 Mar 12 12:03 ../staging/purg/12

::::::::::::::::::::::::::::::::::::::::::::
Preloading 13.e into ../staging/purg/13.
::::::::::::::::::::::::::::::::::::::::::::
Warning: overwriting existing output file ../staging/purg/13

Filtering 13.e...
Verifying ../staging/purg/13...

No Verification Errors.
-rw-r--r--   1 dante    dante     112170 Mar 12 12:03 ../staging/purg/13

::::::::::::::::::::::::::::::::::::::::::::
Preloading 14.e into ../staging/purg/14.
::::::::::::::::::::::::::::::::::::::::::::
Warning: overwriting existing output file ../staging/purg/14

Filtering 14.e...
Verifying ../staging/purg/14...

No Verification Errors.
-rw-r--r--   1 dante    dante     130041 Mar 12 12:03 ../staging/purg/14

::::::::::::::::::::::::::::::::::::::::::::
Preloading 15.e into ../staging/purg/15.
::::::::::::::::::::::::::::::::::::::::::::
Warning: overwriting existing output file ../staging/purg/15

Filtering 15.e...
Verifying ../staging/purg/15...

No Verification Errors.
-rw-r--r--   1 dante    dante     104382 Mar 12 12:03 ../staging/purg/15

::::::::::::::::::::::::::::::::::::::::::::
Preloading 16.e into ../staging/purg/16.
::::::::::::::::::::::::::::::::::::::::::::
Warning: overwriting existing output file ../staging/purg/16

Filtering 16.e...
Verifying ../staging/purg/16...
Maximum number of words for a sentence has been exceeded.
   Document Number 1,   Paragraph Label TEXT,   Input Line Number 1308.
New sentence has been started for paragraph to avoid termination.

No Verification Errors.
-rw-r--r--   1 dante    dante     120851 Mar 12 12:03 ../staging/purg/16

::::::::::::::::::::::::::::::::::::::::::::
Preloading 17.e into ../staging/purg/17.
::::::::::::::::::::::::::::::::::::::::::::
Warning: overwriting existing output file ../staging/purg/17

Filtering 17.e...
Verifying ../staging/purg/17...

No Verification Errors.
-rw-r--r--   1 dante    dante     105775 Mar 12 12:03 ../staging/purg/17

::::::::::::::::::::::::::::::::::::::::::::
Preloading 18.e into ../staging/purg/18.
::::::::::::::::::::::::::::::::::::::::::::
Warning: overwriting existing output file ../staging/purg/18

Filtering 18.e...
Verifying ../staging/purg/18...

No Verification Errors.
-rw-r--r--   1 dante    dante     121796 Mar 12 12:03 ../staging/purg/18

::::::::::::::::::::::::::::::::::::::::::::
Preloading 19.e into ../staging/purg/19.
::::::::::::::::::::::::::::::::::::::::::::
Warning: overwriting existing output file ../staging/purg/19

Filtering 19.e...
Verifying ../staging/purg/19...

No Verification Errors.
-rw-r--r--   1 dante    dante     119834 Mar 12 12:03 ../staging/purg/19

::::::::::::::::::::::::::::::::::::::::::::
Preloading 20.e into ../staging/purg/20.
::::::::::::::::::::::::::::::::::::::::::::
Warning: overwriting existing output file ../staging/purg/20

Filtering 20.e...
Verifying ../staging/purg/20...

No Verification Errors.
-rw-r--r--   1 dante    dante     184088 Mar 12 12:03 ../staging/purg/20

::::::::::::::::::::::::::::::::::::::::::::
Preloading 21.e into ../staging/purg/21.
::::::::::::::::::::::::::::::::::::::::::::
Warning: overwriting existing output file ../staging/purg/21

Filtering 21.e...
Verifying ../staging/purg/21...

No Verification Errors.
-rw-r--r--   1 dante    dante     126743 Mar 12 12:03 ../staging/purg/21

::::::::::::::::::::::::::::::::::::::::::::
Preloading 22.e into ../staging/purg/22.
::::::::::::::::::::::::::::::::::::::::::::
Warning: overwriting existing output file ../staging/purg/22

Filtering 22.e...
Verifying ../staging/purg/22...

No Verification Errors.
-rw-r--r--   1 dante    dante     150190 Mar 12 12:03 ../staging/purg/22

::::::::::::::::::::::::::::::::::::::::::::
Preloading 23.e into ../staging/purg/23.
::::::::::::::::::::::::::::::::::::::::::::
Warning: overwriting existing output file ../staging/purg/23

Filtering 23.e...
Verifying ../staging/purg/23...

No Verification Errors.
-rw-r--r--   1 dante    dante     130652 Mar 12 12:03 ../staging/purg/23

::::::::::::::::::::::::::::::::::::::::::::
Preloading 24.e into ../staging/purg/24.
::::::::::::::::::::::::::::::::::::::::::::
Warning: overwriting existing output file ../staging/purg/24

Filtering 24.e...
Verifying ../staging/purg/24...

No Verification Errors.
-rw-r--r--   1 dante    dante     149917 Mar 12 12:03 ../staging/purg/24

::::::::::::::::::::::::::::::::::::::::::::
Preloading 25.e into ../staging/purg/25.
::::::::::::::::::::::::::::::::::::::::::::
Warning: overwriting existing output file ../staging/purg/25

Filtering 25.e...
Verifying ../staging/purg/25...

No Verification Errors.
-rw-r--r--   1 dante    dante     160401 Mar 12 12:03 ../staging/purg/25

::::::::::::::::::::::::::::::::::::::::::::
Preloading 26.e into ../staging/purg/26.
::::::::::::::::::::::::::::::::::::::::::::
Warning: overwriting existing output file ../staging/purg/26

Filtering 26.e...
Verifying ../staging/purg/26...

No Verification Errors.
-rw-r--r--   1 dante    dante     159748 Mar 12 12:03 ../staging/purg/26

::::::::::::::::::::::::::::::::::::::::::::
Preloading 27.e into ../staging/purg/27.
::::::::::::::::::::::::::::::::::::::::::::
Warning: overwriting existing output file ../staging/purg/27

Filtering 27.e...
Verifying ../staging/purg/27...

No Verification Errors.
-rw-r--r--   1 dante    dante     141147 Mar 12 12:03 ../staging/purg/27

::::::::::::::::::::::::::::::::::::::::::::
Preloading 28.e into ../staging/purg/28.
::::::::::::::::::::::::::::::::::::::::::::
Warning: overwriting existing output file ../staging/purg/28

Filtering 28.e...
Verifying ../staging/purg/28...

No Verification Errors.
-rw-r--r--   1 dante    dante     234840 Mar 12 12:03 ../staging/purg/28

::::::::::::::::::::::::::::::::::::::::::::
Preloading 29.e into ../staging/purg/29.
::::::::::::::::::::::::::::::::::::::::::::
Warning: overwriting existing output file ../staging/purg/29

Filtering 29.e...
Verifying ../staging/purg/29...

No Verification Errors.
-rw-r--r--   1 dante    dante     209835 Mar 12 12:03 ../staging/purg/29

::::::::::::::::::::::::::::::::::::::::::::
Preloading 30.e into ../staging/purg/30.
::::::::::::::::::::::::::::::::::::::::::::
Warning: overwriting existing output file ../staging/purg/30

Filtering 30.e...
Verifying ../staging/purg/30...
Maximum number of words for a sentence has been exceeded.
   Document Number 1,   Paragraph Label TEXT,   Input Line Number 1053.
New sentence has been started for paragraph to avoid termination.

No Verification Errors.
-rw-r--r--   1 dante    dante     165943 Mar 12 12:03 ../staging/purg/30

::::::::::::::::::::::::::::::::::::::::::::
Preloading 31.e into ../staging/purg/31.
::::::::::::::::::::::::::::::::::::::::::::
Warning: overwriting existing output file ../staging/purg/31

Filtering 31.e...
Verifying ../staging/purg/31...

No Verification Errors.
-rw-r--r--   1 dante    dante     164293 Mar 12 12:03 ../staging/purg/31

::::::::::::::::::::::::::::::::::::::::::::
Preloading 32.e into ../staging/purg/32.
::::::::::::::::::::::::::::::::::::::::::::
Warning: overwriting existing output file ../staging/purg/32

Filtering 32.e...
Verifying ../staging/purg/32...

No Verification Errors.
-rw-r--r--   1 dante    dante     245657 Mar 12 12:04 ../staging/purg/32

::::::::::::::::::::::::::::::::::::::::::::
Preloading 33.e into ../staging/purg/33.
::::::::::::::::::::::::::::::::::::::::::::
Warning: overwriting existing output file ../staging/purg/33

Filtering 33.e...
Verifying ../staging/purg/33...

No Verification Errors.
-rw-r--r--   1 dante    dante     182938 Mar 12 12:04 ../staging/purg/33
Using descriptive data from ../desc.

Document parameters:
	Doc. type  = Commentary
	Commentary = Scartazzini
	Language   = Italian
	Pub. Year  = 1872-82[2nd ed 1900]
	Cantica    = 30-Paradiso

::::::::::::::::::::::::::::::::::::::::::::
Preloading 01.e into ../staging/para/01.
::::::::::::::::::::::::::::::::::::::::::::
Warning: overwriting existing output file ../staging/para/01

Filtering 01.e...
Verifying ../staging/para/01...

No Verification Errors.
-rw-r--r--   1 dante    dante     145180 Mar 12 12:04 ../staging/para/01

::::::::::::::::::::::::::::::::::::::::::::
Preloading 02.e into ../staging/para/02.
::::::::::::::::::::::::::::::::::::::::::::
Warning: overwriting existing output file ../staging/para/02

Filtering 02.e...
Verifying ../staging/para/02...
Maximum number of words for a sentence has been exceeded.
   Document Number 1,   Paragraph Label TEXT,   Input Line Number 1194.
New sentence has been started for paragraph to avoid termination.
Maximum number of words for a sentence has been exceeded.
   Document Number 1,   Paragraph Label TEXT,   Input Line Number 1223.
New sentence has been started for paragraph to avoid termination.
Line 1344 length exceeded 255 character limit - inserting carriage return.

No Verification Errors.
-rw-r--r--   1 dante    dante     162912 Mar 12 12:04 ../staging/para/02

::::::::::::::::::::::::::::::::::::::::::::
Preloading 03.e into ../staging/para/03.
::::::::::::::::::::::::::::::::::::::::::::
Warning: overwriting existing output file ../staging/para/03

Filtering 03.e...
Verifying ../staging/para/03...

No Verification Errors.
-rw-r--r--   1 dante    dante     144308 Mar 12 12:04 ../staging/para/03

::::::::::::::::::::::::::::::::::::::::::::
Preloading 04.e into ../staging/para/04.
::::::::::::::::::::::::::::::::::::::::::::
Warning: overwriting existing output file ../staging/para/04

Filtering 04.e...
Verifying ../staging/para/04...
Maximum number of words for a sentence has been exceeded.
   Document Number 1,   Paragraph Label TEXT,   Input Line Number 1157.
New sentence has been started for paragraph to avoid termination.
Maximum number of words for a sentence has been exceeded.
   Document Number 1,   Paragraph Label TEXT,   Input Line Number 1203.
New sentence has been started for paragraph to avoid termination.
Maximum number of words for a sentence has been exceeded.
   Document Number 1,   Paragraph Label TEXT,   Input Line Number 1249.
New sentence has been started for paragraph to avoid termination.

No Verification Errors.
-rw-r--r--   1 dante    dante     148603 Mar 12 12:04 ../staging/para/04

::::::::::::::::::::::::::::::::::::::::::::
Preloading 05.e into ../staging/para/05.
::::::::::::::::::::::::::::::::::::::::::::
Warning: overwriting existing output file ../staging/para/05

Filtering 05.e...
Verifying ../staging/para/05...
Maximum number of words for a sentence has been exceeded.
   Document Number 1,   Paragraph Label TEXT,   Input Line Number 544.
New sentence has been started for paragraph to avoid termination.

No Verification Errors.
-rw-r--r--   1 dante    dante     127409 Mar 12 12:04 ../staging/para/05

::::::::::::::::::::::::::::::::::::::::::::
Preloading 06.e into ../staging/para/06.
::::::::::::::::::::::::::::::::::::::::::::
Warning: overwriting existing output file ../staging/para/06

Filtering 06.e...
Verifying ../staging/para/06...

No Verification Errors.
-rw-r--r--   1 dante    dante     163970 Mar 12 12:04 ../staging/para/06

::::::::::::::::::::::::::::::::::::::::::::
Preloading 07.e into ../staging/para/07.
::::::::::::::::::::::::::::::::::::::::::::
Warning: overwriting existing output file ../staging/para/07

Filtering 07.e...
Verifying ../staging/para/07...
Maximum number of words for a sentence has been exceeded.
   Document Number 1,   Paragraph Label TEXT,   Input Line Number 1601.
New sentence has been started for paragraph to avoid termination.
Maximum number of words for a sentence has been exceeded.
   Document Number 1,   Paragraph Label TEXT,   Input Line Number 1640.
New sentence has been started for paragraph to avoid termination.
Maximum number of words for a sentence has been exceeded.
   Document Number 1,   Paragraph Label TEXT,   Input Line Number 2912.
New sentence has been started for paragraph to avoid termination.

No Verification Errors.
-rw-r--r--   1 dante    dante     132712 Mar 12 12:04 ../staging/para/07

::::::::::::::::::::::::::::::::::::::::::::
Preloading 08.e into ../staging/para/08.
::::::::::::::::::::::::::::::::::::::::::::
Warning: overwriting existing output file ../staging/para/08

Filtering 08.e...
Verifying ../staging/para/08...

No Verification Errors.
-rw-r--r--   1 dante    dante     162375 Mar 12 12:04 ../staging/para/08

::::::::::::::::::::::::::::::::::::::::::::
Preloading 09.e into ../staging/para/09.
::::::::::::::::::::::::::::::::::::::::::::
Warning: overwriting existing output file ../staging/para/09

Filtering 09.e...
Verifying ../staging/para/09...

No Verification Errors.
-rw-r--r--   1 dante    dante     176781 Mar 12 12:04 ../staging/para/09

::::::::::::::::::::::::::::::::::::::::::::
Preloading 10.e into ../staging/para/10.
::::::::::::::::::::::::::::::::::::::::::::
Warning: overwriting existing output file ../staging/para/10

Filtering 10.e...
Verifying ../staging/para/10...

No Verification Errors.
-rw-r--r--   1 dante    dante     148442 Mar 12 12:04 ../staging/para/10

::::::::::::::::::::::::::::::::::::::::::::
Preloading 11.e into ../staging/para/11.
::::::::::::::::::::::::::::::::::::::::::::
Warning: overwriting existing output file ../staging/para/11

Filtering 11.e...
Verifying ../staging/para/11...

No Verification Errors.
-rw-r--r--   1 dante    dante     168225 Mar 12 12:04 ../staging/para/11

::::::::::::::::::::::::::::::::::::::::::::
Preloading 12.e into ../staging/para/12.
::::::::::::::::::::::::::::::::::::::::::::
Warning: overwriting existing output file ../staging/para/12

Filtering 12.e...
Verifying ../staging/para/12...

No Verification Errors.
-rw-r--r--   1 dante    dante     178592 Mar 12 12:04 ../staging/para/12

::::::::::::::::::::::::::::::::::::::::::::
Preloading 13.e into ../staging/para/13.
::::::::::::::::::::::::::::::::::::::::::::
Warning: overwriting existing output file ../staging/para/13

Filtering 13.e...
Verifying ../staging/para/13...
Line 738 length exceeded 255 character limit - inserting carriage return.

No Verification Errors.
-rw-r--r--   1 dante    dante     152282 Mar 12 12:04 ../staging/para/13

::::::::::::::::::::::::::::::::::::::::::::
Preloading 14.e into ../staging/para/14.
::::::::::::::::::::::::::::::::::::::::::::
Warning: overwriting existing output file ../staging/para/14

Filtering 14.e...
Verifying ../staging/para/14...

No Verification Errors.
-rw-r--r--   1 dante    dante     148908 Mar 12 12:04 ../staging/para/14

::::::::::::::::::::::::::::::::::::::::::::
Preloading 15.e into ../staging/para/15.
::::::::::::::::::::::::::::::::::::::::::::
Warning: overwriting existing output file ../staging/para/15

Filtering 15.e...
Verifying ../staging/para/15...

No Verification Errors.
-rw-r--r--   1 dante    dante     153320 Mar 12 12:04 ../staging/para/15

::::::::::::::::::::::::::::::::::::::::::::
Preloading 16.e into ../staging/para/16.
::::::::::::::::::::::::::::::::::::::::::::
Warning: overwriting existing output file ../staging/para/16

Filtering 16.e...
Verifying ../staging/para/16...
Line 1121 length exceeded 255 character limit - inserting carriage return.

No Verification Errors.
-rw-r--r--   1 dante    dante     173977 Mar 12 12:04 ../staging/para/16

::::::::::::::::::::::::::::::::::::::::::::
Preloading 17.e into ../staging/para/17.
::::::::::::::::::::::::::::::::::::::::::::
Warning: overwriting existing output file ../staging/para/17

Filtering 17.e...
Verifying ../staging/para/17...

No Verification Errors.
-rw-r--r--   1 dante    dante     140131 Mar 12 12:04 ../staging/para/17

::::::::::::::::::::::::::::::::::::::::::::
Preloading 18.e into ../staging/para/18.
::::::::::::::::::::::::::::::::::::::::::::
Warning: overwriting existing output file ../staging/para/18

Filtering 18.e...
Verifying ../staging/para/18...

No Verification Errors.
-rw-r--r--   1 dante    dante     149389 Mar 12 12:04 ../staging/para/18

::::::::::::::::::::::::::::::::::::::::::::
Preloading 19.e into ../staging/para/19.
::::::::::::::::::::::::::::::::::::::::::::
Warning: overwriting existing output file ../staging/para/19

Filtering 19.e...
Verifying ../staging/para/19...

No Verification Errors.
-rw-r--r--   1 dante    dante     158511 Mar 12 12:04 ../staging/para/19

::::::::::::::::::::::::::::::::::::::::::::
Preloading 20.e into ../staging/para/20.
::::::::::::::::::::::::::::::::::::::::::::
Warning: overwriting existing output file ../staging/para/20

Filtering 20.e...
Verifying ../staging/para/20...

No Verification Errors.
-rw-r--r--   1 dante    dante     129979 Mar 12 12:04 ../staging/para/20

::::::::::::::::::::::::::::::::::::::::::::
Preloading 21.e into ../staging/para/21.
::::::::::::::::::::::::::::::::::::::::::::
Warning: overwriting existing output file ../staging/para/21

Filtering 21.e...
Verifying ../staging/para/21...

No Verification Errors.
-rw-r--r--   1 dante    dante     133339 Mar 12 12:04 ../staging/para/21

::::::::::::::::::::::::::::::::::::::::::::
Preloading 22.e into ../staging/para/22.
::::::::::::::::::::::::::::::::::::::::::::
Warning: overwriting existing output file ../staging/para/22

Filtering 22.e...
Verifying ../staging/para/22...

No Verification Errors.
-rw-r--r--   1 dante    dante     155377 Mar 12 12:04 ../staging/para/22

::::::::::::::::::::::::::::::::::::::::::::
Preloading 23.e into ../staging/para/23.
::::::::::::::::::::::::::::::::::::::::::::
Warning: overwriting existing output file ../staging/para/23

Filtering 23.e...
Verifying ../staging/para/23...

No Verification Errors.
-rw-r--r--   1 dante    dante     149496 Mar 12 12:04 ../staging/para/23

::::::::::::::::::::::::::::::::::::::::::::
Preloading 24.e into ../staging/para/24.
::::::::::::::::::::::::::::::::::::::::::::
Warning: overwriting existing output file ../staging/para/24

Filtering 24.e...
Verifying ../staging/para/24...

No Verification Errors.
-rw-r--r--   1 dante    dante     142125 Mar 12 12:04 ../staging/para/24

::::::::::::::::::::::::::::::::::::::::::::
Preloading 25.e into ../staging/para/25.
::::::::::::::::::::::::::::::::::::::::::::
Warning: overwriting existing output file ../staging/para/25

Filtering 25.e...
Verifying ../staging/para/25...

No Verification Errors.
-rw-r--r--   1 dante    dante     145922 Mar 12 12:04 ../staging/para/25

::::::::::::::::::::::::::::::::::::::::::::
Preloading 26.e into ../staging/para/26.
::::::::::::::::::::::::::::::::::::::::::::
Warning: overwriting existing output file ../staging/para/26

Filtering 26.e...
Verifying ../staging/para/26...
Maximum number of words for a sentence has been exceeded.
   Document Number 1,   Paragraph Label TEXT,   Input Line Number 947.
New sentence has been started for paragraph to avoid termination.

No Verification Errors.
-rw-r--r--   1 dante    dante     158916 Mar 12 12:04 ../staging/para/26

::::::::::::::::::::::::::::::::::::::::::::
Preloading 27.e into ../staging/para/27.
::::::::::::::::::::::::::::::::::::::::::::
Warning: overwriting existing output file ../staging/para/27

Filtering 27.e...
Verifying ../staging/para/27...
Maximum number of words for a sentence has been exceeded.
   Document Number 1,   Paragraph Label TEXT,   Input Line Number 1994.
New sentence has been started for paragraph to avoid termination.

No Verification Errors.
-rw-r--r--   1 dante    dante     139690 Mar 12 12:04 ../staging/para/27

::::::::::::::::::::::::::::::::::::::::::::
Preloading 28.e into ../staging/para/28.
::::::::::::::::::::::::::::::::::::::::::::
Warning: overwriting existing output file ../staging/para/28

Filtering 28.e...
Verifying ../staging/para/28...

No Verification Errors.
-rw-r--r--   1 dante    dante     137172 Mar 12 12:04 ../staging/para/28

::::::::::::::::::::::::::::::::::::::::::::
Preloading 29.e into ../staging/para/29.
::::::::::::::::::::::::::::::::::::::::::::
Warning: overwriting existing output file ../staging/para/29

Filtering 29.e...
Verifying ../staging/para/29...

No Verification Errors.
-rw-r--r--   1 dante    dante     142420 Mar 12 12:04 ../staging/para/29

::::::::::::::::::::::::::::::::::::::::::::
Preloading 30.e into ../staging/para/30.
::::::::::::::::::::::::::::::::::::::::::::
Warning: overwriting existing output file ../staging/para/30

Filtering 30.e...
Verifying ../staging/para/30...

No Verification Errors.
-rw-r--r--   1 dante    dante     123924 Mar 12 12:04 ../staging/para/30

::::::::::::::::::::::::::::::::::::::::::::
Preloading 31.e into ../staging/para/31.
::::::::::::::::::::::::::::::::::::::::::::
Warning: overwriting existing output file ../staging/para/31

Filtering 31.e...
Verifying ../staging/para/31...

No Verification Errors.
-rw-r--r--   1 dante    dante     113910 Mar 12 12:04 ../staging/para/31

::::::::::::::::::::::::::::::::::::::::::::
Preloading 32.e into ../staging/para/32.
::::::::::::::::::::::::::::::::::::::::::::
Warning: overwriting existing output file ../staging/para/32

Filtering 32.e...
Verifying ../staging/para/32...

No Verification Errors.
-rw-r--r--   1 dante    dante     118597 Mar 12 12:04 ../staging/para/32

::::::::::::::::::::::::::::::::::::::::::::
Preloading 33.e into ../staging/para/33.
::::::::::::::::::::::::::::::::::::::::::::
Warning: overwriting existing output file ../staging/para/33

Filtering 33.e...
Verifying ../staging/para/33...

No Verification Errors.
-rw-r--r--   1 dante    dante     129184 Mar 12 12:04 ../staging/para/33
