Abardo
abbacy
abbia
abborrare
Abenland
abouths
Abrae
abscondere
absoluta
absolvere
abstulit
abundantiam
Accademia
accetto
acci
Accipe
accipio
accogliere
accouterment
accurs
Acheron
Achille
Achilleid
ackowledging
acornless
acqua
acqueous
acquisto
acrostico
actes
Actium
Adagia
Adamic
Addis
addobbare
addobbi
adduarsi
adepti
adfectus
adficior
adh
adhuc
Adige
Adimari
adober
Adonai
adora
adquisivit
adultos
adveniat
adventus
adversative
adversi
Adversi
adversus
advertitis
Aeacus
Aegidius
Aegypto
ael
Aelius
Aen
Aeneas's
aequalitas
aequalitatisque
aeque
aere
aerem
aestate
aesthetician
aestivae
aetas
Aeterna
aeternae
aeterni
aeternitatis
aethera
Aetna
Aevum
affanni
affectional
affectionem
affetto
afficere
affidamento
affidare
Africanus
afterwards
afterworld
Agapetus
Agapetus's
Ageno
agens
aggiunta
aggiunto
aggiustarsi
Aglian
agni
agnus
agosta
Agosta
Agostino
agricola
aguglia
aguti
Ahern
ahmah
ai
aiuola
Aix
al
Alagherii
Alaghieri
Alanus
alarum
alauda
Albano
Alberichi
Alberigo
Albertino
Albertus
Albigensians
albo
Alboino
Alcides
Alcmaeon
alcun
alcuna
alcune
alcuni
Alcuni
Aldobrandesco
Aleardo
aleppe
Alessandria
Alessio
alfa
Alfergano
Alfieri
Alfr
Alfragano
Alfraganus
ali
alia
alienatio
aliger
Aliger
Alighiero
Alighiero's
alimentation
alimento
aliorum
aliquam
aliquem
aliquid
alisis
aliter
aliud
alla
allagare
allegoresis
Allegoria
allegorie
allegorize
allegorizing
Allegretti
all'Epistola
all'eternit
All'eterno
Allevi
Allia
Allighieri
allo
allodetta
allumina
Allusioni
Alpheus
alquanti
alreaady
alta
alteri
Alterum
alti
altra
altre
altri
altro
altrove
Alvernia
Amabilis
Amaducci
Amaducci's
amando
amare
amaricari
amat
amatoria
ambage
ambages
Ambrogio
ambrosiane
Ambrosini
americana
Americani
amicizia
Amidei
Amilcare
ammanti
amme
ammenda
ammiraglio
amnem
amoenus
amor
Amor
amoravit
amore
Amore
amorem
Amores
amori
amoris
amorosa
Amorosa
amoroso
amorosus
Amoz
Amphiaraus
Amphiaraus's
Amyclas
Anagni
Anagogical
analyses
Anastasius
ancella
ancelle
anche
Anchises
Anchises's
Ancona
ancor
ancora
Ancora
Ancus
andarei
andata
Andr
Andreoli
Andreoli's
angeli
angelicata
Angelicata
angelici
Angelicus
Angelis
angelologia
angelology
angelorum
Angelorum
Angelum
Angioini
Angiolieri
Angiolieri's
Angiolillo
anglicus
Anglicus
Anglorum
anguinum
angustissima
angustissimum
Anicius
anima
animae
animalia
animas
anime
Anjou
Annali
anni
Annibale
annidi
annis
anno
annorum
annos
Anonimo
Antenora
antica
antichi
Anticlaudianus
antico
Antike
Antiochus
antipapal
antiphrasis
antiplatonico
antitype
antitypes
antivedere
Antonelli
Antonines
anzich
Anzio
ao
Aosta
Apennine
aperta
aperto
Apoc
Apocalypsim
Apocalypsin
apocopated
Apollinare
Apollinaris
apostolica
apostrophizes
appariro
appearence
appetit
Appi
Appoldia
appropinquare
appropriatis
Appunti
appunto
aprile
apsidal
Apulia
aquae
ar
arabo
Arachne
Arachne's
Aragon
arberi
arca
Arcadius
arcano
Arcas
archimandrita
Archimandrite
architectura
Archon
Ardia
Ardinghi
ardore
arduus
areae
areola
Areopagite
Arezzo
Argenti
Argentum
argolica
argomenti
argomento
argonauta
Argonautic
Argonautical
arguta
Arianna
arida
Aridit
arietem
aringo
Aristaeus
Aristide
Aristotele
Aristotelianism
Aristotelians
aristotelico
Aritoteles
armato
Arnaldi
Arnaldi's
Arnaut
arri
Arrigo
Arrigucci
ars
Ars
arte
arti
Arti
artificing
artisanship
artista
arto
Arturi
arturiana
Aruns
Arvisu
Ascanius
ascendendo
ascendentem
ascesa
Ascesi
Asociaci
Asperti
aspetti
aspetto
aspice
aspirazione
aspra
assertionis
assistente
Assoluta
assonantal
assunta
astra
Astronom
astronomica
Atene
Athanasius
Atque
atra
atron
attenti
Atti
Attilio
atto
attorno
attributivi
au
auctim
auctores
auctoritas
audire
audivi
Auerbach
Auerbach's
augmenti
augurial
Augustini
Augustiniennes
Augustino
Augustinus
Aulis
Aulo
aurea
aureola
auri
auroit
aurum
Ausonia
auspicium
autem
authorised
Authorsip
autobiografia
autor
Autorit
Autun's
auxilium
Avagliano
Avalle
avec
Avellana
Averro
Averroism
Averroist
averroistas
Averroistas
Aversano
Aversano's
avertere
avesse
avibus
Avignonian
avoltero
avverso
avvocato
Azzetta
babbi
Babelic
babytalk
Babytalk
Bacch
Bacchumque
Badakhshan
Badia
Bagnorea
Bagnoreggio
Bagnoregio
baiulo
baiulus
baiuolo
balanc
Balascam
balasso
balba
balbus
balbuz
Balda
Baldanza
Baldassare
Baldassini
Baldelli
baldezza
Baldo
balenare
ballate
ballo
bando
Bapt
Baptistry
bara
Baranski
Baranski's
Baratteria
barba
barberiniano
Barberino
Barblan
barca
Barchiesi
Barolini
Barolini's
barone
Barone
barque
barratry
Bartolommeo
Bartuschat
Barucci
basta
Battaglia
battesimo
Battista
Battistini
Beal
Beal's
beatae
beati
Beati
beatitudine
beatitudinis
beato
Beatricean
Beatricis
Beauvais
Bec
begat
bejewelled
Belacqua
Belardi
Belisarius
bella
bellatis
bellezza
Belli
Bellincion
Bellincione
bello
Bello
Bellomo
belov
Beltrami
Belus
Bembo
Bemrose
ben
bene
Benecke
benedictus
benevolentiae
Benini
Benjamins
Bennassuti
Bennassuti's
Benvenuto
Benvenuto's
Berenger
Berenger's
Bergin
Bergreen
Bernanke
Bernardi
Bernardino
Bernardone
Bernardone's
Bernart
Beroe
Bertam
Berthas
Bertoldi
Bertran
Bessa
bestialitade
betala
Biagio
Biagioli's
bianca
bianche
Bianchi
bianco
Biase
Bibbia
biblica
bibliche
biblici
Biblioteca
Bice
Bigi
bindeth
Bindo
binome
binomes
biografia
bisava
Bizenzio
blandientem
Blasucci
Boaz
Bobbs
bobolca
bobolce
Bocca
Boccaccino
Bodo
Boemia
Boethian
Boethius
Boethius's
Boezio
Bogn
Bognini
Boiardo
boire
Boitani
bolgia
Bolognese
Bolsena
Bonacci
bonae
Bonagiunta
Bonagiunta's
Bonanno
Bonaventura
Bonaventura's
Boncampagno
Boncompagno
Bonfils
Bonifacio
bonitatis
bono
Bonora
bonorum
bont
bonum
Bonventure's
Bonvesin
Bonvesin's
Boorstein
Bordighera
Bornelh
Borsellino
Borst
Bortolo
Borzi
Bosco
Bostichi
Botterill
Botterill's
Bougie
Bourlement
bouteille
Boyde
Brabant
Brabante
Braga
brama
Brambilla
Branca
Brenno
Brennus
Brenta
Brepols
Brescia
brethren's
brevi
Brezzi
briga
Brognoligo
Brownlee
Brownlee's
Brugnoli
Brunetto
Brunetto's
Bruni
bruno
Brunone
Bryson
BSDI
Bucolica
Bulletino
Bulzoni
buon
buona
Buonconte
Buondelmonte
Buondelmonte's
Buondelmonti
Buoninsegna's
Buridan's
Burlot
Busa
Busnelli
Busnelli's
bussola
Buti
Buti's
Bynum
Cacciaguida
Cacciaguida's
Cachey
cade
cadere
Cadmo
Cadmus
cadunt
caduta
cadute
caelesti
Caelesti
caelo
caelorum
caelum
caelumque
Caen
Caesarean
cagione
Cagnano
Cahill
Cahill's
Cahors
caise
cala
Calabria
calare
Calaroga
Calaruega
calc
Calfucci
caligat
calism
Calixtinus
Calixtus
Callata
calque
cals
Caltanissetta
Calvet
Camaldolese
Camaldoli
cambiamenti
Cambon
Camerino
Camillus
camisiam
cammin
cammino
Campagnola
Campagnola's
Campi
campioni
Campi's
campo
cancelled
candida
candide
canebat
Cangrande
Cangrande's
canina
caninamente
canone
canonista
canos
canta
cantando
cantantes
cantare
cantat
cantate
canterà
canti
Canti
cantica
Cantica
cantiche
Cantici
canticis
Cantico
canticorum
Canticorum
cantilena
Cantilena
cantilenae
cantilenis
canzon
canzone
canzoni
capestro
Capetians
Capetingi
Capetti
capillos
Capitani
capitoli
capitur
Capocchio
Caponsacchi
capp
Cappelli
cappello
cappuccio
captatio
capti
captivantem
Capuanus
cara
Cardellino
carezza
cari
carina
carit
caritas
caritate
caritatis
carmen
carmina
carnaliter
carne
Carobert
Caroberto
carola
carole
Carrai
Carraia
Carrara
carriera
Carugati's
Casagrande
Casale
Cascio
Casella
Casella's
Casimiri
Casimiri's
Casini
caso
Cassano
Cassata
Cassata's
Cassell
cassinese
Cassinese
Cassini
Cassitto
Castalian
Castiglione
Castile
Catalogna
catalogue
catalogued
catalogues
cataloguing
Catania
Catarsi
Catellini
Cathars
cathen
Catholique
catologue
Catone
Catria
causam
causis
Cava
Cavalcante
Cavalcanti
Cavalcantian
Cavalcanti's
cavalieri
Cavedoni
cavillers
cavilling
CCX
Cecchini
Cecco
Cecco's
ceci
cecidisse
cecidit
cela
celebrative
celesti
celestiali
Celestino
celi
Celico
CEMERS
cena
cenno
centenario
centesma
centesmo
cento
centre
centro
Cephas
Cepparello
cerchi
Cerchi
cerchio
cernere
certa
Certaldo
certamen
certamente
certo
Cerulli
Cerulli's
Cesari
Cesati
Cesnola
cessa
C'est
Cestaro
Cestaro's
chafers
Chalcidius
Chalcidius's
Chalippe
Champeaux
changeful
changefulness
che
che'l
ch'era
ch'erano
Cherchi
cherubiccus
ch'i
Chiamenti
Chiampi
Chiana
Chiappelli
Chiappo
Chiara
Chiaramontesi
Chiaravalle
chiare
Chiarenza
Chiarenza's
Chiari
Chiarini
chiarissima
Chiascio
chiasmus
chiastic
Chiavacci
chiave
Chierici
Chiesa
Chimenz
ch'i'odo
chiose
Chiose
chiostro
chiusa
Chiusi
chiuso
choix
chome
chordarum
Chos
christiana
Christianae
Christological
Christus
Chron
Chronicon
ci
Ciacco
ciance
Cianghella
Ciappelletto
Ciavolella
ciba
ciel
Cieldauro
cieli
cielo
cima
Cimento
Cincinnatus
cinge
Cino
Cino's
cinque
cio
Ciotti
Cipolla
Cipriano
Ciprigna
Circean
circlings
circolarit
circuibo
circuir
circuli
circum
circumcisionis
circumfulgent
circumfulgere
circumfulsit
circunfulse
Cirra
Cirrhaea
Cistercian
Cistercians
Cistercienses
Cithaeron
citt
Citt
Civ
CIV
cive
civile
civilis
civitate
civitatem
Clairvaux
claritas
claruerunt
classe
Classe
classensi
classica
classici
classicizing
classicus
classis
claudentur
cld
Clemenza
Cleopas
clere
clericorum
clima
climata
climatum
Cluniac
Cluny
Clusium
CLXX
CLXXXIII
Clymene
coartare
Cociglio
Cocytus
Codice
coelestis
coeli
coelo
coelum
coenam
cofunctionaries
Cogan
cogitatio
Cogitatio
cogitativa
Coglievina
cognitio
cognitus
cohibentem
coi
coise
Colchi
Colchian
Colchians
Colchis
colco
Coletti
Collationes
colle
collecta
Collecta
collegi
colloquist
colombi
Colonna
colore
colorem
Colossians
colour
coloured
colours
colui
columba
colure
comam
Comana
comandamenti
Comedia
Comento
comestor
Comestor
comici
comico
Comitatus
comiti
Comme
Commed
commedia
Commedia
commendare
Commentaire
commentata
commenti
commento
Commento
commercium
Commercium
comms
como
Comoedia
Comoedie
Comollo
Compagni
compagnia
Compagni's
comparatione
Comparetti
Compend
compendia
compenso
compl
complession
Complession
composta
Compostella
comprehendit
compreso
computatis
conceptiones
Conceptus
concessive
concetti
concetto
concettuale
concevoir
Conches
conclusione
conclusioni
concomitance
concordia
condidit
Condon
Conf
confessare
confessione
Confessiones
conficitur
conforto
confundentes
congiunta
Congiuntivo
congr
congratularsi
congregatione
Congreso
Congresso
coniunx
conjugational
connexio
conosce
conosco
Conrieri
Consecutio
consideratio
Consideratione
consiglio
Consolatio
consolatione
Consolatoria
Consoli
conspectum
Constances
constans
constitutiones
constitutionum
constructio
construings
consubstantiality
consueto
consultable
Conte
Contempl
contemplanti
contemplar
contemplare
contemplatio
Contemplatio
contemplatione
contemplatives
Contemplator
contemplazione
Conti
contingente
contingenti
contingenza
contingenze
contingere
Contini
Contini's
contraddizione
contradictories
Contrapasso
contraria
contrastes
Conv
convegno
Convegno
Conventual
Conventuals
conversionary
conversione
Convivio
copia
copiam
cor
Cor
coram
Corazzo
Corbaccio
corda
corde
cornacchie
cornetists
Cornford
Cornish's
corno
coro
corolario
corollario
coronarmi
corone
corpi
corpo
corporale
corporality
corporationalism
corpore
corporum
corpusthomisticum
Corrado
corregg
corregger
correggia
Corso
corte
cortes
cortese
cortesia
Cortesia
Corti
Corti's
corusca
cosa
Cosa
cose
Cosenza
costa
costellazione
costrutto
cotanto
cotenna
counterimage
counterview
Courcelle
cp
cr
Crassus
cre
creare
creata
creati
creato
creaturarum
Creazione
crebra
creditur
crescer
Creta
Creusa
Crimi
crimina
Criseyde
cristallum
cristianesimo
cristiani
Cristiani
Cristo
Cristoforo
Cristus
critica
Critica
critici
critico
Crivelli
Cron
cronaca
Cronica
Cruce
cruces
crucifixae
crucis
Crucis
crudele
crudelt
crudo
Crusca
cui
cuique
culmine
culo
cultura
Cultura
Cumaean
cumlega
cumpagni
Cunizza
Cunizza's
cupidigia
cupidinem
cupidinous
cura
curas
Curiatii
Curiatiia
Currado
Curti
Curtius
Curtius's
cus
Cuyo
Cuzzilla
cvi
CXCVI
CXCVIII
CXIV
CXVI
Cyrrha
da
daccapo
d'Acquasparta
dagli
d'Aguglione
Dahlberg
Dahlberg's
dai
Dai
dal
d'alcuna
d'Alderotto
dalla
d'alloro
Damascenus
Damiani
d'amor
d'amore
d'Amore
d'Anchise
D'Ancona
dandas
Daniello
Daniello's
Danilo
d'animo
D'Anna
danni
dans
Dantean
Dantes
dantesca
Dantesca
dantesche
danteschi
Danteschi
dantesco
Dantesco
Dantesque
Dantestudien
DanteStudies
Dantis
Dantist
dantista
dantisti
Dantists
Dantologies
danza
danzando
dape
dapes
d'Appoldia
d'Aquin
d'Aquino
d'Arco
Dardanus
darest
das
d'Assisi
d'autant
DcD
DDP
de
debellare
debemur
Decam
Decameron
d'eccezione
deceden
decem
Deci
Decii
Decius
Decretalist
decretalists
decretals
Decretals
Decretum
dedi
dee
Deen
defettiva
deficientes
definiton
defunctis
degeneri
degli
degnamente
degustata
Deh
dei
Dei
deificatio
deinde
del
d'elez
della
dell'abate
dell'angelo
dell'anima
dell'Arca
dell'argomento
delle
dell'Empireo
dell'esecrato
dell'esilio
dell'immaginario
dell'incoronazione
dell'indicibilit
dell'intelletto
dell'Orso
dell'XI
Delos
Delphica
delubro
delubrum
deman
Demaray
Demopho
deniability
Densior
denti
D'Entr
dentro
deo
Deo
dependet
dependeth
deponentes
der
derivationes
Derivationes
dernier
des
descendentem
descriptivus
descritta
deseruit
Desideri
desiderio
desiderium
Desiderius
determinato
Detheologizing
detto
deum
Deum
d'Euse
Deutsches
deux
devora
d'histoire
di
dia
diacronia
diafani
Dialoghi
dialogue
dialogues
Dialogues
dicean
dicendum
dicens
dicentes
dicevi
dici
diciamo
dicit
dicito
dicitur
dico
Dict
dictus
didascalica
didattiche
die'mi
dietro
Dietro
Dieu
difettivi
difetto
differente
differentemente
differentia
diffetti
difficilior
diffinitivus
diffrazione
Digesta
digiuno
dignetur
digradarsi
digressivus
dilatatio
dilectio
diletto
Diletto
diligendo
diligit
Diligite
dimandar
dimandarvi
Dimmi
dimostra
Dio
Dionsysius's
Dionysius
Dionysius's
dipartita
dipendenza
dir
dirae
Dirce
diretta
dirigentes
Diritto
discerni
disceso
dischiudere
Dischiuso
discordanti
Discorso
Discreta
discreto
discurrent
diseroticization
disinvents
disio
Diskin
disp
disparuit
Dispenza
dispertitae
disponitis
disporre
disposuit
dispregio
disputatae
disputatio
Disputatio
dissenso
disseration
Dissice
distinctis
distrazione
distribuiti
d'Italia
d'italianistica
dittator
Dittochaeon
divagating
divagation
dividit
dividuntur
divina
Divina
divinae
divinamente
divinization
divino
divinum
divinus
divisivus
divulgativo
divum
dixi
Dizionario
Docentes
doctrina
Documenti
Dods
dolce
dolcezza
dolci
Domenica
domina
dominam
dominantem
domine
Domine
Dominicanizing
Dominicus
Dominus
domnear
domos
domus
Domus
Donati
Donati's
Donato
Donatus
donec
donna
donne
Donneare
doplero
doplerus
dopo
Dopo
doppia
doppio
dormendo
dormio
d'oro
dosso
Dostoyevski
dotato
dottrina
doute
dov
Dovehouse
D'Ovidio
downstreaming
drittura
Drittura
Dronke
Dronke's
drudo
du
duabus
dubbiare
dubbiava
Duccio
duelling
dulce
dulcedinis
dulces
dulcescant
dulcis
dulia
d'Ulisse
dum
Dumol
d'un
dunque
duobus
Duomo
duorum
Durandus
duri
dux
Dve
dwelled
Dwyer
DXV
ealit
eatrice
ebrius
ecause
ecce
Ecce
eccellente
eccellenza
Ecclesia
ecclesiastica
ecclesiastico
Ecclesiasticus
ecco
Ecerinis
Echegaray
echi
eco
Ecole
Edenic
ederation
Ediciones
edie
Edisud
Editiones
Editoriale
editrice
edizione
Edizioni
Edoardo
ee
effectus
effige
effortful
egal
egare
Egginton
Egidi
Egidio
Egl
Egloghe
Ehrman
Einaudi
eius
Eius
elanges
Eleatic
electi
electionis
electorum
Elementa
elementali
elementaque
elementi
elementorum
eletto
Elicona
elinxi
Elio
Elisei
eloquentia
ely
elyos
emanationist
emblematizing
emica
emme
emparadised
empireo
emulous
enamorment
Enarr
Enciclica
Enciclopedia
enclitic
encyclopaedia
encyclopedist
encyclopedists
eneral
enigmi
enim
enjambed
enjambement
enlilying
ensacked
entre
entruthed
envejar
envoi
envyes
Enzo
eodem
eodia
eodie
eos
eoscolastique
Ep
Epaphus
epiciclo
Epirus
Epist
Epistola
Epistula
equalit
equalitas
er
eraire
erard
erat
erature
eratures
erch
Ercole
eremitic
ereticali
Eriphyle
eripiam
erit
Eriugena
ero
erotismo
errare
eruditione
erusale
erusalem
Eryphile
Erythraean
escatologia
escluso
Escusar
escusarmi
esegesi
esempi
esempio
esempli
esemplo
esentation
Esopics
Esperienze
espesse
espressive
essa
Essais
essausto
esse
essentia
esser
essercito
essere
essilio
esta
Este
estis
Esto
estremo
etate
etera
eterna
eternality
etes
etherem
etsi
etterno
Etym
etymologizes
etymologizing
Eudoxia
eugetio
eum
Eunoe
eupeptic
Eurip
europea
Eurus
Eusebius
Eutyches
Evander
Evang
Evangelium
evertit
Evidentia
evidentiary
Evo
evue
exacty
excelsis
exceptionalism
excessus
executiva
exegetes
Exegi
exempla
Exemplarity
exemplorum
exemplum
Exemplum
exilic
Exilic
exitu
Exod
exodal
exordia
exordium
expandit
expectatio
expectationes
explere
Expositio
exprimi
exstasis
extenso
extradiegetically
extramissionary
extramundane
exul
ezard
ezard's
Ezio
Ezzelini
ezzeliniano
Ezzelino
Fabbri
fabbrica
Fabi
Fabii
fabulose
fac
faccia
faccie
faceano
facella
facem
facere
Fachard
facies
faciet
facolt
Facolt
facta
factus
Facultad
Faenza
Faes
Fagles
Fairclough
Fallani
Fallani's
falsa
fama
Famagosta
fami
famosa
fanciullo
Fanfani
Fanfulla
fanno
fantolin
faria
Farinata
Farinata's
farine
farsi
Fasani
fasc
Fass
Fasti
fatta
fatto
fattore
fattura
fausto
Fausto
favella
favilla
faville
favole
favour
favourite
favourites
favours
Fazio
Fazzi
Febo
fece
fede
Federigo
Federzoni
felicit
felicitatem
felix
fellonia
Feltre
Feltrinelli
Feltro
feminization
femmina
Fenzi
ferace
feriunt
fermo
Fernand
feroci
Ferrante
Ferrara
Ferrarese
Ferruccio
festa
feste
fiamma
fiate
fictio
fictivus
fidei
fidelis
fides
Fides
Fiesolans
Fiesole
Fifanti
figlia
Figline
figlio
Figlio
figura
Figurae
Figuralism
figuralismo
figurando
figurarum
Figurations
figuratum
Figurelli
filia
filiae
filioque
Filippi
filium
filius
filologia
Filologia
Filosof
filosofia
Filosofia
filosofici
filosofo
Filostrato
finalit
fingitivo
finii
finisco
fiochezza
fioco
Fiore
fiorentini
Fiorentino
Fiorenza
Fiorenzo
Fioretti
fiori
fioritura
Fischel
Fisica
fisico
fiso
fissi
Fissi
Fissi's
fittivo
fiume
fived
flael
flageolet
flailli
flaillo
flajol
flamma
flammas
flaujol
flauta
flautol
flavel
flavescere
flavilli
flavus
Florensis
florent
Florentine's
florentinus
floribus
fluido
flumen
Flumen
fluvido
fluvius
foco
foglie
Folchetto
Folchetto's
Folchetus
Folco
Folco's
Folena
foliis
folle
Folor
Folquet
fondamento
fondare
fondo
fonte
Fonte
fonti
Fonzo
footnoteless
Forence
Forese
forgettor
forma
Forma
former's
Formisano
formulae
Forschungen
forse
Forse
Forti
fortuna
Fortuna
Fortunatus
forze
Fosca
Fosca's
fosse
fossi
Fouarre
Fra
Fraccaroli
fran
franca
Franca
francescanesimo
francescani
Francese
Francia
franciscaine
Franciscanism
Franciscanize
Francisci
Franciscus
Francis's
Frascati
frate
Fratelli
frati
fratrum
fraude
Freccero
Freccero's
freddi
freno
Fribourg
fricasee
frigido
fronda
fronde
fronte
fructus
frui
frusta
frustatoriis
frusto
frutti
frutto
fu
Fubini
Fucci
fue
fuerit
fugere
fui
fuia
fuit
Fulda
fulfils
Fulgebunt
fulgido
fulvido
fulvum
fulvus
Fumagalli
Fumo's
funduntur
fuoco
fuor
futurae
futuri
futurus
Fyodor
Gade
Gades
Gaeta
Gaffney
Gaffney's
Gaius
Galaesus
Galanti
Galassia
Galeotto
Galicia
Galigaio
Galimberti
Galli
Gallimard
Galluzzo
Garboli's
Garigliano
Garisenda
garzone
Gascon
gauge
Gelli
geminas
gemino
gemma
Gemma
gemmological
generant
Genesi
Genette
genitoris
Genova
gente
gentes
genti
gentil
Gentili
gentis
geocities
geomancers
Geometria
Georgic
Georgica
Georgiche
Georgics
Geremia
Germaniae
Geryon
geste
Gesti
Getto
Gherardini
Ghibellines
Ghibellinism
ghibellino
Ghisalberti
gi
Giacalone
Giampiero
Giancarlo
Gianciotto
Gianfranco
Giannantonio
Giano
Giano's
giardino
gigante
giglio
Giglio's
Gilson
Gilson's
Gioacchino
Gioachino
gioe
Giornale
giorno
giovacchino
Giovacchino
Giovan
Giovannella
Giove
Giovine
Giraut
giravono
giri
Girolami
Girolamo
Girolamus
gitta
Giudi
Giuliana
Giuliani's
Giuliano
giunta
Giunta
Giunti
Giuochi
Giuseppina
giusta
giustamente
giuste
Giustiniano
giustizia
Giustizia
giusto
gladius
Glauco
Glaucus
Glaucus's
Glaukos
gli
Gli
gloria
gloriae
gloriam
glossator
glossators
Gmelin
Gmelin's
gnoseological
gnoseology
godeva
godo
Goffis
Gomorrhianus
Google's
gooing
Gorni
Gorni's
Goudet
Goyens
Grabher
Grabher's
Gracchi
grado
graece
Grafiche
Grafico
Gragnolati
Grammatica
grammaticize
gran
Grande
Grandgent
Grandgent's
grandia
Grat
gratia
gratiae
Gratian
gratiosus
grattar
gratulando
gravium
grazia
Graziano
Great's
Greci
Greco
Gregorovius
grembo
gremio
grida
gridare
Griffiths
grige
GSLI
Gualdo
Gualdrada
Gualterotti
guance
guarda
Gubbio
gubernas
Guelphs
guerra
guida
guidano
guidata
guide's
Guidi
Guilhem
Guinizzelli
Guinizzellian
Guinizzelli's
Guiscard
Guittone
Gulielmus
gunnellam
gurge
gustava
Guthm
guttam
Guzm
Haakon
habens
habentem
habere
habitabilis
habiti
habito
Habsburg
Hagman
Hainsworth
Halberstadt
Hamden
Hammersleben
Hampson
hanno
hapax
Hapax
Hardie's
HarperCollins
Hartingham
harundineto
harundo
Harvengt
Havely
healeth
Heber
hebetat
hebraeorum
hebraica
Heil
Heilbronn
Helice
Heliconian
Helie
herba
Herluin
heroicize
Heroides
Herzman
Herzmann
Heterousian
Hexaemeron
hierarchia
Hierarchia
hierocrats
Hiersemann
Hiperi
Hippocrene
Hippolytus
Hippolytus's
Hispano
Hispanus
historia
Historia
Historiae
Historica
Holofernes
Homiliae
hominem
homines
hominibus
hominis
hominum
Homoiousian
homonymous
Honess
Honorius
Honour
hora
horarum
Horatian
Horatians
Horatii
horrendas
Hosannah
hostis
hs
htm
html
http
Huesca
huius
hujusmodi
humanistes
humanitatis
humilis
humiliter
humours
hunc
hundreth
Hutin
hyle
hyperdulia
Hyperspheres
hysteron
ia
Iacopo
Iacopone
iacula
iam
Iannucci
Iannucci's
iano
Ianua
iarca
iata
iati
ibi
icona
icone
iconiche
iconografici
iconographical
ics
ideality
idest
idi
idioma
idolatries
idPagina
iendo
iente
Iesu
ievi
igitur
Igitur
Iglesia
igneam
ignis
ignorantes
ignorantie
ignota
ignoto
II's
ikduj
il
Il
Ilari
Ildebrando
Iliescu
illa
ille
illius
illud
illum
illumina
illuminante
illuminati
Illuminato
Illuminatus
illuminava
illustri
Illyria
im
Imageless
imaginar
imaginarias
imaginativa
imaginazione
imagini
imagistic
Imbach
imbedded
imil
imitantur
immaginazione
immagine
immagini
immanentist
immensae
immensam
immeritum
immeritumque
immeritus
Imola
imparadisa
imparadises
impares
imperador
imperializing
imperii
imperitans
imperium
Importuni
impresa
improbativus
imself
inbreathed
incarnational
Incarnational
incendi
incendo
inchina
inchoatio
inciela
incinquarsi
incipit
inclementia
incontro
incredibili
Indagini
indeficientiam
indubious
inebriant
inebriato
inequalit
infallibile
Infangati
infelice
infirmitas
infive
informis
infuturarsi
infuture
ingegno
Ingegno
ingenio
Inglese
ingradarsi
inheavens
inimicaque
inleiarsi
inlustris
innamoramento
Innamorati
innare
innocenti
innumerabili
innumerae
inquietum
in's
insegna
inserta
insidere
insidunt
insignis
insistences
institutione
institutionem
Institutiones
instrumentum
Insulae
Insulis
integri
intellectiva
intellectum
intellectus
intelletto
intellettualistico
intelligens
intelligenza
intelligenze
intelligere
intelligibiles
intelligitur
intendendo
intendo
intentio
intenza
Interea
interit
interius
internationale
internazionale
Internazionale
interni
interpretatio
interpretazione
interpretazioni
interpreti
Intersezioni
intertestualit
Intertestualit
Intertextual
intertextuality
Intertextuality
inthree
intitulatio
intorno
intrearsi
Introducci
Introduzione
intuenti
invece
inveggiar
inveni
inventrarsi
Invenzione
invenzioni
invesc
Investigadores
invidet
invidetur
invidia
invidiare
invidiosi
invidiosus
invidus
inviscarsi
invitantia
invocatio
invocatory
invocazioni
io
Iolcos
Iole
ioma
ione
Iorio
Iorio's
ipsa
Ipse
ipsum
irta
iscede
islamico
Ispano
Isr
Ista
Istituto
ita
Italia
italiana
Italiana
italianas
Italianas
Italiane
italiani
italianissimo
Italianist
italianistica
Italianistica
Italiano
Italica
Italici
Italicum
italiennes
Italo
itica
Itinerarium
itre
iudicare
iudicatis
iunfanti
Iuppiter
iuris
ius
iusti
iustificabat
Iustin
iustissimus
iustitia
Iustitia
iustitiam
iustitie
iustus
iuvenum
ivet
Ivo
Jacoff
Jacomuzzi
Jacopo
Jacopo's
Jaculum
Jah
Jahrbuch
Jairus
jamais
jambon
James's
Japheth
Jaroslav
Jasonic
jmgainor
joachim
joachimismes
Joachimite
Joachite
Johannine
Juba
Judaeos
Judaeus
jugement
Juliani
justement
Justinus
juventutem
kairos
Kamil
Kantorowicz
Kantorowicz's
Karlheinz
Kenelm
Kennerly
Kennikat
Kirkham
Kleiner
Kleiner's
Kleinhenz
Klett
Klincksieck
Knoespel
Kommentar
Kowal
Kristeva
Kundera
labii
labora
laboro
labour
Lacroix
Lactantius
Lactantius's
lactare
lactaverint
lacteo
lactere
lacto
lacus
laedere
laedit
Lagia
L'agnello
L'aiuola
l'ali
L'Alighieri
L'Alightieri
l'alloro
l'altre
Lamberti
l'amore
L'amore
l'amoros
l'amoroso
Lanci
Lancia
Landi
Landino
Landino's
Lanfranc
langue
Langue
langues
l'anima
l'antica
Lanza
Lapo
l'Apocalypse
l'application
L'aquila
l'arme
Lastra
latebra
Laterza
latin
latine
latini
Latini
Latini's
Latinism
Latinisms
Latinist
Latinizing
latino
latinorum
Latinus
Latinus's
Latium
Latona
Latona's
latr
latria
latronum
Lattanzio
lauda
laudamo
laudamus
laude
Laudes
laudibus
laureations
Laurentianum
lauro
laus
l'auto
lauzeta
l'avara
Lavaur
L'averroismo
lavoro
Lavoro
L'avvocato
le
leapt
Lecce
Leclercq
Lecoy
lect
lectulo
lectura
Lectura
lecturae
Lecturae
Ledda
Ledda's
L'Eden
lege
Legenda
legga
leggende
leggere
Leggere
leggiadria
legibus
legno
Legomena
legomenon
lengua
Lengua
l'enigma
Lenkeith's
lente
Leonardi
Leonardi's
Leonella
leonis
l'epopea
Lepschy
les
l'esegesi
L'esegesi
l'esempio
L'esperienza
l'essere
lessico
l'estremo
leta
letargo
Lethaeumque
lethe
letizia
Letras
Lettera
letteraria
Letterarie
letterario
letteratura
Letteratura
lettere
Lettere
Letterio
l'etterno
L'etterno
letto
lettor
lettore
lettre
lettura
Lettura
letture
Letture
Leuker
Leva
Levarie
Levavi
Levenstein
Levenstein's
leves
levi
levitas
Lewiston
Leyerle
Leyerle's
lezione
li
libello
liber
Liber
libera
Libera
libertas
libertino
Libreria
Libri
libro
Libro
librum
licet
l'idea
Lieberknecht
Lienzo
lievemente
Liguori
Liguria
lilia
l'imago
L'imago
Limbus
liminal
limite
l'impegno
linea
linguae
linguaggio
linguagium
Linguistica
linguistici
l'intellect
l'interpretazione
Lippo
liquare
liquefatta
liquere
liquet
liquify
l'ispirazione
litare
literalizing
literatura
Literatura
liti
litora
litoral
litore
litoribus
litt
litteralis
liturgico
lituris
Liutprand
Liviana
loc
Loca
locandus
locuta
loda
Loescher
Loffredo
logeroit
logicales
loglio
l'oltretomba
Lombardo
Lombardo's
Lombards
l'ombra
Longa
Longen
longitudo
Longo
Longuyon
loquela
loquimini
lor
Lorenzetti
Lorenzetti's
loricam
L'origine
loro
l'orologio
Lorris
los
Louvain
Lovaniensia
lowpoint
Lucan
Lucanian
Lucano
Lucan's
Lucca
Luccan
l'uccel
luce
lucenti
lucerna
lucerne
luceva
luci
lucore
Lucrece
lucubrations
lue
lueim
lui
l'ultima
L'ultima
l'ultimo
l'umana
lume
lumi
luna
lunae
lunare
lunari
lunga
lungo
Lungo
Luni
L'unit
l'universo
luogo
Luogo
l'uom
l'uscir
Lusignan
lustro
lux
Luxemburg
Luxograph
luxuria
LVE
LXXIX
LXXV
lxxx
Lycaon
m'abellis
Macario
Macarius
macaronic
Macarrone
macchie
Macerata
Macfie
Machometi
Macrobio
Macrobius
Macrobius's
macrosequence
maculate
madre
Maest
maesta
maggior
maggiore
magiche
magister
magna
Magna
Magnae
magnam
magnanimo
magnificenza
Magnifico
Magnino
Magnus
mago
Magra
magus
mai
Mainz
maior
mal
mala
malachoth
malacoth
Malaspina
Malatestino's
Malato
Maldoli
Maldolus
Malebolge
maledictive
maledizione
malesuada
malgoverno
maligno
Malik
Malispini
malo
malta
Mamiaro
Mamiaro's
mamlachot
mamma
mamme
manche
mancia
Mandelbaum
Mandonnet
mandra
manducavit
Manetto
Manfredi
Mangiadore
Manheim
Manlio
Manlius
manneristic
mano
manoscritti
Manselli
Manselli's
mansiones
mansionibus
manto
manu
Manuele
manus
Marca
Marcazzan
Marchesi
Marchi
Margherita
margherite
Mariae
Mariani
Marietti
Marigo
Mariolatry
Mariotti
Marra
Marseille
Marsiglia
Marsilio
Marsyas
Marsyas's
Marte
Martello
Martellotti
Martinelli
martire
marvellous
marziale
Marziano
Masciandaro
Masciandaro's
Massimilano
Mastalli's
masterplan
Mastino
Mastrobuono
materia
materiam
maternum
Mathison
matrilineal
matris
Mattalia
Mattalia's
Matth
Matthaei
Maundy
Maurus
Mazzeo
Mazzeo's
Mazzoni
Mazzoni's
Mazzotta
Mazzotta's
McCallister
McMansions
mea
Mea
meadowlands
meam
mediaeval
Mediaeval
Mediaevalia
mediatrix
medicina
medievale
medievali
Medievalis
Medio
Medioevo
meditandi
Meditatio
Meditationes
Meekins
meglio
mei
mel
Melancthon
Melchizedech
Melchizedek
Melissus
melius
Melk
Mellen
Mellone
Mellone's
membrum
memoria
Memoria
mendacium
Mengaldo
menger
meno
mensura
mentale
mentales
mentaliter
mente
mentire
mentis
Mentis
mentiti
menzogna
meo
meos
Mercato
meretrix
Meretrix
meritis
merito
meritumque
Merlante
Mero
Mersch
merta
merto
mesmes
messer
Messina
Mestica
Metafisica
metafora
metafore
metaforismi
Metam
metamorfosi
Metaphys
metaplasmic
Metelliana
Meteora
Meteorologica
metonymic
Metonymic
metrica
meum
Meun
Meun's
meus
Mezzadroli
mia
micat
middot
miei
miglior
Migliorini
mihi
Milella
milione
militare
militari
militaro
militiae
milizia
mille
millennia
millia
miltary
Mineo
Minnis
Minorca
minori
Minos's
minuzie
mio
miracol
miracolo
miraj
Mi'raj
Mirandola
mirantur
miri
miro
mirrare
mis
misdates
mise
Miserere
misericordia
Mishtooni
Mismapping
mismeasured
misprisions
mistica
misurar
misuratore
miti
Miti
mito
Mito
Moab
modelled
modello
Modena
moderazione
modernes
moderni
modesta
modesti
modo
Moevs
Mohammed
mola
molis
molitor
Mollica
molto
Momigliano
Momigliano's
Monago
monarchia
Monarchia
monasticae
Mondadori
mondi
mondo
mong
monna
Monnier
Monologion
monophysite
Montanari
montanina
Montanina
Montano
Montaperti
Montecassino
Montefeltro
Montemalo
montes
Montfort
Montpellier
Monumenta
monumentum
moonspots
mora
morali
Moralia
mordeant
moribus
Moriconi
moriro
Moroello
Moronto
Morrogh
mortale
mortalis
morte
morti
mortis
Morzadec
Mosca
mostra
mostrare
mostraro
moto
motori
motti
Mottoni
mourir
moventem
movimento
movitori
Mowbray
Moyen
mprenta
MSS
Mucius
mulieres
Mulino
multum
Munda
mundi
munditiam
mundo
mundum
muno
munus
muore
muovere
muovono
Muresu
Muret
murmure
musa
Musa
Muscetta
Musen
Muses's
Mussato
Mussato's
Mussatus
musulmana
mutantur
Mutina
mutor
Muzio
mystica
Mythe
mythographic
mytics
na
Nabuccodonosor
Nac
Nachleben
Nacional
nacque
naissance
namque
nanna
Narciso
Nardi
Nardi's
narrante
narratio
narrativa
narratore
nasce
nascita
Nasti
nata
nati
natione
Nativitatis
nato
natura
naturale
Naturales
naturalis
naturans
naturata
naturis
natus
Nausicaa
Navarre
navicella
Nazianzus
ncesc
ne
Neapolitana
nebulas
nec
Nec
necte
negaci
negli
nei
neighbouring
nel
Nel
nell
nella
nelle
nell'epistola
nell'et
nell'etterno
nell'Italia
nell'opera
nell'ultimo
nemus
neo
neolatini
neoplatonic
neoplatonist
neoplatonizing
neque
Neque
nera
Nereo
Neri
Nerli
nestlings
Neue
Neuf
neve
newadvent
Newberryana
nferno
Niccol
Niccoli
nichil
Nicolae
Nietzschean
nigra
nigris
nihil
Nihil
nineness
ninna
Nino
Ninus
nitpickingly
nn
nobilitasti
nobilmente
nobilt
nobis
nocchiero
Nocera
noctes
nodo
noli
Nolite
nomi
nominat
nomine
Nomine
Nonne
Norcia
noster
nostr
nostra
nostrae
nostraque
nostre
nostro
nota
Nota
Noterelle
nothernmost
notum
nought
noumenal
Novati
Novati's
nove
Nove
Novellae
novelle
Novello
novem
noverca
novi
novo
nox
noz
nozione
nozze
Nozze
ntendendo
nubem
nubilis
nullo
nullus
Numa
numen
Numeri
numero
numerus
numi
Numidia
numina
numquam
nunc
nuova
Nuova
nuove
Nuove
nuovo
nuptiarum
nuptias
Nutt
nvoglia
n'y
Nysa
obducta
oblita
obliti
observantia
obtinet
occasum
occhi
occhio
octavus
octo
oculos
Oderisi
odo
Oelsner
Oelsner's
offerti
officiis
offizio
ogne
Okamura
O'Keeffe's
olica
olim
Olivi
Olivi's
olocausto
Olschki
olto
oltraggio
oltrare
Omaggio
Omberto
ombra
ombre
omero
omne
omnes
omnipotente
omnis
omnium
onde
Ond'io
onestade
online
onne
onno
onomastica
onoravano
onore
Onorius
Ontologia
Ooliba
operativa
opere
Opere
operis
opinioni
opoi
oportet
opposers
oppositionally
oppressit
opprest
optative
optimo
Optimus
opulentiam
ora
oracolo
orant
orationis
Ordinamenti
ordine
ordines
Ordiway
Ordo
Orduña
org
organi
organo
oriafiamma
oriens
oriente
oriflamme
Oriflamme
Origen
origine
Orizzonte
Ormanni
Ormista
Ormsby
Orosius
O'Rourke
Orsanmichele
orto
ortu
Orvieto
os
osanna
Osanna
oscura
Osma
ossa
Osserman
osservare
osservazioni
Osservazioni
ostendam
Ostia
ostomo
otes
Otfried
oth
otherwordly
otium
ottima
Ottimo
Ottimo's
ottobre
ou
Ouros
Outsings
overcounting
overdecoration
overleaps
Ovidian
ovidiani
Ovidii
Ovidio
Ovidius
Ozanam
Pachynus
Padoan
Padoan's
padri
Padua
Paduan
paesaggio
pagani
paganorum
paganos
Paget
pagina
paglia
Pagliaro
Paideia
Palacios
Palacios's
paladino
Palagio
palazzo
Palazzo
Palencia
Palermi
paliers
palindromatic
palinodic
Palinodic
palio
Pallas
palma
Palma
Palma's
palmers
Palumbo
Pandectae
panegirico
panem
pannum
panoramique
paon
pape
Pape
Paradies
Paradis
paradisal
paradisiac
paradisiaca
paradiso
Paradiso
Paragone
Paratore
Paratore's
parcere
pareggio
pareglio
pareilles
parentali
parente
parentem
parere
paresser
pareva
parhelion
parla
parlando
parlar
parlare
Parma
Parmenides
Parodi
parodic
Parodi's
paroffia
parola
parolette
parrocchia
parte
partecipazione
parti
partibus
partio
parvo
Pascoli
Pasifae
Pasiphae
Pasquazi
Pasquini
passaggio
Passerin
Passerini
Passero
passi
passo
Pastore
pastori
pastura
patiente
patitur
Patmos
patr
patre
Patre
patria
patrio
patrium
pauci
Paulinus
Paulus
pauperculae
Paupertate
pax
Pax
Peana
peccata
peccati
peccato
Peccatore
peccatoribus
peccatum
Pecoraro
Pecoraro's
pectore
Peeters
Pegas
Pegasean
pei
Peire
Peirone
pelago
Pelikan
pelle
Pellegrini
pellucidly
Pelorus
Pene
Peneia
Peneian
penetra
Peneus
Peneus's
penna
penne
pennuti
pensamen
pense
pensiero
Pera
Perazzini
Perdiderint
perennius
perfecti
perfectos
perfetta
perfetto
periphrastically
Peristephanon
Pernicone
peroratio
perpetua
Persio
Persius
Persius's
personaggio
personas
personed
personis
perspectival
perspicaciter
persuado
Pertile
Pertile's
Perugi
Perugia
Perugians
Perusia
Peruzza
Peruzzi
pes
pessimissmo
Petavius
petiere
petit
Petrarca
petrarcheschi
Petrie
Petrine
Petrocchi
Petrocchi's
petrose
Petrus
Petrus's
petto
pexare
Peza
Pforte
Phaedo
Phaedrus
phantasy
Phars
Pharsalia
Pharsalus
Philalethes
Philo
Philomythes
philosophe
Philosophiae
philosophie
Philosophie
Phoebi
Phoenice
Phrygia
piace
piacer
piacere
piana
pianeti
pianeto
Piangene
pianse
pianta
Piave
Piccarda
Piccarda's
piccioletta
Pickens
Pico
Picone
Picone's
piedi
Piero
Pierotti
Pierus
Piest
piet
pieta
pietosa
pietra
Pietrobono
Pigli
pigliavano
piis
piissimae
pilum
Pinchard
Pincherle
pinse
pio
Pio
piota
Pirro
Pisan
pisanus
Pistoia
Pistoia's
piume
pius
Placella
placemarks
placidas
plaisante
Platon
Platone
platoniche
Platonis
platonismo
platonist
platonists
platonizing
plaudere
plebeo
plenis
plenitudinem
plenitudo
plom
plough
ploughman
ploughshare
Plutus
PMLA
poca
pochi
poco
podest
Podest
poema
Poema
poesia
Poesia
poesis
poeta
Poeta
poetam
poeti
Poeti
poetica
poeticized
poeticizing
poetico
poeticus
poetriae
Pohndorf
Poletto
Poletto's
Polifemo
Polistampa
politia
politica
polysemous
Polysynchrony
polyvalent
Pompeo
pondera
pondus
ponno
Ponte
Pontius
Ponto
Pontus
Popoli
Popolo
populique
Porcelli
Porena
Porena's
Porete
porse
Porsena
porta
Porta
portae
Portas
porte
Portirelli
Portirelli's
pos
Poscia
positivistic
positivus
possente
possetis
possibile
Posso
possono
Postface
postfigurations
Postilla
postille
posto
Postquam
poststructuralist
potens
potenz
potenza
potenziata
poterat
potest
potuit
povera
poverella
povert
Pozza
praecedentibus
praeclara
praedicantes
praedicatoria
praelatos
praenatat
praesumptio
praevidentur
praevisa
praevisum
praiseful
Prandi
pratis
pre
Pre
preacherly
precetti
precetto
preciso
preconio
predawn
predella
predetti
predicans
predicazioni
prefazi
preferability
prega
pregher
pregherà
preghiera
prego
preliba
prelibare
prelibating
premessa
premodern
prendeva
prendra
preparata
Presenze
pressa
Pressa
presta
presunsi
preus
prevenient
preziosismo
pria
pridefulness
priego
prima
primaeque
primavera
primi
primipilo
primipilus
primissimus
primizie
primo
Primo
primum
Primum
primus
Primus
Principato
principi
Principi
principio
Principium
principum
pris
Priscian's
Proba's
probativus
probatur
problematica
problemi
Problemi
Probus
procede
Proclus
prodi
proem
proemial
profetica
profetico
Profetismo
profond
profonda
profondi
profondo
profundam
profundat
profundum
progetto
programma
Programma
proice
prome
pronos
properat
propheta
propiamente
proposito
proposta
proprie
proprio
propter
Propter
prora
Proserpina
Proslogion
prospettiva
prospettive
protasis
proteron
Proto
Proustian
provando
proven
Proven
provenant
providus
Prudentius
Prudentius's
Prudenzano
Ps
Psaki
Psalterium
Ptolemais
pu
pubblico
Pubblico
publica
Publius
puerizia
pueros
Puglia
pulcerrimae
pulcritudinem
pulverem
pulvis
punita
punta
punto
puntum
Punzi
puommi
pur
puretta
Purg
Purgatorio
puri
pusillo
puttana
Pyrrhus
quaderni
Quaderni
quadraginta
quadrantis
quadresima
Quadripartitus
quae
quaedam
quaerens
quaesitam
quaesivi
Quaesivi
quaestio
Quaestiones
Quaglio
quale
Quale
quali
qualis
quam
quando
Quando
quartiere
quartieri
quarum
quasdam
que
quei
quel
quella
quelle
quello
quelque
quem
querat
questa
queste
Questio
questione
questioni
Questioni
questionis
questo
qui
Qui
quia
quiddity
quidem
quiditate
Quijote
qu'il
quin
Quinci
Quinctius
Quinones
quinque
quinta
Quintavalle
Quintius
Quirinus
quis
quisquilia
quitted
quod
quoddam
Raab
Rabano
Rabanus
Rabanus's
Rabuse
racionativum
radice
radici
raff
Raffa
Raffaele
raggiare
raggiasse
raggio
ragiona
ragionare
ragione
ragioni
Ragni
Ragni's
Rahab
Rahab's
Raia
Raimondi
Rajna
rapido
rapiunt
rapporti
rappresentazione
raptus
rarified
Rascia
Rashdall
Rassegna
rassis
Rati
ratione
ratis
Ravenna
ravennate
Ravennate
Ravignani
Raynaldus
reacquaintance
realt
reassume
reassumed
Rebecca
recepta
rechanneling
reclad
reconceptualized
recontextualize
recta
rectae
recte
reddidit
reddit
redeam
redivivus
redole
reductaseclusum
reemergent
referuntur
refound
refounding
regalmente
Reggio
Reggio's
regia
regimine
regis
regna
Regnery
regno
regnorum
Regnum
regula
regulam
Rehoboam
reinterred
Relacion
relative's
relegare
relegata
relegato
religi
religione
religioso
remede
Remigio
Remigio's
Remigius
Remo
Rennes
Renouard
Renzo
repetaled
repetitio
replebitur
repr
reprensione
reputabatur
requ
requies
requiescat
rerains
rerum
rescripting
respectu
resplende
respondeas
respondendum
restant
restaurare
resubstantiation
Resumpta
Resurgi
resurgit
resurrective
resurrezione
retorica
Retorica
retransformed
retroceded
revaluating
reverteris
revisitation
revolutione
Rhodope
Rialto
riarmar
Ricci
Ricciardi
ricerche
Ricerche
ricezione
richeza
richiamo
ridenti
ridi
Rieti
Rifeo
Rigo
rigorism
rigorist
riguardi
rilega
rilegare
rilegate
rilegato
rilegollo
rilevare
rima
riman
Rimaneggiamenti
rimica
Rimini
rimossa
rimoto
Rinascimento
ripari
Riph
Ripheus
Ripheus's
riprovando
riputazione
rischiari
Riscontri
risensarsi
risolti
risplende
risponda
ristampa
Ristoro
Risurgi
ritardare
ritenuto
ritmica
ritrovai
ritu
rivisitato
Rivista
rivolger
Rizzardi
Rizzardo
robbi
Roberti
Robertis
Robiglio
Rochais
Roddewig
Rodopi
Roffar
roffia
rogna
Romagna
romana
Romana
Romanic
romanica
Romanica
Romanische
romanza
Romanza
romanzesche
romanzi
romanzo
romers
Romeus
Romieu
Romuald
Romualdi
Roncesvalles
rore
rosa
Rossellino
rosso
rotat
Rovighi
Rovigo
Rovito
Royston
rr
Rubeis
Rubenstein
rubra
rubro
rudibus
Ruedi
Ruggero
rulership
Russi
Rutebeuf
RVF
sa
saba
Sabaoth
Sabbatino
Sabbatino's
Sabellius
Sabines
Sacchetti
Sacchetto
Saccone
sacerdozio
sacramentis
sacrate
sacratissimis
sacrato
sacrificio
sacro
Sacrobosco
sacrosante
sacrosanto
s'addua
s'aduna
Saffiotti
saggi
Saggi
saggio
Saggio
Sahl
Salic
salire
Salmodie
Salsano
salse
Salterello
Salus
salutatio
salutis
saluto
salva
salvable
salvamento
salvare
salvations
salvatore
salvezza
Saly
Sambucina
s'ammorza
Sampaolesi
san
San
Sancta
Sanctae
Sancti
Sanctis
sancto
Sancto
sanctorum
Sanctus
Sandron
sangue
sanguigno
Sanguineti
sanguis
sanitatem
Sannella
Sansoni
santa
Sant'Agostino
sante
santo
Santo
sanza
Sapegno
Sapegno's
saper
sapiens
Sapientia
sapienza
Sapienza
s'appellava
sar
saranno
Sardanapalo
Sardanapalus
Sardanapalus's
Sardanapolo
Sardegna
sarebbersi
Sarno
Sarolli
Sarolli's
Sarteschi
sartor
sasso
satis
Saverio
Savi
Saville
Savj
sberna
Scaevola
Scaglione
scala
Scala
scaleo
Scaliger
Scaligera
Scaligeri
Scaligers
scalz
scalzasi
Scancarelli
scaping
Scartazzini
Scartazzini's
Scartzzini
sceleratus
scendessi
sceptre
Scevola
Schede
Scherillo
Schildgen
Schildgen's
Schnapp
Schnappian
Schnapp's
scholastica
scholasticism
Scholasticism
Scholia
Schwarz
Sciascia
scientifica
Scientifico
scienza
scilicet
scintillae
sciolte
Scipione
Scipionis
scoglio
scola
Scolar
scoperta
Scotus
scriba
scribere
scriptor
scriptura
Scriptura
scritti
Scritti
scrittura
Scrittura
scritture
scriva
Scrivano
scuola
Scuola
scuole
scutum
se
secondo
secreta
sectatores
secum
secundum
sed
Sed
sede
seeable
Seem's
segn
segna
segni
segno
segreti
seguendo
seguitando
SEI
selva
selvaggia
Selvaggia
sem
semantica
Semantica
semantiche
Semele
Semele's
Semestrale
Semifonte
Seminario
Semiotica
semita
s'empesche
sempre
sene
Senecan
Senece
seneschal
senex
Senigallia
senno
Senonian
sensibile
sensitiva
senso
sensus
sententia
Sententiae
sententiam
Sententiarum
sentenza
senti
sentio
sentire
sento
senza
separantes
septem
septembre
sepulchre
sequi
ser
Serafini
seraphicus
Seraphicus
seraphim
Seraphim
serena
serenum
Seriacopi
serie
Serie
sermo
Sermo
Sermocinatio
sermone
Sermones
serra
Serravalle
servitus
Servius
sesta
sestieri
sesto
Sesto
setiembre
sette
Sette
settentrionale
s'etterna
settimo
Seuil
Severinum
Severinus
Sewanee
Sextus
sexualization
sfere
sfida
sfogato
Sfoghi
shallying
Shankland's
shilly
Shoaf
si
s'i
S'i
sia
siciliani
Siciliani
sicut
sideris
sidus
Siena
sieno
siete
Siger
Siger's
Sighieri
Sigieri
Signa
significa
significano
significat
significati
significatur
signum
Sila
silere
silogizz
silva
silvae
Silverste
simbolo
similemente
similetic
Similetic
similis
similitudine
similitudines
similitudini
Simonetti's
simoniac
s'impola
s'incinqua
s'incinquare
sincretism
sincretismo
s'infutura
singlular
singulariter
S'io
sirene
Siro
Sirri
SISMEL
sive
Sixtus
Sizii
Smarr
smarrire
smarrita
smarrito
Smyth
soave
sobranza
Soci
Sociale
Societ
sodali
sodalizio
sodisfarvi
Sodoma
sofista
soglia
soglie
soif
sola
Soldanieri
solea
solent
soli
solis
solitum
sollicitare
Soloman
Solomonic
soltanto
somma
Somma
sommo
somnia
Somnium
sonantia
Soncino
sonetto
sono
sonum
Soph
sopra
Sorbon
Sordello
Sordello's
Sordellus
sorores
sorrise
sorte
sortiamur
sospesa
sospiri
sottile
sotto
Sotto
sovra
Sowell
spagnole
spandi
spatio
specchio
spelonche
speluncam
speme
spense
spera
speranza
sperare
speravi
sperent
Sperent
sperimentale
Sperino
spero
spes
Speziali
spiace
Spiazzi
spietato
spir
spirando
spirare
spiratio
spiration
Spiration
spiriti
spirito
Spirito
Spiritu
Spirituali
Spiritus
spiro
splendidus
splendore
splendori
splendour
sponsalizie
sposa
springtimes
Spunti
Squarotti
squilli
Stabile
stagion
Stanislao
starei
staret
stata
Statian
Statius
Statius's
Stazio
stea
Steenberghen
Stefanini
stella
stellato
stelle
Stephany
sternitque
stesso
Stierle
stil
stillam
stille
stilnovistic
stimare
Stocchi
Storey
storia
Storia
storico
Storico
strepit
strifes
Strumenti
struttura
Strutture
studi
Studi
Studia
Studii
studiosi
Stull
stupefacti
stupefatto
Stygios
su
Su
sua
Suabia
suae
suam
suas
Subasio
Subiaco
subiectis
subiectum
sublevatio
sublunar
Subsistant
subsistences
subsistere
subsisto
substantia
substantiam
substanzia
subtilizer
sudarium
suggelli
suggetto
sui
sul
sulla
sull'esempio
sulphur
Sume
sumite
summa
Summa
Summulae
sunt
suo
suoi
superba
superbia
superbiam
superbo
superbos
Superbus
supereminent
superna
supernas
supersession
suppeditare
suprema
Surgam
surgere
surrecturus
surse
Susa
suspensio
sussistenza
sussistenze
sussisto
Sustanza
sustanze
sustulisti
susurrio
suum
svegliar
Svevo's
sviluppo
Swabia
Sychaeus
syllogizing
Synaesthetic
syncretic
syncretism
Syncretism
syncretistic
syncretistically
synecdoche
Tadino
Tagliamento
tamquam
t'anni
tanquam
tanta
tanto
tantum
Tarentines
Tarentini
Tarquin
Tarquinii
Tarquinius
Tarquins
Tartara
Tartaro
Tartarus
Tasso
t'assonna
Tasso's
Tateo
Tavoni
te
tecum
tedesco
Teil
tela
tellus
tema
tematiche
temo
temperans
temperasse
temperi
tempi
tempie
Tempier
Tempier's
Templari
Templars
Templer
templum
temporis
tempus
tende
tendenze
Tenso
tenta
tentativa
tenutosi
Tenzone
Teodolinda
Teodolonda
teologia
Teologia
teologica
teologiche
teologico
teologo
teor
tercet
Tercet
tercets
tercet's
terminar
terminare
termine
terra
terrae
terram
terrena
terrenae
Terreni
Terrestre
tertia
Tertullian
terza
terzina
terzine
terzo
Teseida
Teseo
Tesoretto
tesoro
Tesoro
tesselation
Testamenti
testatur
Testi
testo
Testo
testuale
tetragon
tetragrammaton
Tha
Theb
Thebaid
theocentric
theol
Theol
Theologiae
theologica
theologized
Theologus
Theophilus
theos
Thessalian
Thessalonians
Thetis
Thierry
thipo
Thomas's
Thomist
Thomisticum
Thyestes
tian
Tiberino
tibi
Tibor
Ticinus
Tifeo
Tifo
Timaeus
timeline
timens
Timeo
timido
timone
tintinno
Tipografia
tiri
Todeschini
Todi
Toffanin
Toffanin's
tollit
Tolomei
Tolommeo
Tommaseo
Tommaseo's
Tommaso
tona
tonans
Tondelli
tondo
tonitrua
Topino
topoi
topos
torniare
Torquato
Torquatus
Torraca
Torraca's
Torronet
Tosa
Tosinghi
totius
totum
Toulon
Tozer
Tozer's
tra
Tra
tractandi
Traditio
tradizione
traduttore
traged
tragedia
tragediarum
Traina's
tranquilla
transeant
transferre
transhumanate
transhumanization
transiret
translatio
translato
transparentiam
transumptive
transumptivus
transvaluated
transvaluation
transvaluations
trapassar
Trasfigurazione
Trask
trasumanar
trattano
trattar
traveller's
traxit
tre
Tre
Trecento
trenta
trentesimo
Tresor
Trespiano
Trevigiana
Trevisan
Treviso
tribuens
Tribus
Trifon
triform
Trinacria
Trinitate
Trinitatis
trista
Tristia
tristo
triumphales
Trivigiana
Troad
trobadorica
trobadorico
troglodytic
Troiae
Troiam
Troiano
Troilus
trois
Tronto
Troppa
troppo
Trottmann
trovano
Trovato
trovatori
Trucchi
Trucchi's
tu
Tu
tua
tuarum
tuenti
tui
Tullius
Tullus
Tulone
Tulone's
tunc
Tundale
tuo
Turelli
turge
Turicensis
Turmbau
Turnhout
Turnus
Tuscul
Tusculum
tutte
tutto
tuum
Twayne
Typhoeus
typus
Ubaldo
Uberti
Ubertino
Ubertino's
ubi
Uccellatoio
Uccellini
uccello
Ughi
Ugolino
Ugolino's
Uguccione
Uguitio
Uitti
Ulisse
Ulivi
uller
ultima
ultio
ultusque
Ulysse
umana
Umanistiche
umanit
umbelicus
Umbria
Umbrian
umbriferi
umida
umile
umilt
un
Un
una
un'allegoria
un'ardita
unbefitting
unbeknownst
und
unde
undercounting
undergirds
undici
Undivine
une
ungenuine
unicum
uniroma
unitas
unitate
Unitate
unitatis
unius
universale
Universalis
Universidad
Universit
universitaires
Universitaires
universo
Universo
universum
unlocatable
unmediated
unmilitary
unnaccountably
unpoetic
unreflectingly
unriddled
Unriddled
untert
ununderstandable
Unwintering
unwinters
uolens
uopo
urbe
Urbisaglia
Urias
Ursprache
usica
uso
usuale
ut
Ut
utero
uti
Uytfanghe
Uzzah
va
vagus
Valdigreve
Valdonega
Valerio
valle
Vallone
Vallone's
valore
Valore
valorize
vampa
Vandelli
vaneggia
Vangelo
vanitate
Vanossi
vanto
Varagine
Varanini
varca
Varchi
Varela
variis
vas
Vas
vasello
vaso
Vasoli
vates
vaticana
Vaticano
Vatori
Vazzana
Vecchietti
Vecchio
vedendo
veder
vedere
Vedeste
vedi
vedra
vedrai
Vegetius
veggio
Veglia
Veglia's
veglio
vei
vel
velim
velle
vellera
Velleribus
Velli
vello
Vellutello
Vellutello's
Velluti
velo
veloci
veltro
Veltro
veluti
venandi
Venantius
venenoso
venenum
Venere
Veneris
veneta
vengeances
veni
venien
veniens
veniet
Ventadorn
ventre
ventrem
ventris
ventura
Venturi's
Venus's
venuta
venute
venuto
vera
veramente
verba
Verbeke
verbo
verborum
verbum
Verdier
vere
Vergil
Vergiliana
Vergine
Vergini
veri
verifica
verit
veritas
veritate
veritatem
Veritatis
vernaculaires
vernacularist
vernacularize
vernacularizing
Vernani's
vernare
Vernois
vero
versi
verticibus
verumtamen
vescovo
Vespri
vesta
vestigio
vestigium
vestro
vetantem
veteris
Vettori
vetus
viaggio
Vianello
vicem
Vicenza
vicino
vicissime
Vicovaro
Victorinus
vida
videre
videri
videt
vidi
Vidi
Vidimus
Vieri
vigentque
vigilat
Vigilia
vigilie
Vigna
Vigne
VII's
Villani
Villani's
Villanova
Villeneuve
Vinay
vince
Vincenzo
vincere
vinci
Vinci
vincire
Vinci's
vincon
vinculum
vinedresser
vinse
vinta
violenti
vir
Virbius
vires
virgil
Virgilian
virgiliana
Virgilius
virginiana
Virginis
virgulta
virt
virtus
virtute
Viscardi
Visconti
Visdomini
visibile
visione
Visione
viso
visto
visum
visus
Vitale
Viterbo
vitis
Vitruvian
Vitruvius
Vitruvius's
Vittore
vivae
vivi
vivis
vivissime
vivono
VN
vo
vocati
vocavit
voce
voces
voci
Voeux
voglia
voglie
voglio
voi
Voi
volabant
voler
volgare
volo
volont
volontade
volta
volte
voluit
Voluntad
voluntade
voluntas
voluntate
voluntatis
von
vonno
Voragine
vos
vostra
vostre
vostri
voto
vox
Vox
Vrin
vulgare
vulgari
vulgata
vv
Waltherius
Wanke
Warburg
Weatherby's
Weidhorn
Wenceslaus
wherefrom
Wicksteed
Wikipedia
will's
Wingate
Wingell
Wiscardi
Witke
Wlassics
wo
wonderboy
Woodhouse
wordly
Wunderkind
www
XIII's
XIXX
XLI
XLII
XXII's
Yeo
ylem
ymaginem
ymo
yperdulia
Zama
Zanichelli
zelo
Zennaro
Zimmermann
zu
Zygmunt
zz
