
Document parameters:
	Doc. type  = Description

::::::::::::::::::::::::::::::::::::::::::::
Preloading desc into staging/desc.
::::::::::::::::::::::::::::::::::::::::::::
Warning: overwriting existing output file staging/desc
Verifying staging/desc...

No Verification Errors.
-rw-r--r--   1 dante    dante        333 Mar 12 11:40 staging/desc
Using descriptive data from ../desc.

Document parameters:
	Doc. type  = Commentary
	Commentary = Lungo
	Language   = Italian
	Pub. Year  = 1926
	Cantica    = 10-Inferno

::::::::::::::::::::::::::::::::::::::::::::
Preloading 01.e into ../staging/inf/01.
::::::::::::::::::::::::::::::::::::::::::::
Warning: overwriting existing output file ../staging/inf/01

Filtering 01.e...
Verifying ../staging/inf/01...

No Verification Errors.
-rw-r--r--   1 dante    dante      33372 Mar 12 11:40 ../staging/inf/01

::::::::::::::::::::::::::::::::::::::::::::
Preloading 02.e into ../staging/inf/02.
::::::::::::::::::::::::::::::::::::::::::::
Warning: overwriting existing output file ../staging/inf/02

Filtering 02.e...
Verifying ../staging/inf/02...

No Verification Errors.
-rw-r--r--   1 dante    dante      28333 Mar 12 11:40 ../staging/inf/02

::::::::::::::::::::::::::::::::::::::::::::
Preloading 03.e into ../staging/inf/03.
::::::::::::::::::::::::::::::::::::::::::::
Warning: overwriting existing output file ../staging/inf/03

Filtering 03.e...
Verifying ../staging/inf/03...

No Verification Errors.
-rw-r--r--   1 dante    dante      23216 Mar 12 11:40 ../staging/inf/03

::::::::::::::::::::::::::::::::::::::::::::
Preloading 04.e into ../staging/inf/04.
::::::::::::::::::::::::::::::::::::::::::::
Warning: overwriting existing output file ../staging/inf/04

Filtering 04.e...
Verifying ../staging/inf/04...

No Verification Errors.
-rw-r--r--   1 dante    dante      30959 Mar 12 11:40 ../staging/inf/04

::::::::::::::::::::::::::::::::::::::::::::
Preloading 05.e into ../staging/inf/05.
::::::::::::::::::::::::::::::::::::::::::::
Warning: overwriting existing output file ../staging/inf/05

Filtering 05.e...
Verifying ../staging/inf/05...

No Verification Errors.
-rw-r--r--   1 dante    dante      28608 Mar 12 11:40 ../staging/inf/05

::::::::::::::::::::::::::::::::::::::::::::
Preloading 06.e into ../staging/inf/06.
::::::::::::::::::::::::::::::::::::::::::::
Warning: overwriting existing output file ../staging/inf/06

Filtering 06.e...
Verifying ../staging/inf/06...

No Verification Errors.
-rw-r--r--   1 dante    dante      22201 Mar 12 11:40 ../staging/inf/06

::::::::::::::::::::::::::::::::::::::::::::
Preloading 07.e into ../staging/inf/07.
::::::::::::::::::::::::::::::::::::::::::::
Warning: overwriting existing output file ../staging/inf/07

Filtering 07.e...
Verifying ../staging/inf/07...

No Verification Errors.
-rw-r--r--   1 dante    dante      28661 Mar 12 11:40 ../staging/inf/07

::::::::::::::::::::::::::::::::::::::::::::
Preloading 08.e into ../staging/inf/08.
::::::::::::::::::::::::::::::::::::::::::::
Warning: overwriting existing output file ../staging/inf/08

Filtering 08.e...
Verifying ../staging/inf/08...

No Verification Errors.
-rw-r--r--   1 dante    dante      23127 Mar 12 11:40 ../staging/inf/08

::::::::::::::::::::::::::::::::::::::::::::
Preloading 09.e into ../staging/inf/09.
::::::::::::::::::::::::::::::::::::::::::::
Warning: overwriting existing output file ../staging/inf/09

Filtering 09.e...
Verifying ../staging/inf/09...

No Verification Errors.
-rw-r--r--   1 dante    dante      24078 Mar 12 11:40 ../staging/inf/09

::::::::::::::::::::::::::::::::::::::::::::
Preloading 10.e into ../staging/inf/10.
::::::::::::::::::::::::::::::::::::::::::::
Warning: overwriting existing output file ../staging/inf/10

Filtering 10.e...
Verifying ../staging/inf/10...

No Verification Errors.
-rw-r--r--   1 dante    dante      25014 Mar 12 11:40 ../staging/inf/10

::::::::::::::::::::::::::::::::::::::::::::
Preloading 11.e into ../staging/inf/11.
::::::::::::::::::::::::::::::::::::::::::::
Warning: overwriting existing output file ../staging/inf/11

Filtering 11.e...
Verifying ../staging/inf/11...

No Verification Errors.
-rw-r--r--   1 dante    dante      24644 Mar 12 11:40 ../staging/inf/11

::::::::::::::::::::::::::::::::::::::::::::
Preloading 12.e into ../staging/inf/12.
::::::::::::::::::::::::::::::::::::::::::::
Warning: overwriting existing output file ../staging/inf/12

Filtering 12.e...
Verifying ../staging/inf/12...

No Verification Errors.
-rw-r--r--   1 dante    dante      29705 Mar 12 11:40 ../staging/inf/12

::::::::::::::::::::::::::::::::::::::::::::
Preloading 13.e into ../staging/inf/13.
::::::::::::::::::::::::::::::::::::::::::::
Warning: overwriting existing output file ../staging/inf/13

Filtering 13.e...
Verifying ../staging/inf/13...

No Verification Errors.
-rw-r--r--   1 dante    dante      24534 Mar 12 11:40 ../staging/inf/13

::::::::::::::::::::::::::::::::::::::::::::
Preloading 14.e into ../staging/inf/14.
::::::::::::::::::::::::::::::::::::::::::::
Warning: overwriting existing output file ../staging/inf/14

Filtering 14.e...
Verifying ../staging/inf/14...

No Verification Errors.
-rw-r--r--   1 dante    dante      28056 Mar 12 11:40 ../staging/inf/14

::::::::::::::::::::::::::::::::::::::::::::
Preloading 15.e into ../staging/inf/15.
::::::::::::::::::::::::::::::::::::::::::::
Warning: overwriting existing output file ../staging/inf/15

Filtering 15.e...
Verifying ../staging/inf/15...

No Verification Errors.
-rw-r--r--   1 dante    dante      24833 Mar 12 11:40 ../staging/inf/15

::::::::::::::::::::::::::::::::::::::::::::
Preloading 16.e into ../staging/inf/16.
::::::::::::::::::::::::::::::::::::::::::::
Warning: overwriting existing output file ../staging/inf/16

Filtering 16.e...
Verifying ../staging/inf/16...

No Verification Errors.
-rw-r--r--   1 dante    dante      27513 Mar 12 11:40 ../staging/inf/16

::::::::::::::::::::::::::::::::::::::::::::
Preloading 17.e into ../staging/inf/17.
::::::::::::::::::::::::::::::::::::::::::::
Warning: overwriting existing output file ../staging/inf/17

Filtering 17.e...
Verifying ../staging/inf/17...

No Verification Errors.
-rw-r--r--   1 dante    dante      31536 Mar 12 11:40 ../staging/inf/17

::::::::::::::::::::::::::::::::::::::::::::
Preloading 18.e into ../staging/inf/18.
::::::::::::::::::::::::::::::::::::::::::::
Warning: overwriting existing output file ../staging/inf/18

Filtering 18.e...
Verifying ../staging/inf/18...

No Verification Errors.
-rw-r--r--   1 dante    dante      27268 Mar 12 11:40 ../staging/inf/18

::::::::::::::::::::::::::::::::::::::::::::
Preloading 19.e into ../staging/inf/19.
::::::::::::::::::::::::::::::::::::::::::::
Warning: overwriting existing output file ../staging/inf/19

Filtering 19.e...
Verifying ../staging/inf/19...

No Verification Errors.
-rw-r--r--   1 dante    dante      28228 Mar 12 11:40 ../staging/inf/19

::::::::::::::::::::::::::::::::::::::::::::
Preloading 20.e into ../staging/inf/20.
::::::::::::::::::::::::::::::::::::::::::::
Warning: overwriting existing output file ../staging/inf/20

Filtering 20.e...
Verifying ../staging/inf/20...

No Verification Errors.
-rw-r--r--   1 dante    dante      26785 Mar 12 11:40 ../staging/inf/20

::::::::::::::::::::::::::::::::::::::::::::
Preloading 21.e into ../staging/inf/21.
::::::::::::::::::::::::::::::::::::::::::::
Warning: overwriting existing output file ../staging/inf/21

Filtering 21.e...
Verifying ../staging/inf/21...

No Verification Errors.
-rw-r--r--   1 dante    dante      31003 Mar 12 11:40 ../staging/inf/21

::::::::::::::::::::::::::::::::::::::::::::
Preloading 22.e into ../staging/inf/22.
::::::::::::::::::::::::::::::::::::::::::::
Warning: overwriting existing output file ../staging/inf/22

Filtering 22.e...
Verifying ../staging/inf/22...

No Verification Errors.
-rw-r--r--   1 dante    dante      31569 Mar 12 11:40 ../staging/inf/22

::::::::::::::::::::::::::::::::::::::::::::
Preloading 23.e into ../staging/inf/23.
::::::::::::::::::::::::::::::::::::::::::::
Warning: overwriting existing output file ../staging/inf/23

Filtering 23.e...
Verifying ../staging/inf/23...

No Verification Errors.
-rw-r--r--   1 dante    dante      34043 Mar 12 11:40 ../staging/inf/23

::::::::::::::::::::::::::::::::::::::::::::
Preloading 24.e into ../staging/inf/24.
::::::::::::::::::::::::::::::::::::::::::::
Warning: overwriting existing output file ../staging/inf/24

Filtering 24.e...
Verifying ../staging/inf/24...

No Verification Errors.
-rw-r--r--   1 dante    dante      32838 Mar 12 11:40 ../staging/inf/24

::::::::::::::::::::::::::::::::::::::::::::
Preloading 25.e into ../staging/inf/25.
::::::::::::::::::::::::::::::::::::::::::::
Warning: overwriting existing output file ../staging/inf/25

Filtering 25.e...
Verifying ../staging/inf/25...

No Verification Errors.
-rw-r--r--   1 dante    dante      30708 Mar 12 11:40 ../staging/inf/25

::::::::::::::::::::::::::::::::::::::::::::
Preloading 26.e into ../staging/inf/26.
::::::::::::::::::::::::::::::::::::::::::::
Warning: overwriting existing output file ../staging/inf/26

Filtering 26.e...
Verifying ../staging/inf/26...

No Verification Errors.
-rw-r--r--   1 dante    dante      29870 Mar 12 11:40 ../staging/inf/26

::::::::::::::::::::::::::::::::::::::::::::
Preloading 27.e into ../staging/inf/27.
::::::::::::::::::::::::::::::::::::::::::::
Warning: overwriting existing output file ../staging/inf/27

Filtering 27.e...
Verifying ../staging/inf/27...

No Verification Errors.
-rw-r--r--   1 dante    dante      30061 Mar 12 11:40 ../staging/inf/27

::::::::::::::::::::::::::::::::::::::::::::
Preloading 28.e into ../staging/inf/28.
::::::::::::::::::::::::::::::::::::::::::::
Warning: overwriting existing output file ../staging/inf/28

Filtering 28.e...
Verifying ../staging/inf/28...

No Verification Errors.
-rw-r--r--   1 dante    dante      32755 Mar 12 11:40 ../staging/inf/28

::::::::::::::::::::::::::::::::::::::::::::
Preloading 29.e into ../staging/inf/29.
::::::::::::::::::::::::::::::::::::::::::::
Warning: overwriting existing output file ../staging/inf/29

Filtering 29.e...
Verifying ../staging/inf/29...

No Verification Errors.
-rw-r--r--   1 dante    dante      28256 Mar 12 11:40 ../staging/inf/29

::::::::::::::::::::::::::::::::::::::::::::
Preloading 30.e into ../staging/inf/30.
::::::::::::::::::::::::::::::::::::::::::::
Warning: overwriting existing output file ../staging/inf/30

Filtering 30.e...
Verifying ../staging/inf/30...

No Verification Errors.
-rw-r--r--   1 dante    dante      29687 Mar 12 11:40 ../staging/inf/30

::::::::::::::::::::::::::::::::::::::::::::
Preloading 31.e into ../staging/inf/31.
::::::::::::::::::::::::::::::::::::::::::::
Warning: overwriting existing output file ../staging/inf/31

Filtering 31.e...
Verifying ../staging/inf/31...

No Verification Errors.
-rw-r--r--   1 dante    dante      29835 Mar 12 11:40 ../staging/inf/31

::::::::::::::::::::::::::::::::::::::::::::
Preloading 32.e into ../staging/inf/32.
::::::::::::::::::::::::::::::::::::::::::::
Warning: overwriting existing output file ../staging/inf/32

Filtering 32.e...
Verifying ../staging/inf/32...

No Verification Errors.
-rw-r--r--   1 dante    dante      29026 Mar 12 11:40 ../staging/inf/32

::::::::::::::::::::::::::::::::::::::::::::
Preloading 33.e into ../staging/inf/33.
::::::::::::::::::::::::::::::::::::::::::::
Warning: overwriting existing output file ../staging/inf/33

Filtering 33.e...
Verifying ../staging/inf/33...

No Verification Errors.
-rw-r--r--   1 dante    dante      29050 Mar 12 11:40 ../staging/inf/33

::::::::::::::::::::::::::::::::::::::::::::
Preloading 34.e into ../staging/inf/34.
::::::::::::::::::::::::::::::::::::::::::::
Warning: overwriting existing output file ../staging/inf/34

Filtering 34.e...
Verifying ../staging/inf/34...

No Verification Errors.
-rw-r--r--   1 dante    dante      27729 Mar 12 11:40 ../staging/inf/34
Using descriptive data from ../desc.

Document parameters:
	Doc. type  = Commentary
	Commentary = Lungo
	Language   = Italian
	Pub. Year  = 1926
	Cantica    = 20-Purgatorio

::::::::::::::::::::::::::::::::::::::::::::
Preloading 01.e into ../staging/purg/01.
::::::::::::::::::::::::::::::::::::::::::::
Warning: overwriting existing output file ../staging/purg/01

Filtering 01.e...
Verifying ../staging/purg/01...

No Verification Errors.
-rw-r--r--   1 dante    dante      33440 Mar 12 11:40 ../staging/purg/01

::::::::::::::::::::::::::::::::::::::::::::
Preloading 02.e into ../staging/purg/02.
::::::::::::::::::::::::::::::::::::::::::::
Warning: overwriting existing output file ../staging/purg/02

Filtering 02.e...
Verifying ../staging/purg/02...

No Verification Errors.
-rw-r--r--   1 dante    dante      29338 Mar 12 11:40 ../staging/purg/02

::::::::::::::::::::::::::::::::::::::::::::
Preloading 03.e into ../staging/purg/03.
::::::::::::::::::::::::::::::::::::::::::::
Warning: overwriting existing output file ../staging/purg/03

Filtering 03.e...
Verifying ../staging/purg/03...

No Verification Errors.
-rw-r--r--   1 dante    dante      32733 Mar 12 11:40 ../staging/purg/03

::::::::::::::::::::::::::::::::::::::::::::
Preloading 04.e into ../staging/purg/04.
::::::::::::::::::::::::::::::::::::::::::::
Warning: overwriting existing output file ../staging/purg/04

Filtering 04.e...
Verifying ../staging/purg/04...

No Verification Errors.
-rw-r--r--   1 dante    dante      29193 Mar 12 11:40 ../staging/purg/04

::::::::::::::::::::::::::::::::::::::::::::
Preloading 05.e into ../staging/purg/05.
::::::::::::::::::::::::::::::::::::::::::::
Warning: overwriting existing output file ../staging/purg/05

Filtering 05.e...
Verifying ../staging/purg/05...

No Verification Errors.
-rw-r--r--   1 dante    dante      28349 Mar 12 11:40 ../staging/purg/05

::::::::::::::::::::::::::::::::::::::::::::
Preloading 06.e into ../staging/purg/06.
::::::::::::::::::::::::::::::::::::::::::::
Warning: overwriting existing output file ../staging/purg/06

Filtering 06.e...
Verifying ../staging/purg/06...

No Verification Errors.
-rw-r--r--   1 dante    dante      38931 Mar 12 11:40 ../staging/purg/06

::::::::::::::::::::::::::::::::::::::::::::
Preloading 07.e into ../staging/purg/07.
::::::::::::::::::::::::::::::::::::::::::::
Warning: overwriting existing output file ../staging/purg/07

Filtering 07.e...
Verifying ../staging/purg/07...

No Verification Errors.
-rw-r--r--   1 dante    dante      29546 Mar 12 11:40 ../staging/purg/07

::::::::::::::::::::::::::::::::::::::::::::
Preloading 08.e into ../staging/purg/08.
::::::::::::::::::::::::::::::::::::::::::::
Warning: overwriting existing output file ../staging/purg/08

Filtering 08.e...
Verifying ../staging/purg/08...

No Verification Errors.
-rw-r--r--   1 dante    dante      31125 Mar 12 11:40 ../staging/purg/08

::::::::::::::::::::::::::::::::::::::::::::
Preloading 09.e into ../staging/purg/09.
::::::::::::::::::::::::::::::::::::::::::::
Warning: overwriting existing output file ../staging/purg/09

Filtering 09.e...
Verifying ../staging/purg/09...

No Verification Errors.
-rw-r--r--   1 dante    dante      32243 Mar 12 11:40 ../staging/purg/09

::::::::::::::::::::::::::::::::::::::::::::
Preloading 10.e into ../staging/purg/10.
::::::::::::::::::::::::::::::::::::::::::::
Warning: overwriting existing output file ../staging/purg/10

Filtering 10.e...
Verifying ../staging/purg/10...

No Verification Errors.
-rw-r--r--   1 dante    dante      27175 Mar 12 11:40 ../staging/purg/10

::::::::::::::::::::::::::::::::::::::::::::
Preloading 11.e into ../staging/purg/11.
::::::::::::::::::::::::::::::::::::::::::::
Warning: overwriting existing output file ../staging/purg/11

Filtering 11.e...
Verifying ../staging/purg/11...

No Verification Errors.
-rw-r--r--   1 dante    dante      30995 Mar 12 11:40 ../staging/purg/11

::::::::::::::::::::::::::::::::::::::::::::
Preloading 12.e into ../staging/purg/12.
::::::::::::::::::::::::::::::::::::::::::::
Warning: overwriting existing output file ../staging/purg/12

Filtering 12.e...
Verifying ../staging/purg/12...

No Verification Errors.
-rw-r--r--   1 dante    dante      27416 Mar 12 11:40 ../staging/purg/12

::::::::::::::::::::::::::::::::::::::::::::
Preloading 13.e into ../staging/purg/13.
::::::::::::::::::::::::::::::::::::::::::::
Warning: overwriting existing output file ../staging/purg/13

Filtering 13.e...
Verifying ../staging/purg/13...

No Verification Errors.
-rw-r--r--   1 dante    dante      31873 Mar 12 11:40 ../staging/purg/13

::::::::::::::::::::::::::::::::::::::::::::
Preloading 14.e into ../staging/purg/14.
::::::::::::::::::::::::::::::::::::::::::::
Warning: overwriting existing output file ../staging/purg/14

Filtering 14.e...
Verifying ../staging/purg/14...

No Verification Errors.
-rw-r--r--   1 dante    dante      35099 Mar 12 11:40 ../staging/purg/14

::::::::::::::::::::::::::::::::::::::::::::
Preloading 15.e into ../staging/purg/15.
::::::::::::::::::::::::::::::::::::::::::::
Warning: overwriting existing output file ../staging/purg/15

Filtering 15.e...
Verifying ../staging/purg/15...

No Verification Errors.
-rw-r--r--   1 dante    dante      28464 Mar 12 11:40 ../staging/purg/15

::::::::::::::::::::::::::::::::::::::::::::
Preloading 16.e into ../staging/purg/16.
::::::::::::::::::::::::::::::::::::::::::::
Warning: overwriting existing output file ../staging/purg/16

Filtering 16.e...
Verifying ../staging/purg/16...

No Verification Errors.
-rw-r--r--   1 dante    dante      32542 Mar 12 11:40 ../staging/purg/16

::::::::::::::::::::::::::::::::::::::::::::
Preloading 17.e into ../staging/purg/17.
::::::::::::::::::::::::::::::::::::::::::::
Warning: overwriting existing output file ../staging/purg/17

Filtering 17.e...
Verifying ../staging/purg/17...

No Verification Errors.
-rw-r--r--   1 dante    dante      31323 Mar 12 11:40 ../staging/purg/17

::::::::::::::::::::::::::::::::::::::::::::
Preloading 18.e into ../staging/purg/18.
::::::::::::::::::::::::::::::::::::::::::::
Warning: overwriting existing output file ../staging/purg/18

Filtering 18.e...
Verifying ../staging/purg/18...

No Verification Errors.
-rw-r--r--   1 dante    dante      31022 Mar 12 11:40 ../staging/purg/18

::::::::::::::::::::::::::::::::::::::::::::
Preloading 19.e into ../staging/purg/19.
::::::::::::::::::::::::::::::::::::::::::::
Warning: overwriting existing output file ../staging/purg/19

Filtering 19.e...
Verifying ../staging/purg/19...

No Verification Errors.
-rw-r--r--   1 dante    dante      35954 Mar 12 11:40 ../staging/purg/19

::::::::::::::::::::::::::::::::::::::::::::
Preloading 20.e into ../staging/purg/20.
::::::::::::::::::::::::::::::::::::::::::::
Warning: overwriting existing output file ../staging/purg/20

Filtering 20.e...
Verifying ../staging/purg/20...

No Verification Errors.
-rw-r--r--   1 dante    dante      38815 Mar 12 11:40 ../staging/purg/20

::::::::::::::::::::::::::::::::::::::::::::
Preloading 21.e into ../staging/purg/21.
::::::::::::::::::::::::::::::::::::::::::::
Warning: overwriting existing output file ../staging/purg/21

Filtering 21.e...
Verifying ../staging/purg/21...

No Verification Errors.
-rw-r--r--   1 dante    dante      30880 Mar 12 11:40 ../staging/purg/21

::::::::::::::::::::::::::::::::::::::::::::
Preloading 22.e into ../staging/purg/22.
::::::::::::::::::::::::::::::::::::::::::::
Warning: overwriting existing output file ../staging/purg/22

Filtering 22.e...
Verifying ../staging/purg/22...

No Verification Errors.
-rw-r--r--   1 dante    dante      37076 Mar 12 11:40 ../staging/purg/22

::::::::::::::::::::::::::::::::::::::::::::
Preloading 23.e into ../staging/purg/23.
::::::::::::::::::::::::::::::::::::::::::::
Warning: overwriting existing output file ../staging/purg/23

Filtering 23.e...
Verifying ../staging/purg/23...

No Verification Errors.
-rw-r--r--   1 dante    dante      27610 Mar 12 11:40 ../staging/purg/23

::::::::::::::::::::::::::::::::::::::::::::
Preloading 24.e into ../staging/purg/24.
::::::::::::::::::::::::::::::::::::::::::::
Warning: overwriting existing output file ../staging/purg/24

Filtering 24.e...
Verifying ../staging/purg/24...

No Verification Errors.
-rw-r--r--   1 dante    dante      36446 Mar 12 11:40 ../staging/purg/24

::::::::::::::::::::::::::::::::::::::::::::
Preloading 25.e into ../staging/purg/25.
::::::::::::::::::::::::::::::::::::::::::::
Warning: overwriting existing output file ../staging/purg/25

Filtering 25.e...
Verifying ../staging/purg/25...

No Verification Errors.
-rw-r--r--   1 dante    dante      29902 Mar 12 11:40 ../staging/purg/25

::::::::::::::::::::::::::::::::::::::::::::
Preloading 26.e into ../staging/purg/26.
::::::::::::::::::::::::::::::::::::::::::::
Warning: overwriting existing output file ../staging/purg/26

Filtering 26.e...
Verifying ../staging/purg/26...

No Verification Errors.
-rw-r--r--   1 dante    dante      31559 Mar 12 11:40 ../staging/purg/26

::::::::::::::::::::::::::::::::::::::::::::
Preloading 27.e into ../staging/purg/27.
::::::::::::::::::::::::::::::::::::::::::::
Warning: overwriting existing output file ../staging/purg/27

Filtering 27.e...
Verifying ../staging/purg/27...

No Verification Errors.
-rw-r--r--   1 dante    dante      27588 Mar 12 11:40 ../staging/purg/27

::::::::::::::::::::::::::::::::::::::::::::
Preloading 28.e into ../staging/purg/28.
::::::::::::::::::::::::::::::::::::::::::::
Warning: overwriting existing output file ../staging/purg/28

Filtering 28.e...
Verifying ../staging/purg/28...

No Verification Errors.
-rw-r--r--   1 dante    dante      26974 Mar 12 11:40 ../staging/purg/28

::::::::::::::::::::::::::::::::::::::::::::
Preloading 29.e into ../staging/purg/29.
::::::::::::::::::::::::::::::::::::::::::::
Warning: overwriting existing output file ../staging/purg/29

Filtering 29.e...
Verifying ../staging/purg/29...

No Verification Errors.
-rw-r--r--   1 dante    dante      31698 Mar 12 11:40 ../staging/purg/29

::::::::::::::::::::::::::::::::::::::::::::
Preloading 30.e into ../staging/purg/30.
::::::::::::::::::::::::::::::::::::::::::::
Warning: overwriting existing output file ../staging/purg/30

Filtering 30.e...
Verifying ../staging/purg/30...

No Verification Errors.
-rw-r--r--   1 dante    dante      28859 Mar 12 11:40 ../staging/purg/30

::::::::::::::::::::::::::::::::::::::::::::
Preloading 31.e into ../staging/purg/31.
::::::::::::::::::::::::::::::::::::::::::::
Warning: overwriting existing output file ../staging/purg/31

Filtering 31.e...
Verifying ../staging/purg/31...

No Verification Errors.
-rw-r--r--   1 dante    dante      26898 Mar 12 11:40 ../staging/purg/31

::::::::::::::::::::::::::::::::::::::::::::
Preloading 32.e into ../staging/purg/32.
::::::::::::::::::::::::::::::::::::::::::::
Warning: overwriting existing output file ../staging/purg/32

Filtering 32.e...
Verifying ../staging/purg/32...

No Verification Errors.
-rw-r--r--   1 dante    dante      37235 Mar 12 11:40 ../staging/purg/32

::::::::::::::::::::::::::::::::::::::::::::
Preloading 33.e into ../staging/purg/33.
::::::::::::::::::::::::::::::::::::::::::::
Warning: overwriting existing output file ../staging/purg/33

Filtering 33.e...
Verifying ../staging/purg/33...

No Verification Errors.
-rw-r--r--   1 dante    dante      33656 Mar 12 11:40 ../staging/purg/33
Using descriptive data from ../desc.

Document parameters:
	Doc. type  = Commentary
	Commentary = Lungo
	Language   = Italian
	Pub. Year  = 1926
	Cantica    = 30-Paradiso

::::::::::::::::::::::::::::::::::::::::::::
Preloading 01.e into ../staging/para/01.
::::::::::::::::::::::::::::::::::::::::::::
Warning: overwriting existing output file ../staging/para/01

Filtering 01.e...
Verifying ../staging/para/01...

No Verification Errors.
-rw-r--r--   1 dante    dante      31594 Mar 12 11:40 ../staging/para/01

::::::::::::::::::::::::::::::::::::::::::::
Preloading 02.e into ../staging/para/02.
::::::::::::::::::::::::::::::::::::::::::::
Warning: overwriting existing output file ../staging/para/02

Filtering 02.e...
Verifying ../staging/para/02...

No Verification Errors.
-rw-r--r--   1 dante    dante      33583 Mar 12 11:40 ../staging/para/02

::::::::::::::::::::::::::::::::::::::::::::
Preloading 03.e into ../staging/para/03.
::::::::::::::::::::::::::::::::::::::::::::
Warning: overwriting existing output file ../staging/para/03

Filtering 03.e...
Verifying ../staging/para/03...

No Verification Errors.
-rw-r--r--   1 dante    dante      27734 Mar 12 11:40 ../staging/para/03

::::::::::::::::::::::::::::::::::::::::::::
Preloading 04.e into ../staging/para/04.
::::::::::::::::::::::::::::::::::::::::::::
Warning: overwriting existing output file ../staging/para/04

Filtering 04.e...
Verifying ../staging/para/04...

No Verification Errors.
-rw-r--r--   1 dante    dante      26231 Mar 12 11:40 ../staging/para/04

::::::::::::::::::::::::::::::::::::::::::::
Preloading 05.e into ../staging/para/05.
::::::::::::::::::::::::::::::::::::::::::::
Warning: overwriting existing output file ../staging/para/05

Filtering 05.e...
Verifying ../staging/para/05...

No Verification Errors.
-rw-r--r--   1 dante    dante      28916 Mar 12 11:40 ../staging/para/05

::::::::::::::::::::::::::::::::::::::::::::
Preloading 06.e into ../staging/para/06.
::::::::::::::::::::::::::::::::::::::::::::
Warning: overwriting existing output file ../staging/para/06

Filtering 06.e...
Verifying ../staging/para/06...

No Verification Errors.
-rw-r--r--   1 dante    dante      34577 Mar 12 11:40 ../staging/para/06

::::::::::::::::::::::::::::::::::::::::::::
Preloading 07.e into ../staging/para/07.
::::::::::::::::::::::::::::::::::::::::::::
Warning: overwriting existing output file ../staging/para/07

Filtering 07.e...
Verifying ../staging/para/07...

No Verification Errors.
-rw-r--r--   1 dante    dante      29031 Mar 12 11:40 ../staging/para/07

::::::::::::::::::::::::::::::::::::::::::::
Preloading 08.e into ../staging/para/08.
::::::::::::::::::::::::::::::::::::::::::::
Warning: overwriting existing output file ../staging/para/08

Filtering 08.e...
Verifying ../staging/para/08...

No Verification Errors.
-rw-r--r--   1 dante    dante      36543 Mar 12 11:40 ../staging/para/08

::::::::::::::::::::::::::::::::::::::::::::
Preloading 09.e into ../staging/para/09.
::::::::::::::::::::::::::::::::::::::::::::
Warning: overwriting existing output file ../staging/para/09

Filtering 09.e...
Verifying ../staging/para/09...

No Verification Errors.
-rw-r--r--   1 dante    dante      33379 Mar 12 11:40 ../staging/para/09

::::::::::::::::::::::::::::::::::::::::::::
Preloading 10.e into ../staging/para/10.
::::::::::::::::::::::::::::::::::::::::::::
Warning: overwriting existing output file ../staging/para/10

Filtering 10.e...
Verifying ../staging/para/10...

No Verification Errors.
-rw-r--r--   1 dante    dante      34230 Mar 12 11:40 ../staging/para/10

::::::::::::::::::::::::::::::::::::::::::::
Preloading 11.e into ../staging/para/11.
::::::::::::::::::::::::::::::::::::::::::::
Warning: overwriting existing output file ../staging/para/11

Filtering 11.e...
Verifying ../staging/para/11...

No Verification Errors.
-rw-r--r--   1 dante    dante      30911 Mar 12 11:40 ../staging/para/11

::::::::::::::::::::::::::::::::::::::::::::
Preloading 12.e into ../staging/para/12.
::::::::::::::::::::::::::::::::::::::::::::
Warning: overwriting existing output file ../staging/para/12

Filtering 12.e...
Verifying ../staging/para/12...

No Verification Errors.
-rw-r--r--   1 dante    dante      38798 Mar 12 11:40 ../staging/para/12

::::::::::::::::::::::::::::::::::::::::::::
Preloading 13.e into ../staging/para/13.
::::::::::::::::::::::::::::::::::::::::::::
Warning: overwriting existing output file ../staging/para/13

Filtering 13.e...
Verifying ../staging/para/13...

No Verification Errors.
-rw-r--r--   1 dante    dante      33908 Mar 12 11:40 ../staging/para/13

::::::::::::::::::::::::::::::::::::::::::::
Preloading 14.e into ../staging/para/14.
::::::::::::::::::::::::::::::::::::::::::::
Warning: overwriting existing output file ../staging/para/14

Filtering 14.e...
Verifying ../staging/para/14...

No Verification Errors.
-rw-r--r--   1 dante    dante      31733 Mar 12 11:40 ../staging/para/14

::::::::::::::::::::::::::::::::::::::::::::
Preloading 15.e into ../staging/para/15.
::::::::::::::::::::::::::::::::::::::::::::
Warning: overwriting existing output file ../staging/para/15

Filtering 15.e...
Verifying ../staging/para/15...

No Verification Errors.
-rw-r--r--   1 dante    dante      34636 Mar 12 11:40 ../staging/para/15

::::::::::::::::::::::::::::::::::::::::::::
Preloading 16.e into ../staging/para/16.
::::::::::::::::::::::::::::::::::::::::::::
Warning: overwriting existing output file ../staging/para/16

Filtering 16.e...
Verifying ../staging/para/16...

No Verification Errors.
-rw-r--r--   1 dante    dante      43198 Mar 12 11:40 ../staging/para/16

::::::::::::::::::::::::::::::::::::::::::::
Preloading 17.e into ../staging/para/17.
::::::::::::::::::::::::::::::::::::::::::::
Warning: overwriting existing output file ../staging/para/17

Filtering 17.e...
Verifying ../staging/para/17...

No Verification Errors.
-rw-r--r--   1 dante    dante      32006 Mar 12 11:40 ../staging/para/17

::::::::::::::::::::::::::::::::::::::::::::
Preloading 18.e into ../staging/para/18.
::::::::::::::::::::::::::::::::::::::::::::
Warning: overwriting existing output file ../staging/para/18

Filtering 18.e...
Verifying ../staging/para/18...

No Verification Errors.
-rw-r--r--   1 dante    dante      30562 Mar 12 11:40 ../staging/para/18

::::::::::::::::::::::::::::::::::::::::::::
Preloading 19.e into ../staging/para/19.
::::::::::::::::::::::::::::::::::::::::::::
Warning: overwriting existing output file ../staging/para/19

Filtering 19.e...
Verifying ../staging/para/19...

No Verification Errors.
-rw-r--r--   1 dante    dante      33949 Mar 12 11:40 ../staging/para/19

::::::::::::::::::::::::::::::::::::::::::::
Preloading 20.e into ../staging/para/20.
::::::::::::::::::::::::::::::::::::::::::::
Warning: overwriting existing output file ../staging/para/20

Filtering 20.e...
Verifying ../staging/para/20...

No Verification Errors.
-rw-r--r--   1 dante    dante      28397 Mar 12 11:40 ../staging/para/20

::::::::::::::::::::::::::::::::::::::::::::
Preloading 21.e into ../staging/para/21.
::::::::::::::::::::::::::::::::::::::::::::
Warning: overwriting existing output file ../staging/para/21

Filtering 21.e...
Verifying ../staging/para/21...

No Verification Errors.
-rw-r--r--   1 dante    dante      29958 Mar 12 11:40 ../staging/para/21

::::::::::::::::::::::::::::::::::::::::::::
Preloading 22.e into ../staging/para/22.
::::::::::::::::::::::::::::::::::::::::::::
Warning: overwriting existing output file ../staging/para/22

Filtering 22.e...
Verifying ../staging/para/22...

No Verification Errors.
-rw-r--r--   1 dante    dante      33469 Mar 12 11:40 ../staging/para/22

::::::::::::::::::::::::::::::::::::::::::::
Preloading 23.e into ../staging/para/23.
::::::::::::::::::::::::::::::::::::::::::::
Warning: overwriting existing output file ../staging/para/23

Filtering 23.e...
Verifying ../staging/para/23...

No Verification Errors.
-rw-r--r--   1 dante    dante      31010 Mar 12 11:40 ../staging/para/23

::::::::::::::::::::::::::::::::::::::::::::
Preloading 24.e into ../staging/para/24.
::::::::::::::::::::::::::::::::::::::::::::
Warning: overwriting existing output file ../staging/para/24

Filtering 24.e...
Verifying ../staging/para/24...

No Verification Errors.
-rw-r--r--   1 dante    dante      33640 Mar 12 11:40 ../staging/para/24

::::::::::::::::::::::::::::::::::::::::::::
Preloading 25.e into ../staging/para/25.
::::::::::::::::::::::::::::::::::::::::::::
Warning: overwriting existing output file ../staging/para/25

Filtering 25.e...
Verifying ../staging/para/25...

No Verification Errors.
-rw-r--r--   1 dante    dante      31945 Mar 12 11:40 ../staging/para/25

::::::::::::::::::::::::::::::::::::::::::::
Preloading 26.e into ../staging/para/26.
::::::::::::::::::::::::::::::::::::::::::::
Warning: overwriting existing output file ../staging/para/26

Filtering 26.e...
Verifying ../staging/para/26...

No Verification Errors.
-rw-r--r--   1 dante    dante      28522 Mar 12 11:40 ../staging/para/26

::::::::::::::::::::::::::::::::::::::::::::
Preloading 27.e into ../staging/para/27.
::::::::::::::::::::::::::::::::::::::::::::
Warning: overwriting existing output file ../staging/para/27

Filtering 27.e...
Verifying ../staging/para/27...

No Verification Errors.
-rw-r--r--   1 dante    dante      34643 Mar 12 11:40 ../staging/para/27

::::::::::::::::::::::::::::::::::::::::::::
Preloading 28.e into ../staging/para/28.
::::::::::::::::::::::::::::::::::::::::::::
Warning: overwriting existing output file ../staging/para/28

Filtering 28.e...
Verifying ../staging/para/28...

No Verification Errors.
-rw-r--r--   1 dante    dante      32521 Mar 12 11:40 ../staging/para/28

::::::::::::::::::::::::::::::::::::::::::::
Preloading 29.e into ../staging/para/29.
::::::::::::::::::::::::::::::::::::::::::::
Warning: overwriting existing output file ../staging/para/29

Filtering 29.e...
Verifying ../staging/para/29...

No Verification Errors.
-rw-r--r--   1 dante    dante      35012 Mar 12 11:40 ../staging/para/29

::::::::::::::::::::::::::::::::::::::::::::
Preloading 30.e into ../staging/para/30.
::::::::::::::::::::::::::::::::::::::::::::
Warning: overwriting existing output file ../staging/para/30

Filtering 30.e...
Verifying ../staging/para/30...

No Verification Errors.
-rw-r--r--   1 dante    dante      34932 Mar 12 11:40 ../staging/para/30

::::::::::::::::::::::::::::::::::::::::::::
Preloading 31.e into ../staging/para/31.
::::::::::::::::::::::::::::::::::::::::::::
Warning: overwriting existing output file ../staging/para/31

Filtering 31.e...
Verifying ../staging/para/31...

No Verification Errors.
-rw-r--r--   1 dante    dante      27432 Mar 12 11:40 ../staging/para/31

::::::::::::::::::::::::::::::::::::::::::::
Preloading 32.e into ../staging/para/32.
::::::::::::::::::::::::::::::::::::::::::::
Warning: overwriting existing output file ../staging/para/32

Filtering 32.e...
Verifying ../staging/para/32...

No Verification Errors.
-rw-r--r--   1 dante    dante      30987 Mar 12 11:40 ../staging/para/32

::::::::::::::::::::::::::::::::::::::::::::
Preloading 33.e into ../staging/para/33.
::::::::::::::::::::::::::::::::::::::::::::
Warning: overwriting existing output file ../staging/para/33

Filtering 33.e...
Verifying ../staging/para/33...

No Verification Errors.
-rw-r--r--   1 dante    dante      30054 Mar 12 11:40 ../staging/para/33
