Using descriptive data from ../desc.

Document parameters:
	Doc. type  = Commentary
	Commentary = Benvenuto
	Language   = Latin
	Pub. Year  = 1380
	Cantica    = 10-Inferno

::::::::::::::::::::::::::::::::::::::::::::
Preloading 01.e into ../staging/inf/01.
::::::::::::::::::::::::::::::::::::::::::::
Warning: overwriting existing output file ../staging/inf/01

Filtering 01.e...
Verifying ../staging/inf/01...

No Verification Errors.
-rw-r--r--   1 dante    dante     105467 Jul 19 11:54 ../staging/inf/01
Using descriptive data from ../desc.

Document parameters:
	Doc. type  = Commentary
	Commentary = Benvenuto
	Language   = Latin
	Pub. Year  = 1380
	Cantica    = 10-Inferno

::::::::::::::::::::::::::::::::::::::::::::
Preloading 02.e into ../staging/inf/02.
::::::::::::::::::::::::::::::::::::::::::::
Warning: overwriting existing output file ../staging/inf/02

Filtering 02.e...
Verifying ../staging/inf/02...

No Verification Errors.
-rw-r--r--   1 dante    dante      72055 Jul 19 11:54 ../staging/inf/02
Using descriptive data from ../desc.

Document parameters:
	Doc. type  = Commentary
	Commentary = Benvenuto
	Language   = Latin
	Pub. Year  = 1380
	Cantica    = 10-Inferno

::::::::::::::::::::::::::::::::::::::::::::
Preloading 03.e into ../staging/inf/03.
::::::::::::::::::::::::::::::::::::::::::::
Warning: overwriting existing output file ../staging/inf/03

Filtering 03.e...
Verifying ../staging/inf/03...

No Verification Errors.
-rw-r--r--   1 dante    dante      70003 Jul 19 11:54 ../staging/inf/03
Using descriptive data from ../desc.

Document parameters:
	Doc. type  = Commentary
	Commentary = Benvenuto
	Language   = Latin
	Pub. Year  = 1380
	Cantica    = 10-Inferno

::::::::::::::::::::::::::::::::::::::::::::
Preloading 04.e into ../staging/inf/04.
::::::::::::::::::::::::::::::::::::::::::::
Warning: overwriting existing output file ../staging/inf/04

Filtering 04.e...
Verifying ../staging/inf/04...

No Verification Errors.
-rw-r--r--   1 dante    dante     109429 Jul 19 11:54 ../staging/inf/04
Using descriptive data from ../desc.

Document parameters:
	Doc. type  = Commentary
	Commentary = Benvenuto
	Language   = Latin
	Pub. Year  = 1380
	Cantica    = 10-Inferno

::::::::::::::::::::::::::::::::::::::::::::
Preloading 05.e into ../staging/inf/05.
::::::::::::::::::::::::::::::::::::::::::::
Warning: overwriting existing output file ../staging/inf/05

Filtering 05.e...
Verifying ../staging/inf/05...

No Verification Errors.
-rw-r--r--   1 dante    dante      75710 Jul 19 11:54 ../staging/inf/05
Using descriptive data from ../desc.

Document parameters:
	Doc. type  = Commentary
	Commentary = Benvenuto
	Language   = Latin
	Pub. Year  = 1380
	Cantica    = 10-Inferno

::::::::::::::::::::::::::::::::::::::::::::
Preloading 06.e into ../staging/inf/06.
::::::::::::::::::::::::::::::::::::::::::::
Warning: overwriting existing output file ../staging/inf/06

Filtering 06.e...
Verifying ../staging/inf/06...

No Verification Errors.
-rw-r--r--   1 dante    dante      57121 Jul 19 11:54 ../staging/inf/06
Using descriptive data from ../desc.

Document parameters:
	Doc. type  = Commentary
	Commentary = Benvenuto
	Language   = Latin
	Pub. Year  = 1380
	Cantica    = 10-Inferno

::::::::::::::::::::::::::::::::::::::::::::
Preloading 07.e into ../staging/inf/07.
::::::::::::::::::::::::::::::::::::::::::::
Warning: overwriting existing output file ../staging/inf/07

Filtering 07.e...
Verifying ../staging/inf/07...

No Verification Errors.
-rw-r--r--   1 dante    dante      67961 Jul 19 11:54 ../staging/inf/07
Using descriptive data from ../desc.

Document parameters:
	Doc. type  = Commentary
	Commentary = Benvenuto
	Language   = Latin
	Pub. Year  = 1380
	Cantica    = 10-Inferno

::::::::::::::::::::::::::::::::::::::::::::
Preloading 08.e into ../staging/inf/08.
::::::::::::::::::::::::::::::::::::::::::::
Warning: overwriting existing output file ../staging/inf/08

Filtering 08.e...
Verifying ../staging/inf/08...

No Verification Errors.
-rw-r--r--   1 dante    dante      64842 Jul 19 11:54 ../staging/inf/08
Using descriptive data from ../desc.

Document parameters:
	Doc. type  = Commentary
	Commentary = Benvenuto
	Language   = Latin
	Pub. Year  = 1380
	Cantica    = 10-Inferno

::::::::::::::::::::::::::::::::::::::::::::
Preloading 09.e into ../staging/inf/09.
::::::::::::::::::::::::::::::::::::::::::::
Warning: overwriting existing output file ../staging/inf/09

Filtering 09.e...
Verifying ../staging/inf/09...

No Verification Errors.
-rw-r--r--   1 dante    dante      64224 Jul 19 11:54 ../staging/inf/09
Using descriptive data from ../desc.

Document parameters:
	Doc. type  = Commentary
	Commentary = Benvenuto
	Language   = Latin
	Pub. Year  = 1380
	Cantica    = 10-Inferno

::::::::::::::::::::::::::::::::::::::::::::
Preloading 10.e into ../staging/inf/10.
::::::::::::::::::::::::::::::::::::::::::::
Warning: overwriting existing output file ../staging/inf/10

Filtering 10.e...
Verifying ../staging/inf/10...

No Verification Errors.
-rw-r--r--   1 dante    dante      66953 Jul 19 11:54 ../staging/inf/10
Using descriptive data from ../desc.

Document parameters:
	Doc. type  = Commentary
	Commentary = Benvenuto
	Language   = Latin
	Pub. Year  = 1380
	Cantica    = 10-Inferno

::::::::::::::::::::::::::::::::::::::::::::
Preloading 11.e into ../staging/inf/11.
::::::::::::::::::::::::::::::::::::::::::::
Warning: overwriting existing output file ../staging/inf/11

Filtering 11.e...
Verifying ../staging/inf/11...

No Verification Errors.
-rw-r--r--   1 dante    dante      48365 Jul 19 11:54 ../staging/inf/11
Using descriptive data from ../desc.

Document parameters:
	Doc. type  = Commentary
	Commentary = Benvenuto
	Language   = Latin
	Pub. Year  = 1380
	Cantica    = 10-Inferno

::::::::::::::::::::::::::::::::::::::::::::
Preloading 12.e into ../staging/inf/12.
::::::::::::::::::::::::::::::::::::::::::::
Warning: overwriting existing output file ../staging/inf/12

Filtering 12.e...
Verifying ../staging/inf/12...

No Verification Errors.
-rw-r--r--   1 dante    dante      86562 Jul 19 11:54 ../staging/inf/12
Using descriptive data from ../desc.

Document parameters:
	Doc. type  = Commentary
	Commentary = Benvenuto
	Language   = Latin
	Pub. Year  = 1380
	Cantica    = 10-Inferno

::::::::::::::::::::::::::::::::::::::::::::
Preloading 13.e into ../staging/inf/13.
::::::::::::::::::::::::::::::::::::::::::::
Warning: overwriting existing output file ../staging/inf/13

Filtering 13.e...
Verifying ../staging/inf/13...

No Verification Errors.
-rw-r--r--   1 dante    dante      87968 Jul 19 11:54 ../staging/inf/13
Using descriptive data from ../desc.

Document parameters:
	Doc. type  = Commentary
	Commentary = Benvenuto
	Language   = Latin
	Pub. Year  = 1380
	Cantica    = 10-Inferno

::::::::::::::::::::::::::::::::::::::::::::
Preloading 14.e into ../staging/inf/14.
::::::::::::::::::::::::::::::::::::::::::::
Warning: overwriting existing output file ../staging/inf/14

Filtering 14.e...
Verifying ../staging/inf/14...

No Verification Errors.
-rw-r--r--   1 dante    dante      71098 Jul 19 11:54 ../staging/inf/14
Using descriptive data from ../desc.

Document parameters:
	Doc. type  = Commentary
	Commentary = Benvenuto
	Language   = Latin
	Pub. Year  = 1380
	Cantica    = 10-Inferno

::::::::::::::::::::::::::::::::::::::::::::
Preloading 15.e into ../staging/inf/15.
::::::::::::::::::::::::::::::::::::::::::::
Warning: overwriting existing output file ../staging/inf/15

Filtering 15.e...
Verifying ../staging/inf/15...

No Verification Errors.
-rw-r--r--   1 dante    dante      68737 Jul 19 11:54 ../staging/inf/15
Using descriptive data from ../desc.

Document parameters:
	Doc. type  = Commentary
	Commentary = Benvenuto
	Language   = Latin
	Pub. Year  = 1380
	Cantica    = 10-Inferno

::::::::::::::::::::::::::::::::::::::::::::
Preloading 16.e into ../staging/inf/16.
::::::::::::::::::::::::::::::::::::::::::::
Warning: overwriting existing output file ../staging/inf/16

Filtering 16.e...
Verifying ../staging/inf/16...

No Verification Errors.
-rw-r--r--   1 dante    dante      63221 Jul 19 11:54 ../staging/inf/16
Using descriptive data from ../desc.

Document parameters:
	Doc. type  = Commentary
	Commentary = Benvenuto
	Language   = Latin
	Pub. Year  = 1380
	Cantica    = 10-Inferno

::::::::::::::::::::::::::::::::::::::::::::
Preloading 17.e into ../staging/inf/17.
::::::::::::::::::::::::::::::::::::::::::::
Warning: overwriting existing output file ../staging/inf/17

Filtering 17.e...
Verifying ../staging/inf/17...

No Verification Errors.
-rw-r--r--   1 dante    dante      66503 Jul 19 11:54 ../staging/inf/17
Using descriptive data from ../desc.

Document parameters:
	Doc. type  = Commentary
	Commentary = Benvenuto
	Language   = Latin
	Pub. Year  = 1380
	Cantica    = 10-Inferno

::::::::::::::::::::::::::::::::::::::::::::
Preloading 18.e into ../staging/inf/18.
::::::::::::::::::::::::::::::::::::::::::::
Warning: overwriting existing output file ../staging/inf/18

Filtering 18.e...
Verifying ../staging/inf/18...

No Verification Errors.
-rw-r--r--   1 dante    dante      67063 Jul 19 11:54 ../staging/inf/18
Using descriptive data from ../desc.

Document parameters:
	Doc. type  = Commentary
	Commentary = Benvenuto
	Language   = Latin
	Pub. Year  = 1380
	Cantica    = 10-Inferno

::::::::::::::::::::::::::::::::::::::::::::
Preloading 19.e into ../staging/inf/19.
::::::::::::::::::::::::::::::::::::::::::::
Warning: overwriting existing output file ../staging/inf/19

Filtering 19.e...
Verifying ../staging/inf/19...

No Verification Errors.
-rw-r--r--   1 dante    dante      70617 Jul 19 11:54 ../staging/inf/19
Using descriptive data from ../desc.

Document parameters:
	Doc. type  = Commentary
	Commentary = Benvenuto
	Language   = Latin
	Pub. Year  = 1380
	Cantica    = 10-Inferno

::::::::::::::::::::::::::::::::::::::::::::
Preloading 20.e into ../staging/inf/20.
::::::::::::::::::::::::::::::::::::::::::::
Warning: overwriting existing output file ../staging/inf/20

Filtering 20.e...
Verifying ../staging/inf/20...

No Verification Errors.
-rw-r--r--   1 dante    dante      69402 Jul 19 11:54 ../staging/inf/20
Using descriptive data from ../desc.

Document parameters:
	Doc. type  = Commentary
	Commentary = Benvenuto
	Language   = Latin
	Pub. Year  = 1380
	Cantica    = 10-Inferno

::::::::::::::::::::::::::::::::::::::::::::
Preloading 21.e into ../staging/inf/21.
::::::::::::::::::::::::::::::::::::::::::::
Warning: overwriting existing output file ../staging/inf/21

Filtering 21.e...
Verifying ../staging/inf/21...
Maximum number of words for a sentence has been exceeded.
   Document Number 1,   Paragraph Label TEXT,   Input Line Number 1348.
New sentence has been started for paragraph to avoid termination.

No Verification Errors.
-rw-r--r--   1 dante    dante      70847 Jul 19 11:54 ../staging/inf/21
Using descriptive data from ../desc.

Document parameters:
	Doc. type  = Commentary
	Commentary = Benvenuto
	Language   = Latin
	Pub. Year  = 1380
	Cantica    = 10-Inferno

::::::::::::::::::::::::::::::::::::::::::::
Preloading 22.e into ../staging/inf/22.
::::::::::::::::::::::::::::::::::::::::::::
Warning: overwriting existing output file ../staging/inf/22

Filtering 22.e...
Verifying ../staging/inf/22...

No Verification Errors.
-rw-r--r--   1 dante    dante      69041 Jul 19 11:54 ../staging/inf/22
Using descriptive data from ../desc.

Document parameters:
	Doc. type  = Commentary
	Commentary = Benvenuto
	Language   = Latin
	Pub. Year  = 1380
	Cantica    = 10-Inferno

::::::::::::::::::::::::::::::::::::::::::::
Preloading 23.e into ../staging/inf/23.
::::::::::::::::::::::::::::::::::::::::::::
Warning: overwriting existing output file ../staging/inf/23

Filtering 23.e...
Verifying ../staging/inf/23...

No Verification Errors.
-rw-r--r--   1 dante    dante      76867 Jul 19 11:54 ../staging/inf/23
Using descriptive data from ../desc.

Document parameters:
	Doc. type  = Commentary
	Commentary = Benvenuto
	Language   = Latin
	Pub. Year  = 1380
	Cantica    = 10-Inferno

::::::::::::::::::::::::::::::::::::::::::::
Preloading 24.e into ../staging/inf/24.
::::::::::::::::::::::::::::::::::::::::::::
Warning: overwriting existing output file ../staging/inf/24

Filtering 24.e...
Verifying ../staging/inf/24...

No Verification Errors.
-rw-r--r--   1 dante    dante      79010 Jul 19 11:54 ../staging/inf/24
Using descriptive data from ../desc.

Document parameters:
	Doc. type  = Commentary
	Commentary = Benvenuto
	Language   = Latin
	Pub. Year  = 1380
	Cantica    = 10-Inferno

::::::::::::::::::::::::::::::::::::::::::::
Preloading 25.e into ../staging/inf/25.
::::::::::::::::::::::::::::::::::::::::::::
Warning: overwriting existing output file ../staging/inf/25

Filtering 25.e...
Verifying ../staging/inf/25...

No Verification Errors.
-rw-r--r--   1 dante    dante      77884 Jul 19 11:54 ../staging/inf/25
Using descriptive data from ../desc.

Document parameters:
	Doc. type  = Commentary
	Commentary = Benvenuto
	Language   = Latin
	Pub. Year  = 1380
	Cantica    = 10-Inferno

::::::::::::::::::::::::::::::::::::::::::::
Preloading 26.e into ../staging/inf/26.
::::::::::::::::::::::::::::::::::::::::::::
Warning: overwriting existing output file ../staging/inf/26

Filtering 26.e...
Verifying ../staging/inf/26...

No Verification Errors.
-rw-r--r--   1 dante    dante      75919 Jul 19 11:54 ../staging/inf/26
Using descriptive data from ../desc.

Document parameters:
	Doc. type  = Commentary
	Commentary = Benvenuto
	Language   = Latin
	Pub. Year  = 1380
	Cantica    = 10-Inferno

::::::::::::::::::::::::::::::::::::::::::::
Preloading 27.e into ../staging/inf/27.
::::::::::::::::::::::::::::::::::::::::::::
Warning: overwriting existing output file ../staging/inf/27

Filtering 27.e...
Verifying ../staging/inf/27...

No Verification Errors.
-rw-r--r--   1 dante    dante      74925 Jul 19 11:54 ../staging/inf/27
Using descriptive data from ../desc.

Document parameters:
	Doc. type  = Commentary
	Commentary = Benvenuto
	Language   = Latin
	Pub. Year  = 1380
	Cantica    = 10-Inferno

::::::::::::::::::::::::::::::::::::::::::::
Preloading 28.e into ../staging/inf/28.
::::::::::::::::::::::::::::::::::::::::::::
Warning: overwriting existing output file ../staging/inf/28

Filtering 28.e...
Verifying ../staging/inf/28...

No Verification Errors.
-rw-r--r--   1 dante    dante     104371 Jul 19 11:54 ../staging/inf/28
Using descriptive data from ../desc.

Document parameters:
	Doc. type  = Commentary
	Commentary = Benvenuto
	Language   = Latin
	Pub. Year  = 1380
	Cantica    = 10-Inferno

::::::::::::::::::::::::::::::::::::::::::::
Preloading 29.e into ../staging/inf/29.
::::::::::::::::::::::::::::::::::::::::::::
Warning: overwriting existing output file ../staging/inf/29

Filtering 29.e...
Verifying ../staging/inf/29...

No Verification Errors.
-rw-r--r--   1 dante    dante      66008 Jul 19 11:54 ../staging/inf/29
Using descriptive data from ../desc.

Document parameters:
	Doc. type  = Commentary
	Commentary = Benvenuto
	Language   = Latin
	Pub. Year  = 1380
	Cantica    = 10-Inferno

::::::::::::::::::::::::::::::::::::::::::::
Preloading 30.e into ../staging/inf/30.
::::::::::::::::::::::::::::::::::::::::::::
Warning: overwriting existing output file ../staging/inf/30

Filtering 30.e...
Verifying ../staging/inf/30...

No Verification Errors.
-rw-r--r--   1 dante    dante      81052 Jul 19 11:54 ../staging/inf/30
Using descriptive data from ../desc.

Document parameters:
	Doc. type  = Commentary
	Commentary = Benvenuto
	Language   = Latin
	Pub. Year  = 1380
	Cantica    = 10-Inferno

::::::::::::::::::::::::::::::::::::::::::::
Preloading 31.e into ../staging/inf/31.
::::::::::::::::::::::::::::::::::::::::::::
Warning: overwriting existing output file ../staging/inf/31

Filtering 31.e...
Verifying ../staging/inf/31...

No Verification Errors.
-rw-r--r--   1 dante    dante      77437 Jul 19 11:54 ../staging/inf/31
Using descriptive data from ../desc.

Document parameters:
	Doc. type  = Commentary
	Commentary = Benvenuto
	Language   = Latin
	Pub. Year  = 1380
	Cantica    = 10-Inferno

::::::::::::::::::::::::::::::::::::::::::::
Preloading 32.e into ../staging/inf/32.
::::::::::::::::::::::::::::::::::::::::::::
Warning: overwriting existing output file ../staging/inf/32

Filtering 32.e...
Verifying ../staging/inf/32...

No Verification Errors.
-rw-r--r--   1 dante    dante      76303 Jul 19 11:54 ../staging/inf/32
Using descriptive data from ../desc.

Document parameters:
	Doc. type  = Commentary
	Commentary = Benvenuto
	Language   = Latin
	Pub. Year  = 1380
	Cantica    = 10-Inferno

::::::::::::::::::::::::::::::::::::::::::::
Preloading 33.e into ../staging/inf/33.
::::::::::::::::::::::::::::::::::::::::::::
Warning: overwriting existing output file ../staging/inf/33

Filtering 33.e...
Verifying ../staging/inf/33...

No Verification Errors.
-rw-r--r--   1 dante    dante      63145 Jul 19 11:54 ../staging/inf/33
Using descriptive data from ../desc.

Document parameters:
	Doc. type  = Commentary
	Commentary = Benvenuto
	Language   = Latin
	Pub. Year  = 1380
	Cantica    = 10-Inferno

::::::::::::::::::::::::::::::::::::::::::::
Preloading 34.e into ../staging/inf/34.
::::::::::::::::::::::::::::::::::::::::::::
Warning: overwriting existing output file ../staging/inf/34

Filtering 34.e...
Verifying ../staging/inf/34...

No Verification Errors.
-rw-r--r--   1 dante    dante      57357 Jul 19 11:54 ../staging/inf/34
