Abardo
Abati
Abbagliato
abbandon
abbietto
abborracciare
Abruzzi
Absalom's
Abscondam
abscondi
Acacius
Accademia
accipe
accipiuntur
accorta
acerbo
Acheron
Acheronte
Achil
Achille
Achilleid
acito
acleo
Acquacheta
actualy
adepti
Adhuc
Adige
Adimari
admonet
adora
adseruit
advenit
adversitate
Adversus
Aegina
Aelred
Aen
Aenas
Aenea
Aeneas's
Aeneida
Aesopic
aeternum
Aevum
affannata
affannate
affer
affetto
affligge
affreno
Africanus
afterwards
afterworld
Agamben
Agapetus
aggirata
agitant
agli
Agli
Agnello
Agnolo
Agrigento
Agugliano
Ahern
Ahitophel's
ai
ait
al
Alagherii
Alardo
Alberico
Alberigo
Albero
Albero's
Alberti
Albertus
alcuna
Aldobrandi
Alecto
aleppe
Alessio
alia
Alichino
Alichino's
alienam
aliene
alienissimum
aliger
Aliger
Alighier
alii
aliis
aliter
alla
alle
all'edizione
allegoria
Allegorica
allegorize
allegorized
allegorizing
Allegretti
All'estremo
all's
all'umanesimo
almi
Aloeus
Alpignano
alta
alte
altezza
alti
Altissimo
altra
altri
altro
altrui
altum
Alvar
Alypius
amar
amara
amari
amato
amatoria
ambience
ambiences
ambulavimus
amenum
Americani
Amerindo
amica
amicitia
amicizia
Amidei
Amilacare
Amilcare
ammanto
amnem
amor
Amor
AMOR
amore
Amore
amori
amoris
Amphiaraus
Amphiaraus's
Amphion
amplificare
analisi
Analisi
anamorfosi
Anastasius
Anatomia
anche
Anchises
Ancona
ancor
ancora
Ancora
Andal
andata
Andr
Andreoli
Angelis
Angiolello
Angiolieri
Anglicus
angoscia
anguis
angustia
angustiat
anima
animae
animalistic
animality
animam
animas
anime
animis
animo
Anjou
Annali
Annas
anni
annoiosa
annus
annuzio
Anonimo
Anrede
Antecedenti
Antenor
Antenora
Antenore
antica
antichi
antico
Antico
Antiochus
antiphrasis
antiqui
antiromance
antitype
Antologia
Antonelli
Antonini
antro
Anzio
aperite
Apoc
Apocalyse
Apostolici
apostrofe
apostrophised
apostrophizes
appariva
appeciate
appellat
appellato
appello
appiccicosa
appliqu
aprile
Apuan
Apulia
Apulian
Arachne
Arbia
Arcolano
Aremaic
Arethusa
Aretines
Arezzo
Argenti
argento
argolica
argonauta
ariolos
Aristide
Arles
armi
Arnaut
Arnaut's
Arnolfo
Arpie
arrangment
Arrigo
Arrigo's
Ars
arte
Arti
artisanship
arto
Aruns
Arvisu
Ascanius
Ascona
Asdente
aspetto
assasin
assasins
assordante
Astraea
astronomicus
astutia
astutus
Astyanax
Atene
Athamas
atl
atque
atron
attacchi
attende
Atti
Attilio
au
auble
auctor
auctores
Audeh
audire
audivi
Auerbach
Auerbach's
augmentum
aurum
Ausonia
aut
Aut
autem
autor
autore
autores
autorit
Autorit
Avalle
avante
avea
avendo
Averni
Averno
Aversano
avesse
avessero
Avignone
Avignonian
avvinghia
awarness
axe
Azzolino
babytalk
Babytalk
Bacchelli
Bacchelli's
Bacchides
Bacchiglione
Bagaloni
Bagehot
Baiardi
baiser
Baldassaro
Baldelli
Baldelli's
ballatoi
baptismatis
baptistry
Baptistry
Baranski
Baranski's
baratta
Baratteria
barba
Barbariccia
Barbariccia's
Barberi
Barblan
Barchiesi
Barchiesi's
Bargigi
Barolini
barrator
barrators
barratry
Barratry
Barsella
Bartholomaeus
battendosi
battesimale
battesimo
battezzatori
battiensi
Beal
beatitudo
Beatricean
Beccheria
begat
begining
begolardo
bei
Belfagor
belive
bella
bellezza
Bello
Bellomo
Bellomo's
Belloni
bellowings
Bemerkungen
ben
Benaco
bene
Benevento
benevolentiae
Benfell
Benjamins
Benvenuto
Benvenuto's
Bergamo
Bernardi
Bernardino
Berolinense
Berthier
Berthier's
Bertran
Bertran's
bestiale
bestialitade
bestialitadi
Bestiari
Biagioli's
bianca
Bianchi
Bibbia
biblica
Bibliografia
bien
Bigongiari's
Billanovich
billhook
bilocation
Bilt
bini
Biondolillo
Biow
birdmanship
Bisson
bizzarro
Blasucci
bocca
Bocca
Boccaccino
Bocca's
Bodleian
Boethius
Boffito's
Bolelli
bolge
bolgia
Bolgia
Bolognese
bolognesi
Bolognesi
Bompiani
bon
Bonacci
Bonacolsi
Bonagiunta's
Bonatti
Bonconte
Bonifacio
Bonifazio
bonis
Bono
Bonturo
bonum
Borello
borni
Borsiere
Borst
Bortolo
Bosco
Bottai
Bottario
Botterill
Boyde
Bramante
Branca
Branda
Brandis
Brescia
Breughel
briar
Briareus
brigata
Brownlee
Brugnoli
Brunettian
Brunetto
Brunetto's
Bruni
bufera
bufoonish
Buiamonte
Bulicame
Bulzoni
buon
buona
Buonconte
Buondelmonte
Buondelmonti
buone
buongustai
Buoso
Buoso's
Burnetto
Busnelli
Buti
Caccia
Cacciafesta
Cacciaguida
Cacciaguida's
Cachey
Caci
Caco
Cacus
cadde
cade
Cadmo
Cadmus
caduta
caeco
caelo
Caetani
Cagnazzo
Cagnazzo's
cagne
Cahors
Caina
Caino
Calaeno
Calandrino
Calcabrina
Calchas
Caligaris
caligine
Calixtus
calles
Caltanissetta
Cambon
Camicione
Camicione's
Camilli
cammin
camminano
cammino
Campaldino
Campi
Campi's
Cancellieri
Cangrande
Cannae
canti
Canti
cantica
cantiche
canticis
cantio
canzon
canzone
Canzone
Capaneus
Capellanus
Capellanus's
capestro
Capocchio
Cappella
Cappellanus
Capponi
Capraia
Caprona
captatio
Capua
Capuan
caput
carcere
Cardinale
Carentana
carentes
carentia
Caretti
Carignano
caringly
Carlino
Carlino's
Carmignani
carnali
Caronte
Carozza
cartographical
casa
Casagrande
Casagrande's
Cascia
Casella's
Casentino
Caserta
Casini
caso
Casolodi
Cassata
Cassell
Cassell's
Cassero
Castel
castello
Castello
Castelvetro
Castelvetro's
Castile
catachresis
catachumen
Catalani
Catalano
Catalano's
catalogue
catalogues
Catanzaro
Catarsi
cattivi
Cattolica
cattolico
Caurus
cautissimi
Cavalcante
Cavalcante's
Cavalcanti
Cavalcanti's
cavaliere
Cavallieri
Cavicciuoli
Cavlacanti
Cecchetti
Cecco
Cecco's
Cecina
celebri
celeste
CEMERS
Centauri
centenario
cento
Centre
centro
Centro
centum
Ceperano
Cerbero
Cerboni
cercare
Cerchi
cerchie
cerchio
certamente
certe
Certe
certo
Cervia
Cesati
Cesena
Cesnola
cespuglio
cessare
ceu
cfr
Cfr
chancey
Chapin
charbons
charge's
Charrette
chastes
che
Cheely
ch'ei
ch'entrate
Cherchi
chiamalo
chiamare
chiamarla
chiamaste
chiamato
Chiamenti
Chiappelli
chiara
Chiarenza
Chiarenza's
Chiari
chiastic
Chiavacci
chidden
Chierichini
Chimenz
chinando
ch'io
Chiosar
Chiose
Chiron
Chiron's
chiuse
Christological
Christum
ci
ciacco
Ciacco
Ciacco's
Ciampolo
Ciampolo's
Cianfa
ciechi
cieco
ciel
CIII
cil
cima
Cino
Cino's
Cinyras
Cioffari
Cioffari's
circlings
circoncisione
circuli
circumstetit
Cirlces
Cithaeron
citharae
citt
Citt
cittadini
Citty
civ
civitate
Clairvaux
clamore
classe
classensi
classica
classicizing
classicus
claudus
clearsightedness
clegy
Cluny
Cocytus
codicum
Cogan
Cogan's
Coglievina
cognati
cognato
cognitio
coi
coigne
coitu
Colangeli
Colchis
colle
Collegeville
Cologna
Colombe
colombi
Colonna
colore
coloritura
Colui
Colussi
comed
Comed
comedes
comedia
Comedia
comica
comico
comincia
comis
Comitato
Commed
Commedï
Commedia
Commenta
commentatori
commenti
commento
Commento
Commissione
commonfolk
comms
Comoedia
comoediam
Compagni
comparate
compatiens
compiuta
compl
comporta
composizione
Composizione
comprendente
comprendeva
comprime
comptae
comuni
conantur
concedere
conceptum
concursus
condita
condusse
confessa
confondere
confort
confundentur
confusa
conoscenza
conosciuto
Conradin
Conrieri
conserva
consiglio
Consolatio
Consoli
consonantiam
consumare
conte
contemplatives
contemporanei
contexto
Conti
Contini
Contrada
contrapasso
contrapassum
contraria
contrarie
contrarium
contrester
contributi
contributo
controling
Conv
convegno
Convegno
conventual
conversionary
Convertens
convivio
Convivio
Convivium
convolto
Coppolla's
cor
Corallo
corda
corde
cordi
Corneto
coronato
Coronis
corpo
corporale
corporality
corpore
corporeo
Corrado
correre
correvano
Corrispondenza
corrotto
Corsi
Corso
corte
cortesia
Cortesia
Corti
cosa
cose
cosiffatta
Cosman
cosmogonia
Cosmologia
costinci
costrinse
costui
costuma
counselled
counselling
counsellors
Courcelle
courtois
couverte
coverta
Crassus
creaturarum
Creazione
crede
credere
credi
crediderunt
Crema
Creonte
Cretensis
Creusa
Crimi
critica
Critica
critici
critico
Crivelli
Cronica
cronologia
crucciare
cruces
cruciat
crucifed
cruda
Crusca
CUEM
cui
Cuini
Culex
cultura
culturale
Culturale
Cummins
cunctis
Cuomo
Cuomo's
cupiditas
cura
Curlybeard
Currado
currus
Cursietti
Curtius
cxx
da
Da
dabitur
d'Accorso
dai
dal
dalla
dall'altra
dall'Universit
Damietta
damni
Damozel
D'Andrea
Daniello
D'Anna
dannato
danno
dannosissima
dans
Dantean
Dantes
dantesca
Dantesca
dantesche
danteschi
Danteschi
dantesco
Dantesco
dantesques
Dantis
dantisti
d'Arco
Dardanus
d'Arno
d'Arthur
Das
d'Asciano
Dati
daugher
Daunia
d'aver
DDP
de
dea
debba
debbalisi
debetur
debuisset
Decameron
decina
decuria
dedicando
dee
Deen
definizione
defloratio
degenerazione
D'Egitto
degli
degni
dehistoricizing
dei
Dei
Deianira
Deidamia
Deiphobus
Deiphobus's
deitÃ
deittici
del
Delcorno
Delesmanini
d'elez
delineators
delit
della
dell'Abbaco
dell'allegoresi
dell'Alpe
dell'amore
dell'Anguillara
dell'Arcadia
dell'aureo
dell'autore
delle
dell'eternit
dell'Etica
delli
dell'iconografia
dell'Inferno
dell'Istituto
dell'universo
Delmas
dem
d'En
denegare
denota
Dente
d'Epicuro
der
deriva
Deriva
derivates
des
desacralizing
descendens
descensus
deserta
Desideri
designa
desinit
desirent
desirier
despeired
Desport
d'Este
d'estirpare
d'esto
destra
Detheologizing
Detto
deturbat
Deut
Deutsches
devant
deventi
devlopment
devorat
d'histoire
di
diaboli
Diabolus
dialectism
Dialogo
dialogue
dic
dicere
dicesti
dichina
dicho
dici
dicit
dicitur
dico
Dico
Dictys
dicunt
diebus
dieci
dierum
Dietaiuti
difesa
difficiles
difficilior
diffusus
digiuno
Digiuno
digna
digressivus
diletti
dilettoso
dimandare
dimensi
dimidio
dimidium
dinanzi
d'ingegno
Diomedes
Diomedian
Dionysius
Dioscuri
dipendent
dir
Discedite
discite
Discorsi
disdegno
disdegnoso
diserta
diserto
disio
disiri
disonesto
Dispenza
disperati
dispergitur
dispumat
disputa
Diss
dissidio
distinte
distinto
d'italianistica
Dite
Ditel
diventato
diversa
diversas
diversis
dividuntur
divina
Divina
Divinae
divinam
divinatione
divinatory
divini
divinorum
divisa
divora
divos
dixeram
dixit
Dizionario
d'o
doctrinale
doglia
Doglia
d'ogne
doit
dol
dolce
Dolcino
Dolcino's
dolenti
dolere
dolore
dolorem
doloroso
dolorum
Dombrowski
Dominus
Donati
Donatus's
donna
Donno
dopo
d'Oria
dormiente
dottore
Dottrina
dou
D'Ovidio
D'Ovidio's
dovuto
Dozon
Dragignazzo
Dronke
dropsied
du
dubbie
dubbio
duca
ducimus
ducit
duco
duecenteschi
Duera
dulcis
d'Ulisse
Dumol
d'un
d'una
duobus
duplicazione
dura
duri
Durling
duro
Durus
Duvall's
Dve
dwelled
eants
eas
ebbe
Ebin
Ebionitarum
Ebionite
ec
Ecce
eccelsa
eccezionale
eccezione
ecche
Ecco
Economou
Edenic
edie
editerran
Editore
Editoriale
editoriali
Editrice
edizione
Edizioni
Edoardo
edu
ee
een
Effrazione
egli
Eglise
ei
Ein
Einaudi
Eine
eis
eius
elationem
Elder's
ella
elle
elli
eloise
eloquentia
Eloquentia
elsewise
embacing
emblematizes
Empedocle
Empedocles
empireless
Empoli
Enciclopedia
enclitic
Endor
ene
Enea
Enfers
enim
enlimed
entrare
Enzo
eo
eophile
eorum
eos
Ephialtes
epi
Epicureanism
Epicureos
epicureus
Epicuri
Epicuro
Epiphanes
Epirus
episcopo
episodi
episodio
Epist
epistola
equidem
equorum
eraire
erano
erard
Erard
erat
Erat
Ercole
eres
eretico
Erichtho
Erichtho's
Erine
Erinyes
Eriphyle
erit
Erit
Eritone
ermeneutica
ero
eroul
erraverit
erronea
errore
ers
ery
Erysichthon's
esegesi
esegetica
esemplare
Esopi
Esopo
Esposito
Esposizione
Esposizioni
essa
essamina
esse
essem
essendo
essenziale
esser
essere
esset
essi
essilio
esso
Este
estis
estudiier
Eteocles
eterne
eternel
eterno
etes
etiam
etimologica
etius
etrique
ETS
etterno
Etym
Etymologiae
eucharistic
Eunuchus
europea
Euryalus
Eurypylus
eventum
Eviltail
Evo
exegetes
Exemplum
exercet
Explicator
explusion
exsanguis
extracti
ezard
ezard's
Ezzelino
Ezzolino
Fabbri
fabbrica
fabliau
Fabrizio
fabula
fabulator
faccia
facere
faceret
faciem
faciens
facilior
Facilis
facio
facit
Facolt
factus
Faenza
faire
Fallani
falsa
familar
famille
fandi
fango
fanno
Fano
Farcasiu
Farfarello
Farinata
Farinata's
farr
farsa
fatte
faucesque
Faunce
favella
favola
Favolello
favouring
fece
feci
fecit
fede
felicem
felicitatem
fello
Feltre
feltro
Feltro
femine
Fengler
fera
ferendo
ferina
ferine
ferisce
ferm
Ferrante
Ferrara
Ferrazzi's
ferrea
Ferretti
Ferrucci
Ferruolo
fert
Festschrift
Fetonte
feu
feutre
fictiveness
fictor
fideliter
fides
fiera
fieri
Fiesolan
Fiesolans
Fiesole
figlia
Figuralism
figuralismo
Figurations
filiation
filius
Filologia
filologiche
Filomusi
filosofia
Filosofia
fingit
finiunt
fioco
fiorentini
Fiorentini
fiorentino
Fiorentino
Fiorentino's
Fiorenzo
Fiorilla
Fiorini
Firenze
firmo
fisiognomica
fiumana
fixus
flatteries
Flegias
flendo
florilegia
florilegium
fluminis
fluvial
fluvius
Fo
Focaccia
Focara's
fois
fole
Folena
folle
fondo
fons
fonte
Fonte
fonti
Forentine
Forese
Forese's
Forl
forma
formas
forme
Forme
Formen
foros
forsan
forse
fortezza
Forti
fortuna
Fortuna
fortunae
Fortunatus
forza
Fosca
fosse
fossi
fourness
fra
Fra
Franceschini
francese
Francia
Francis's
frater
Frati
fraude
fraus
Freccero
Freccero's
Frediano
frema
fremde
freni
Frieslander
Frieslanders
frodolente
frondes
Frongia
fronte
frustra
fu
Fubini
Fucci
Fucci's
fuga
fuge
fuggendo
fugit
fui
fuisse
fuit
Fulgentius
fumus
Funktionen
fuori
furibond
Furie
furorem
futuro
Gaddo
gaditano
Gaeta
Gaetano
Gagliardi
Galehot
Galigai
gallicismo
Gallimard
Gallograeciae
Gallus
Galluzzo
Ganelon
Garda
Gardingo
Garisenda
garofano
Garzanti
Gascon
Gaudenti
Gavazzeni
Gaville
Gea
Geburtstag
genere
genericamente
gente
Gentili
geometria
Georgic
Georgiche
Georgics
Gerione
Geryon
Geryonae
gesti
Gherardesca
ghibellina
Ghibellines
Ghibellinism
ghiotto
gi
Giacalone
Giamboni
Giamboni's
Giampolo
Giancarlo
Gianciotto
Gianfigliazzi
Gianfranco
Gianluigi
Giannantonio
Gianvito
Gigantes
gigantism
Gilson
giocosa
Giornale
giorno
Giovannella
girare
gironi
Giubileo
Giuda
giudica
Giuliano
giungono
Giusppe
giusti
Giusti
giustizia
Giustizia
giusto
Gizzi
Glauco
Gledson
gli
gloriam
gloriosus
glossalalia
glossare
glossator
glossators
Gmelin
Gomita
Gorg
Gorgona
Gorni
Governolo
Grabher
gracilis
gradus
graffia
Graffiacane
Graffiacane's
gran
grande
Grande
Grandgent
Grandgent's
grandi
gravezza
gravi
Gredos
Greekless
grege
gressum
grey
gridare
Griffolino
grober
gronde
Gru
guai
Gualdrada
guardai
guardare
guata
Guelf
Guelfi
Guelfs
Guelphs
guerra
Guida
Guidi
Guiniforto
guisa
Guiscard
Guiscard's
Guittone
Guittone's
Guyler
habes
hac
haec
haeresim
Hagedorn
hanc
hanno
hapax
Hapax
harrowings
Harrys
haud
Hauff
hebetude
hedos
Heil
Heilbronn
Helenus
Heliotropum
hellscape
helter
herba
heresiarchs
heroicness
Heroides
Herse's
Herzman
hic
Hiersemann
Hilhorst
Hippodamia
Hippolytus
hispaniensia
Historia
historicum
Homerless
homine
honorem
Honorius
honos
Honour
hora
horas
horresco
hostibus
html
http
Huet
huius
humana
humanistica
Humanistica
humilem
humilis
Hymself
hypercorrect
Hypsipyle
hyptothesis
ia
Iacopo
Iacopo's
iam
ianitor
Iannucci
ianuam
iatto
iatto's
ibi
iborni
idenitified
ideo
Ideo
ienz
ienza
Ier
Ierusalemme
ignem
ignoravimus
IIae
II's
il
Il
ime
immagine
Imola
Imola's
imperii
impero
impius
impresa
improbus
ina
incipiunt
incompiuto
incorrupte
incorruptibilem
indagini
inde
Inde
indegna
indicano
indistinto
inedite
inedito
infelicissimum
inferi
Infern
infernales
inferni
infernum
inferos
infortunii
ingegnare
ingegno
Ingegno
ingens
Ingiuria
Inglese
Inglese's
ingoia
ingreditur
inhonesto
iniquitate
iniuria
innocentes
innuba
Ino
inpexis
inseparate
intanto
integumentum
intellectu
intelletto
intellettuale
intenda
intende
intendere
intendimento
intenzione
intercalations
Interdependenz
Interminei
internazionale
Internazionale
internazionali
interpretativa
Interpretazione
interprete
interpretum
Intersezioni
Intertexts
intitolato
Intorno
intr
introcque
introducting
Introduzione
introno
invece
inveniebat
invenire
invidia
invocazioni
involto
io
Ioan
Iole
ione
Iordanis
Ioseph
Iovinianum
Iphimedia
ipsa
ira
irrationabilis
Irrita
isbarcare
iscoia
isquatra
issa
iste
Iste
istinc
istinto
Istituti
Istituto
isto
Istra
Istria
istud
ita
Italia
Italiam
italiana
Italiana
Italiane
italiani
Italianist
italiano
Italiano
Italica
Italicum
Ite
itinerari
Itinerari
iudicem
iuga
Iulio
Iulus
iura
iustitiam
iustum
iuvabit
Ixion
Ixion's
Jacoff
Jacomo
Jacopo
Jahrbuch
Jehosaphat
Jerusalemites
Jesus's
Jewiss
Jossa
Jossa's
Judam
Judecca
judgement
ka
Kablitz
Kaulbach
Kaulbach's
Kenelm
Kennikat
ki
Kirkham
Kleiner
Kleinhenz
Klett
Kom
Komik
Kommentar
Konfiguration
Kraus
Kulturbesitz
l'abbozzo
LaBudde
L'accenno
L'acerbit
lacum
lacus
Laertes
lago
lagrimabil
lagrimare
lai
laida
laisse
L'Alighieri
l'alma
l'alta
l'altra
l'altro
Lamberti
Lameshanks
L'amico
Landino
Landino's
Lanfranco
l'anima
Lano
l'antica
Lanza
Laoco
Lapi
L'apologo
l'arco
largissimus
Larkin
L'artificio
lasciar
lasciare
lasciate
Lassati
L'astronomia
Laterza
latet
latina
latini
Latini
Latinism
latino
Latinus
latrans
laudasse
Laudato
Laudes
laudesque
laus
l'autenticit
l'autre
l'avversario
laxatque
Lazio
Lazzari
le
Learchus
lebbroso
lectio
lectura
Lectura
Lecturae
Ledda
legere
legge
leggemmo
Leggere
leggiadro
legno
Legomena
Lemnos
l'empio
lena
l'Enfer
Leonardi
Leonella
leonis
l'Epistola
l'epopea
Lepschy
les
L'esegesi
Leser
L'esperienza
lessicografico
lessicologia
letteraria
letterario
letteratura
Letteratura
letterature
Letterature
lettere
Lettere
Letterio
lettore
Lettres
lettura
Lettura
letture
Letture
Leuker
lev
Lewiston
lezione
li
liber
Liber
liberare
Libicocco
Libri
libro
licet
licteram
Liguori
limbicoli
Limbus
L'Incantation
l'ingegno
linguae
linguaggio
linguistica
l'interpretazione
l'Italia
litt
litterarum
Livio
Livre
loc
loca
Locatin
Loderingo
Loffredo
Logudoro
Lokaj
Lombards
L'ombra
longa
longe
Longo
l'onore
lonza
Looney
l'opera
l'oppinion
loquela
loquitur
lor
L'orazione
loro
L'Ovidio
Lucage
Lucagus
Lucan
Lucanian
Lucano
Lucan's
Lucca
Lucchese
Lucchesi
luce
lucem
Lucentia
Luciani
Lucifero
Lugentes
L'Ugolino
lui
L'Ulisse
l'ultimo
L'ultimo
l'umanesimo
lumini
l'un
lungo
Lungo
Luni
Lunigiana
luogo
lupa
lussuria
lussuriosi
lviii
LXXXVI
Lybia
Lycaon
Lycians
lyncis
Macerata
macolato
Maconi
Macrobius
maculate
maculosae
maggior
maggiore
magistra
magna
magnanimit
magnanimo
magnanimus
magni
magnus
Magnus
Mago
magus
mai
maintes
maiore
Malacoda
Malacoda's
Malaspina
Malaspina's
Malatesta
Malatestino
Malatestino's
Malato
malavventuratamente
Malcoda's
Malebolge
Malebranche
malediciton
maledicti
malessere
mali
maligno
malis
Malitiae
malizia
Mallin
malo
malorum
malvagi
mancia
manda
Mandelbaum
mando
Mandruzzato
manebunt
Manente
Manescalchi
Manfredi
Mangaldo
Mangona
Manheim
manica
maniere
manifestum
mano
manoscritti
manscripts
Manselli
mantic
Mantichora
Manto
Manto's
Mantua
Manuale
Manziana
Maometto
Marcab
Marcazzan
Marchesi's
Maremma
Margherita
margine
margini
Marigo
Marinetti
Markulin
Marner
Marra
Martellotti
Martinelli
marturi
marziale
Marzucco
Mascheroni
Mastro
Mastrobuono
Matera
materia
matta
Mattalia
Mattalia's
Matth
maturi
maturo
Maundy
Maurer
maximo
Maximus
Mazzamuto
Mazzeo
Mazzoni
Mazzoni's
Mazzota
Mazzotta
Mazzucchi
meam
medesima
medesimo
Mediaevalia
medicina
Medicina
medievale
medievales
medievali
Medievalia
Medievalis
medio
Medio
medioevo
Medioevo
Mediterraean
Megaera
megalopsichoi
Megera
meipso
Melanippus
Melicertes
Mellen
membrisque
membro
meminisse
memoria
Memoria
memorie
mena
mendax
Mengaldo
Menichetti
mensura
mente
mentes
menzogna
meorum
Merc
mercantilism
mercedi
Mercuri
meritato
mersas
merta
meschite
mesmes
Messer
Messina
messo
Messo
Mestica
metafora
Metafore
Metam
Metamorfosi
metatesi
meteoris
metodo
meus
mia
miei
mihi
Milano
milia
mille
Mincio
Mineo
minore
minori
Minos's
Minotauro
Minturnese
mio
Mirabilia
miraturque
Mirko
mise
Miseno
Misenus
misera
miseranda
Miserere
miseri
miseria
misericordia
Misericordia
miserrimus
misgotten
Mismapping
misperceptions
misura
misurar
miti
mito
modelled
modelli
Modelli
modello
moderne
Modernes
modis
modo
Mohammed
molestus
molte
molto
Momenti
Momigliano
Momigliano's
Monarchia
Mondadori
mondo
moniti
Monnier
Monselice
monstra
Monstra
Monstres
monta
Montano
Montaperti
monte
Montecassino
Montefeltro
Monteriggione
Montfort
Montone
morali
Morgantown
Morini
Moroello
Morrone
mors
morte
Morte
MORte
mortem
morti
mortis
morto
mortuus
mosaico
Mosca
mosso
mostran
mostrar
mostri
moto
Moyen
Mozley
Mozzi
mperador
MSS
Mulino
multa
multis
mundi
muove
mura
Muresu
Musa
Musaeus
Musa's
musica
Mussetter
mutatas
Myrrha
Mythe
Mythographical
Nacqui
Nannucci
Napoleone
Napoletana
Napoli
Nardi
Nardi's
narrativa
narratore
nascit
Nascit
nascose
naso
Naso
nate
natio
nationes
nato
naturale
Naturalis
Navarre
Navarrese
nazione
ne
Neapolitana
nec
Nec
necessitas
necromanzia
negata
negli
nei
nel
Nel
nell
nella
nelle
nell'entrarvi
nell'et
nell'italiano
nello
nemico
nemo
Nencia
Neri
Nessus
Nessus's
netta
neve
Newberryana
nfinite
ng
Niccol
Nicholas's
nicomachea
Nicomachean
niente
nihil
nimica
Nino
nisi
Nisi
Nisus
nitidum
Noakes
nobile
nobilissimo
nobilitade
nocendi
nock
nodo
noi
Nolting
nom
nome
nomen
Nomen
nomenque
nomi
nomine
nona
noncupati
norma
Normale
nostra
nostre
nostro
nota
Nota
Notisi
nov
novantanni
Novara
nove
novit
novo
nox
nozze
nuce
nudus
nulla
nullo
nullu
numerologically
nunc
Nunc
nuova
Nuova
nuove
Nuove
Nuovi
nuovo
Nuovo
nuptiali
nuthin
obediens
Obriachi
obstruxit
obtenebrabitur
obtulit
oc
occhi
occumbet
Ocnus
ocul
od
Oderisi's
odie
odio
Odorico
Oelsner
Oerter
offerta
offertes
offerti
offerto
officiis
oggi
ogne
ogni
ognuna
oitz
ojects
Okamura
Oldcorn
olentis
olim
Oliphant
olle
oln
Olschki
Omaggio
ombra
omnes
omnis
omnium
omo
ond
onde
onesto
oni
Onias
onig
onomastic
Onomastics
onora
onore
operationes
opere
Opere
Operosa
Opizzo
opra
opsecro
ora
orbis
Orchomenos
Orchomenus
Orci
ordine
Ordiway
Ordiway's
originali
origini
ornata
oro
Orontes
Orosio
Orosius
Orph
orrata
orror
Orror
orsa
Orsini
oscura
Ossa
Osservazioni
ostendendum
Ottaviano
Ottimo
Ottimo's
ottlichen
ottlicher
ottobre
Ottocento
Otus
ov
ove
oves
Ovidian
ovidiani
Ovidii
Ovidio
Ovidius
ovra
Padoan
Padoan's
Padova
padovano
Padua
Paduan
Paget
Pagliaro
Pagliaro's
Paideia
Palazzo
palbably
Palinurus
Palma
palme
palombaro
paludi
pandere
Pandite
Pania
Paolini
Paolucci
papae
papale
Pape
papi
paradiso
Paradiso
paragone
Paratore
pard
parea
paricularly
parla
parlanti
parlar
parlare
parlo
Parma
Parodi
parodic
parodically
Parodi's
parola
parr
parte
partes
particella
parva
parvuli
Pascoli
Pasero
Pasipha
Pasquazi
Pasquazi's
Pasquini
Passavanti
passge
passionare
passo
passsage
pastura
Paterine
patrem
patres
patristici
paura
Pazzi
Pazzo
peccato
Peccato
Peccatum
Peckinpaugh
pectore
PECULATO
Pedroni
peggio
pel
Pelagian
Peleus
Pelian
Pelion
Pellegrini
pellucidly
pena
Penestrino
penitent's
penitenza
penitus
pensando
pense
penseroso
pensiero
Penthesilea
penumbral
Pequigney
Pequigney's
perch'io
perci
Percorsi
percorso
perdei
perditionem
perditionis
perdona
perduto
perfectior
pericula
perigli
Perillus
perire
Perithous
perizoma
perjurors
permansuri
perocch
Perotti
perpetrata
perpetuo
Persio
Persius
personnages
Pertile
Pertile's
pertinax
pertugio
Peschiera
pesi
pessima
pessimus
pestis
Petrarca
Petrine
Petrocchi
Petrocchi's
petrose
Petrose
Petrus
petunt
Phalaris
Pharoah
Phars
Pharsalia
Phemonoe
Pherae
Philologica
philologie
Philomythes
philosophi
Philyra
Phlegethon
Phlegra
Phlegyas
Phlegyasque
Phlegyas's
Pholus
Photiniani
Photinians
Photino
Photinus
piÃ
piace
piacer
piacere
piacque
piaggia
piana
pianeta
piang
piangere
Piattoli
picciola
Picone
pien
piet
pietas
pietatis
Pietola
Pietrobono
Pieve
Pila
Pinamonte
pio
Pipino
Pirithous
Pisan
Pisans
Pistoia
Pistoia's
pitchy
più
pius
PLAGIO
Plauto
plena
pleonastic
plorare
ploras
Ploras
plottings
pluam
pluie
plures
plurilinguismo
Plutus
Plutus's
PMLA
podest
Podest
podesta
poema
Poema
poena
poeniteat
poesia
poeta
Poeta
poetae
poetarum
poeti
Poeti
poetica
poetice
poggio
Poggioli
Pola
Poletto
Poletto's
Policraticus
poligrafici
polisemia
polisemie
politiche
polsi
Polydorus
Polymestor
Polymnestor
Polynices
Polyxena
Pompeius
Pompeo
ponam
ponitur
ponti
Pontius
ponto
popolare
Popule
Porcelli
porcus
Porena
poria
porta
portas
porte
Porte
Portirelli
portitor
Poscia
possa
posset
postlapsarian
potenzia
poterat
poterit
Potiphar's
Pozza
pozzetti
practised
praedam
Praeneste
praesens
Prandi
Pratiche
Prato
Prato's
pre
Pre
preda
Prediche
prefisso
prega
preme
premit
presento
presenza
Presenze
Presta
Preussischer
pridefulness
prima
primo
Primo
primum
primusque
principale
principio
priorate
Priscian
problema
problemi
Problemi
procedere
procella
proda
prodeunt
prodidit
proem
proemial
profanus
profecit
profertur
profezia
profoundy
progenies
Programma
programmatically
Prolegomeni
prologo
prolusory
propere
Propertius
prophetas
propinquant
proposito
proposta
proposto
propriamente
propter
Propterea
prosa
Proserpina
prosperitatem
Proto
protonotary
prounounced
proven
Proven
Provenzan
Prudentia
Prufrock
pruno
Ptolomea
pu
pubblicata
pubblicazione
publica
Publius
Puccetti
Puccio
pudori
Puglia
Pullano
pulvere
punishers
punteggiatura
punto
puose
puote
pur
Purg
Purgatorio
pursemaker
pusillanimit
putei
Pyrrhus
Quaderni
quae
Quaeris
Quaestio
Quaglio
Qualche
qualcuno
quale
quali
quam
quando
quanto
quare
quattrocento
quattuor
que
quel
quella
quell'altro
quelle
quell'effetto
quello
quem
questa
Questa
queste
questi
Questio
questione
Questioni
questo
Questo
qui
Qui
quia
quibusdam
quidquid
quidve
Quijote
quindi
quippe
quod
quoi
rabbia
rabidity
raccomandare
racomando
radici
Raffaele
ragione
Ragonese
Ragonese's
Rahab
Raimondi
raison
raisons
ramo
rana
Raph
Raphaelite
Raphel
rapporti
rappresentazione
Rasha
Rassegna
Rati
ratione
Ravenna
Ravignani
ravviluppato
ravvolto
Reale
Rebecca
rebellio
reca
recente
recircare
recusatio
recuser
Redface
rediit
redivivus
referens
Reggio
Reggo
Reginaldo
Reginaldo's
regis
registrare
regno
rei
relative's
relig
reliquere
remaint
Remedia
Rendall
rende
Renzi
Reparata
repelluntur
repertis
reponse
reproposed
reproposes
resolidifies
Resta
resum
retorica
retrocedere
retrorsum
retroso
retta
rettore
revisitation
rex
Rhadamanthus
Rheenan
rhetor's
Rhitmi
ribellante
ricadde
ricca
Ricciardi
ricco
Riccobaldo
Riccobaldo's
ricerche
ricezione
riconversione
ricordata
ricordi
ricostruzione
ridda
rifiuto
righe
righteouness
Rigo
riguardi
rima
Rimini
rinascimento
ringhia
Rinier
rinnovamento
Riodestro
Ripheus
Riquer
riscontri
riscontro
ristrinse
ritonda
ritrov
ritrovai
riva
rivalrous
Rivalto
rivera
Rivista
Roazen
Robertis
Rocca
rockslide
Roddewig
roges
Romagna
Romana
Romani
Romanic
romanze
romanzo
Romena
Roncesvalles
Ronconi
Rosalma
rossiacademy
rotti
rovesciamento
rovinano
rovinare
Rovito
Rubeis
Rubicante
Ruggero
Ruggieri
Ruggieri's
ruina
ruinare
ruit
rulership
ruscello
Rusticucci
Rutebeuf
Rutebeuf's
Sabah
Sacchetti
sacramento
sacreligious
sacrifical
SACRILEGIO
sacro
s'adagia
Saffiotti
Saggi
saggio
Saggio
s'alcun
Salimbene
Salina
Salmacis
salmi
Salmo
Saltrick
salus
salutem
Salvani
salvations
Salzman
San
sancta
Sanctis
sanguigno
Sanguineti
Sanguineti's
sani
sanno
Sansoni
sant
Sant'Agostino
Sant'Angelo
Santini
sanza
Sapegno
Sapegno's
sapientes
sapientia
sapienza
sar
sarchophagi
Sardinians
Sarebbe
Sarolli
Sarolli's
Sarteschi
Sarzana
Sassol
satan
Satana
Sathanas
Satira
satirica
satiro
savio
sc
Scaglione
Scala
Scaliger
Scaligera
Scarmiglione
Scartazzini
scelerum
scender
sceptre
Scham
Schede
schedula
schedulae
Scherillo
Schicchi
Schicchi's
schiera
schiere
Schildgen
Schnapp
Schulze
Sciancato
Sciascia
sciaurati
scientiam
scienza
scienze
Scienze
scilicet
sciolte
scissione
scitusque
scoglio
scola
Scratchdog
Scrinium
Scripta
scriptura
scrissi
scritta
scritti
scrittura
Scrivano
Scrovegni
Scuola
Scyros
se
secca
secerno
seconde
secondo
secreti
seculo
secunda
secundae
secundum
sed
Sed
sedebant
seghuitando
segni
segnis
segno
segnore
segrete
Segrete
segu
seguaci
seguente
seguita
Seing
s'elli
selmiani
selva
selvaggia
SEMA
semantica
Semantica
semantiche
seme
Semele
semenza
semihominis
Seminario
semiologici
semper
Senecazitat
Sensi
senso
sensualitati
sensus
sentimentale
sentire
sentono
senza
separazione
sepulchre
sequere
ser
Ser
Seraphim
Serchio
serena
Seriacopi
Serianni
serie
sermo
Sermo
Sermones
serpentism
Serravalle
serva
Servius
Servius's
sestina
sete
settimo
Sextus
sfida
shamefast
Shankland
Shoaf
shorn
shorterst
si
s'i
siano
sibi
siccome
Sichaeus
sicome
Siena
Sienese
sigillo
signa
signalling
significato
silentes
silentio
silentium
silenzio
silva
Silvius
simbologie
similetic
similis
similitudini
Simina
Simonelli
Simonelli's
Simonetta
simoniac
simoniaci
Simoniaci
simoniacs
Simoniacs
simpliciter
sineddoche
sinistra
Sinon
Sinon's
sint
sintactically
s'intende
Sipa
Sirmiae
Sirmium
Siro
sive
Sixtus
skandalon
skappare
skelter
Slatkine
Slavini
smarrita
smarriti
smarrito
soave
Soci
Societ
Soddoma
Sodoma
sodomia
sodomitic
s'offerse
soggioga
soglion
soi
soit
sola
Soldanieri
solet
Solinus
solita
solitaria
soltanto
solum
sommersi
sommesse
sommo
somnium
somnum
somnus
sonetto
sonno
s'oppone
sopra
sor
sora
Soracte
Sordello
sospesi
sospiri
sostenette
Soteriology
Sotto
sousmet
Sowell
Spaggiari
spaldi
spatiosa
spazio
Specchio
speme
spendereccia
Spera
speranza
Sperone
Speronella
Speroni
Speroni's
spes
spirating
spirito
spirti
Spitzer
Spoleto
sporca
spuma
squadrare
Squarotti
ss
sta
Staatsbibliothek
Stabile
Stanislao
starf
Statian
Statius
Statius's
Statmore
stato
Staunen
Stefanini
stelle
stemma
Stephany
Stephany's
stesse
steteruntque
Stierle
stil
Stilnovo
stimolati
stipa
stipare
stivare
stoltissima
storia
Storia
storiche
storico
Storico
stormcloud
Stornei
strazio
stretto
Stricca
strinse
Strumenti
strupatori
strupo
struttura
strutturale
studi
Studi
Studia
studiare
Studien
studii
Stull
stultam
stupro
stuprum
su
sua
substituing
Suetonian
sui
Suitner
sul
Sul
sulla
sull'alto
sull'Alto
Summa
summum
sumus
sunt
suo
suoi
suon
suono
suos
superanda
superba
superbia
superbis
superbo
superbum
Superiore
suppressit
surpise
surse
sursum
suscitans
suso
Sussidi
Swineface
symbole
synaesthesia
Synaesthesia
synecdoche
Syracusan
Taaffe
Taaffe's
tace
tacite
Tagliacozzo
tal
talionis
Tallone
Tambura
Tamburri
tanquam
tanto
tardi
Tartari
Tartaro
Tartarus
Tasso
Tateo
tavola
Tavoni
te
Tebaldello
Tegghiaio
tegi
tegmine
Telephus
tema
Tematiche
temesse
temnere
tempi
Templars
tempta
tenebrae
tenni
tentano
tentato
tenuis
tenutosi
tenzone
Tenzone
tenzoni
Teodolinda
teologia
tercet
tercets
Terdiman
Terentian
Terentii
tergemini
termine
terra
terram
terreat
terreno
terrestre
terza
terzina
terzine
Tesauro
Teseo
Tesiphone
Tesoretto
Tesoro
testa
testatur
testi
Testi
testmentless
testo
Testo
testuale
Texten
Tha
Theb
Thebaid
Theban
Thebans
themelves
thenote
theol
Theol
theologica
theologice
theologized
Theologus
Thessalian
Thessalonica
Thibault
Thomas's
Thomist
thornbush
tibi
Tibullus
tierce
Tilo
timui
tipologici
tipologico
tiranni
tiranno
Tiresia
tiro
Tirrenia
Tisiphone
Tityus
Todi
Toja'a
tolgo
tombe
Tommaseo
Tommaso
topo
topoi
topos
Toppo
Torino
tornando
tornar
Tornielli
Torquato
Torraca
Torraca's
torre
tost
Totila
totum
Tozer
Tozer's
tra
Tra
Traditio
traditonally
tradizione
Tradizione
traged
tragedia
tranformations
transgredientes
transizione
translatio
Trask
trasseci
Trastevere
tratte
tratto
traveller
traversa
traversata
tre
Tre
Trecento
tremesse
Tres
tresca
Tresor
Trésor
trestizia
Treviso
tribus
tricorporis
Trifon
Trinit
Trinitate
trinome
Triolo
tripleness
Tristano
Tristia
Tristitia
tristo
Troades
troppo
trovare
trovassero
trovatori
Trucchi
Truijen
truono
Truscott
tu
Tu
tua
tuae
tuam
tuit
tulitque
tunc
Tunc
tuos
turbata
turbato
Turmbau
Turnus
Turnus's
turpe
turris
Tuscans
tutta
tutte
tutto
tuum
tuus
Tydeus
typologische
tyrannus
Ubaldini
Ubaldino
Uberti
Ubertino
ubi
Ubi
ubidente
uconn
udir
Uglolino
Ugolino
Ugolino's
Uguccione
Uguiccione
Ulisse
Ulisseana
Ulixes
Ulyssean
umana
umano
umbelicus
umbrae
umile
un
Un
una
unA
Un'altra
unattempted
und
undercalculates
undescribed
undici
Undivine
un'enciclopedia
uner
un'immagine
Un'interpretazione
Universit
universitaire
uno
Un'osservazione
Unriddled
untilled
untraversed
unum
unus
uomini
ur
urbe
Urbino
uscicci
uscirne
Ut
utrumque
va
vadam
vadorum
vaincre
Valdichiana
Valdonega
valens
Valerio
Valerius
Valla
valle
Vallombrosa
Vallone
valore
Valore
valorized
Valter
vanae
Vandelli
vanto
Vas
Vasoli
vasta
vastitas
vates
Vazzana
vecchia
Vecchiarelli
vede
veglio
Veglio
vegno
vel
Velli's
Vellutello
Vellutello's
veltro
Veltro
Venantius
vene
Venedico
Venedico's
veneta
Veneto
venias
Ventadour
ventesimo
venti
vento
ventun
ventura
Venus's
ver
vera
veras
Vercelli
Verdicchio
vere
verga
verghetta
Vergilius
Vergils
vergine
vergini
vergogna
verisimilar
verit
vermo
vero
Verri
Verrucchio
versi
vertens
vertere
vesta
vestigia
vestra
Vexilla
viaggio
viam
vias
Vicenza
viddi
vident
videtur
vidi
Vigna
Vigna's
Vigne
Vignuzzi's
vilissima
villanello
Villani
Villani's
villano
vilt
viltade
Vinay
Vincenzo
Vinea
vinse
violare
violatore
violentiam
violenza
vir
virga
Virgile
Virgilian
virgilienne
virgiliens
Virgilii
virginiana
Virginiana
virginis
virgo
viri
virt
virtutum
virum
Visconti
Visio
visione
visiones
visionis
Vitaliano
vite
Viterbo
vittoria
viturative
vivemo
vivente
viventes
vivesse
vivi
VN
vobis
vocata
Vocavitque
voce
Vocem
voces
vocet
voi
Voi
volens
voler
volere
volgare
volnere
volo
volont
volse
volta
volte
volui
voluit
voluntas
voluto
von
vos
Vos
vostre
vostri
vostro
Vrin
vulgari
vulgaris
vulgariter
vulgata
vulgo
vulgus
vulpeculae
vuole
vuolsi
vv
Vv
Waib
Waltherius
Werge
Wigodsky
Wlassics
www
xl
XLVII
xomm
XXV's
xylon
yesternight
Ypocresia
Ytalia
zab
Zai
Zama
Zambrasi
zanca
Zanca
zanche
Zanche
Zanichelli
Zauli
Zennaro
Zimmermann
zu
zum
zur
Zygmunt
